2017-10-24 10:07:23,929:WARNING:discord.client: PyNaCl is not installed, voice will NOT be supported
2017-10-24 10:07:23,929:INFO:discord.client: on_command_error has successfully been registered as an event
2017-10-24 10:07:23,932:INFO:discord: Serverdict Loaded Successfully
2017-10-24 10:07:23,938:INFO:discord.client: on_ready has successfully been registered as an event
2017-10-24 10:07:23,938:INFO:discord.client: on_server_join has successfully been registered as an event
2017-10-24 10:07:23,938:INFO:discord.client: on_server_remove has successfully been registered as an event
2017-10-24 10:07:23,938:INFO:discord.client: on_member_join has successfully been registered as an event
2017-10-24 10:07:23,940:INFO:discord.client: on_message has successfully been registered as an event
2017-10-24 10:07:23,941:INFO:discord.client: logging in using static token
2017-10-24 10:07:24,376:INFO:discord.gateway: Created websocket connected to wss://gateway.discord.gg?encoding=json&v=6
2017-10-24 10:07:24,376:INFO:discord.gateway: sent the identify payload to create the websocket
2017-10-24 10:07:26,660:INFO:discord: Starting up...
2017-10-24 10:07:26,786:INFO:discord: Meowth! That's right!

1 servers connected.
14 members found.
2017-10-24 10:07:26,787:INFO:discord: Maintenance Tasks Started
2017-10-24 10:07:26,821:INFO:discord: Server_Cleanup ------ BEGIN ------
2017-10-24 10:07:26,822:INFO:discord: Server_Cleanup - SAVING CHANGES
2017-10-24 10:07:26,834:INFO:discord: Server_Cleanup ------ END ------
2017-10-24 10:07:26,870:INFO:discord: Channel_Cleanup ------ BEGIN ------
2017-10-24 10:07:26,870:INFO:discord: Channel_Cleanup - Server: TEST WV Pokemon Go - BEGIN CHECKING SERVER
2017-10-24 10:07:26,870:INFO:discord: Channel_Cleanup - Server: TEST WV Pokemon Go: Channel:level-5-egg-test - CHECKING
2017-10-24 10:07:26,870:INFO:discord: Channel_Cleanup - Server: TEST WV Pokemon Go: Channel:level-5-egg-test - EXISTS IN DISCORD
2017-10-24 10:07:26,871:INFO:discord: Channel_Cleanup - Server: TEST WV Pokemon Go: Channel:level-5-egg-test - MISSING FROM EXPIRY CHECK
2017-10-24 10:07:26,871:INFO:discord: Channel_Cleanup - Server: TEST WV Pokemon Go: Channel:muk-test - CHECKING
2017-10-24 10:07:26,871:INFO:discord: Channel_Cleanup - Server: TEST WV Pokemon Go: Channel:muk-test - EXISTS IN DISCORD
2017-10-24 10:07:26,871:INFO:discord: Channel_Cleanup - Server: TEST WV Pokemon Go: Channel:muk-test - MISSING FROM EXPIRY CHECK
2017-10-24 10:07:26,871:INFO:discord: Channel_Cleanup - SAVING CHANGES
2017-10-24 10:07:26,881:INFO:discord: Channel_Cleanup ------ END ------
2017-10-24 10:07:26,881:INFO:discord: Expiry_Check - level-5-egg-test
2017-10-24 10:07:26,882:INFO:discord: Expire_Channel - Channel Added To Watchlist - level-5-egg-test
2017-10-24 10:07:26,882:INFO:discord: Expiry_Check - muk-test
2017-10-24 10:07:26,882:INFO:discord: Expire_Channel - Channel Added To Watchlist - muk-test
2017-10-24 10:17:26,922:INFO:discord: Channel_Cleanup ------ BEGIN ------
2017-10-24 10:17:26,922:INFO:discord: Channel_Cleanup - Server: TEST WV Pokemon Go - BEGIN CHECKING SERVER
2017-10-24 10:17:26,922:INFO:discord: Channel_Cleanup - Server: TEST WV Pokemon Go: Channel:level-5-egg-test - CHECKING
2017-10-24 10:17:26,922:INFO:discord: Channel_Cleanup - Server: TEST WV Pokemon Go: Channel:level-5-egg-test - EXISTS IN DISCORD
2017-10-24 10:17:26,922:INFO:discord: Channel_Cleanup - Server: TEST WV Pokemon Go: Channel:muk-test - CHECKING
2017-10-24 10:17:26,922:INFO:discord: Channel_Cleanup - Server: TEST WV Pokemon Go: Channel:muk-test - EXISTS IN DISCORD
2017-10-24 10:17:26,922:INFO:discord: Channel_Cleanup - SAVING CHANGES
2017-10-24 10:17:26,933:INFO:discord: Channel_Cleanup ------ END ------
2017-10-24 10:27:26,955:INFO:discord: Channel_Cleanup ------ BEGIN ------
2017-10-24 10:27:26,955:INFO:discord: Channel_Cleanup - Server: TEST WV Pokemon Go - BEGIN CHECKING SERVER
2017-10-24 10:27:26,956:INFO:discord: Channel_Cleanup - Server: TEST WV Pokemon Go: Channel:level-5-egg-test - CHECKING
2017-10-24 10:27:26,956:INFO:discord: Channel_Cleanup - Server: TEST WV Pokemon Go: Channel:level-5-egg-test - EXISTS IN DISCORD
2017-10-24 10:27:26,956:INFO:discord: Channel_Cleanup - Server: TEST WV Pokemon Go: Channel:muk-test - CHECKING
2017-10-24 10:27:26,956:INFO:discord: Channel_Cleanup - Server: TEST WV Pokemon Go: Channel:muk-test - EXISTS IN DISCORD
2017-10-24 10:27:26,956:INFO:discord: Channel_Cleanup - SAVING CHANGES
2017-10-24 10:27:26,969:INFO:discord: Channel_Cleanup ------ END ------
2017-10-24 10:35:57,036:INFO:discord: Expire_Channel - Channel Expired And Removed From Watchlist - level-5-egg-test
2017-10-24 10:35:57,036:INFO:discord: Expire_Channel - level-5-egg-test
2017-10-24 10:35:57,036:INFO:discord: Expire_Channel - Channel Expired - level-5-egg-test
2017-10-24 10:37:26,859:INFO:discord: Server_Cleanup ------ BEGIN ------
2017-10-24 10:37:26,859:INFO:discord: Server_Cleanup - SAVING CHANGES
2017-10-24 10:37:26,872:INFO:discord: Server_Cleanup ------ END ------
2017-10-24 10:37:27,008:INFO:discord: Channel_Cleanup ------ BEGIN ------
2017-10-24 10:37:27,008:INFO:discord: Channel_Cleanup - Server: TEST WV Pokemon Go - BEGIN CHECKING SERVER
2017-10-24 10:37:27,008:INFO:discord: Channel_Cleanup - Server: TEST WV Pokemon Go: Channel:level-5-egg-test - CHECKING
2017-10-24 10:37:27,009:INFO:discord: Channel_Cleanup - Server: TEST WV Pokemon Go: Channel:level-5-egg-test - EXISTS IN DISCORD
2017-10-24 10:37:27,009:INFO:discord: Channel_Cleanup - Server: TEST WV Pokemon Go: Channel:level-5-egg-test - = RECENTLY EXPIRED NONACTIVE RAID
2017-10-24 10:37:27,009:INFO:discord: Channel_Cleanup - Server: TEST WV Pokemon Go: Channel:level-5-egg-test - = RECENTLY EXPIRED NONACTIVE RAID
2017-10-24 10:37:27,009:INFO:discord: Channel_Cleanup - Server: TEST WV Pokemon Go: Channel:muk-test - CHECKING
2017-10-24 10:37:27,009:INFO:discord: Channel_Cleanup - Server: TEST WV Pokemon Go: Channel:muk-test - EXISTS IN DISCORD
2017-10-24 10:37:27,009:INFO:discord: Channel_Cleanup - SAVING CHANGES
2017-10-24 10:37:27,020:INFO:discord: Channel_Cleanup ------ END ------
2017-10-24 10:37:27,020:INFO:discord: Expire_Channel - level-5-egg-test
2017-10-24 10:37:27,020:INFO:discord: Expire_Channel - Channel Expired - level-5-egg-test
2017-10-24 10:37:27,021:INFO:discord: Expire_Channel - level-5-egg-test
2017-10-24 10:37:27,021:INFO:discord: Expire_Channel - Channel Expired - level-5-egg-test
2017-10-24 10:47:27,069:INFO:discord: Channel_Cleanup ------ BEGIN ------
2017-10-24 10:47:27,069:INFO:discord: Channel_Cleanup - Server: TEST WV Pokemon Go - BEGIN CHECKING SERVER
2017-10-24 10:47:27,069:INFO:discord: Channel_Cleanup - Server: TEST WV Pokemon Go: Channel:level-5-egg-test - CHECKING
2017-10-24 10:47:27,069:INFO:discord: Channel_Cleanup - Server: TEST WV Pokemon Go: Channel:level-5-egg-test - EXISTS IN DISCORD
2017-10-24 10:47:27,069:INFO:discord: Channel_Cleanup - Server: TEST WV Pokemon Go: Channel:level-5-egg-test - = RECENTLY EXPIRED NONACTIVE RAID
2017-10-24 10:47:27,069:INFO:discord: Channel_Cleanup - Server: TEST WV Pokemon Go: Channel:level-5-egg-test - = RECENTLY EXPIRED NONACTIVE RAID
2017-10-24 10:47:27,069:INFO:discord: Channel_Cleanup - Server: TEST WV Pokemon Go: Channel:muk-test - CHECKING
2017-10-24 10:47:27,069:INFO:discord: Channel_Cleanup - Server: TEST WV Pokemon Go: Channel:muk-test - EXISTS IN DISCORD
2017-10-24 10:47:27,069:INFO:discord: Channel_Cleanup - SAVING CHANGES
2017-10-24 10:47:27,084:INFO:discord: Channel_Cleanup ------ END ------
2017-10-24 10:47:27,084:INFO:discord: Expire_Channel - level-5-egg-test
2017-10-24 10:47:27,084:INFO:discord: Expire_Channel - Channel Expired - level-5-egg-test
2017-10-24 10:47:27,084:INFO:discord: Expire_Channel - level-5-egg-test
2017-10-24 10:47:27,084:INFO:discord: Expire_Channel - Channel Expired - level-5-egg-test
2017-10-24 10:49:27,131:INFO:discord: Expire_Channel - Channel Expired And Removed From Watchlist - muk-test
2017-10-24 10:49:27,131:INFO:discord: Expire_Channel - muk-test
2017-10-24 10:49:27,131:INFO:discord: Expire_Channel - Channel Expired - muk-test
2017-10-24 10:50:29,364:INFO:discord: Expire_Channel - Channel Deleted - level-5-egg-test
2017-10-24 10:54:00,213:INFO:discord: Expire_Channel - Channel Deleted - muk-test
2017-10-24 10:57:27,128:INFO:discord: Channel_Cleanup ------ BEGIN ------
2017-10-24 10:57:27,129:INFO:discord: Channel_Cleanup - Server: TEST WV Pokemon Go - BEGIN CHECKING SERVER
2017-10-24 10:57:27,129:INFO:discord: Channel_Cleanup - SAVING CHANGES
2017-10-24 10:57:27,146:INFO:discord: Channel_Cleanup ------ END ------
2017-10-24 11:07:26,920:INFO:discord: Server_Cleanup ------ BEGIN ------
2017-10-24 11:07:26,920:INFO:discord: Server_Cleanup - SAVING CHANGES
2017-10-24 11:07:26,936:INFO:discord: Server_Cleanup ------ END ------
2017-10-24 11:07:27,151:INFO:discord: Channel_Cleanup ------ BEGIN ------
2017-10-24 11:07:27,151:INFO:discord: Channel_Cleanup - Server: TEST WV Pokemon Go - BEGIN CHECKING SERVER
2017-10-24 11:07:27,151:INFO:discord: Channel_Cleanup - SAVING CHANGES
2017-10-24 11:07:27,167:INFO:discord: Channel_Cleanup ------ END ------
2017-10-24 11:17:27,196:INFO:discord: Channel_Cleanup ------ BEGIN ------
2017-10-24 11:17:27,196:INFO:discord: Channel_Cleanup - Server: TEST WV Pokemon Go - BEGIN CHECKING SERVER
2017-10-24 11:17:27,196:INFO:discord: Channel_Cleanup - SAVING CHANGES
2017-10-24 11:17:27,211:INFO:discord: Channel_Cleanup ------ END ------
2017-10-24 11:27:27,207:INFO:discord: Channel_Cleanup ------ BEGIN ------
2017-10-24 11:27:27,207:INFO:discord: Channel_Cleanup - Server: TEST WV Pokemon Go - BEGIN CHECKING SERVER
2017-10-24 11:27:27,207:INFO:discord: Channel_Cleanup - SAVING CHANGES
2017-10-24 11:27:27,228:INFO:discord: Channel_Cleanup ------ END ------
2017-10-24 11:37:26,941:INFO:discord: Server_Cleanup ------ BEGIN ------
2017-10-24 11:37:26,941:INFO:discord: Server_Cleanup - SAVING CHANGES
2017-10-24 11:37:26,966:INFO:discord: Server_Cleanup ------ END ------
2017-10-24 11:37:27,226:INFO:discord: Channel_Cleanup ------ BEGIN ------
2017-10-24 11:37:27,226:INFO:discord: Channel_Cleanup - Server: TEST WV Pokemon Go - BEGIN CHECKING SERVER
2017-10-24 11:37:27,226:INFO:discord: Channel_Cleanup - SAVING CHANGES
2017-10-24 11:37:27,242:INFO:discord: Channel_Cleanup ------ END ------
2017-10-24 11:47:13,418:INFO:discord: Expiry_Check - muk-test
2017-10-24 11:47:13,418:INFO:discord: Expire_Channel - Channel Added To Watchlist - muk-test
2017-10-24 11:47:27,264:INFO:discord: Channel_Cleanup ------ BEGIN ------
2017-10-24 11:47:27,264:INFO:discord: Channel_Cleanup - Server: TEST WV Pokemon Go - BEGIN CHECKING SERVER
2017-10-24 11:47:27,264:INFO:discord: Channel_Cleanup - Server: TEST WV Pokemon Go: Channel:muk-test - CHECKING
2017-10-24 11:47:27,264:INFO:discord: Channel_Cleanup - Server: TEST WV Pokemon Go: Channel:muk-test - EXISTS IN DISCORD
2017-10-24 11:47:27,264:INFO:discord: Channel_Cleanup - SAVING CHANGES
2017-10-24 11:47:27,276:INFO:discord: Channel_Cleanup ------ END ------
2017-10-24 11:57:27,308:INFO:discord: Channel_Cleanup ------ BEGIN ------
2017-10-24 11:57:27,324:INFO:discord: Channel_Cleanup - Server: TEST WV Pokemon Go - BEGIN CHECKING SERVER
2017-10-24 11:57:27,324:INFO:discord: Channel_Cleanup - Server: TEST WV Pokemon Go: Channel:muk-test - CHECKING
2017-10-24 11:57:27,324:INFO:discord: Channel_Cleanup - Server: TEST WV Pokemon Go: Channel:muk-test - EXISTS IN DISCORD
2017-10-24 11:57:27,324:INFO:discord: Channel_Cleanup - SAVING CHANGES
2017-10-24 11:57:27,340:INFO:discord: Channel_Cleanup ------ END ------
2017-10-24 12:07:26,998:INFO:discord: Server_Cleanup ------ BEGIN ------
2017-10-24 12:07:26,998:INFO:discord: Server_Cleanup - SAVING CHANGES
2017-10-24 12:07:27,013:INFO:discord: Server_Cleanup ------ END ------
2017-10-24 12:07:27,352:INFO:discord: Channel_Cleanup ------ BEGIN ------
2017-10-24 12:07:27,352:INFO:discord: Channel_Cleanup - Server: TEST WV Pokemon Go - BEGIN CHECKING SERVER
2017-10-24 12:07:27,352:INFO:discord: Channel_Cleanup - Server: TEST WV Pokemon Go: Channel:muk-test - CHECKING
2017-10-24 12:07:27,352:INFO:discord: Channel_Cleanup - Server: TEST WV Pokemon Go: Channel:muk-test - EXISTS IN DISCORD
2017-10-24 12:07:27,352:INFO:discord: Channel_Cleanup - SAVING CHANGES
2017-10-24 12:07:27,363:INFO:discord: Channel_Cleanup ------ END ------
2017-10-24 12:17:27,377:INFO:discord: Channel_Cleanup ------ BEGIN ------
2017-10-24 12:17:27,377:INFO:discord: Channel_Cleanup - Server: TEST WV Pokemon Go - BEGIN CHECKING SERVER
2017-10-24 12:17:27,377:INFO:discord: Channel_Cleanup - Server: TEST WV Pokemon Go: Channel:muk-test - CHECKING
2017-10-24 12:17:27,377:INFO:discord: Channel_Cleanup - Server: TEST WV Pokemon Go: Channel:muk-test - EXISTS IN DISCORD
2017-10-24 12:17:27,377:INFO:discord: Channel_Cleanup - SAVING CHANGES
2017-10-24 12:17:27,393:INFO:discord: Channel_Cleanup ------ END ------
2017-10-24 12:27:27,423:INFO:discord: Channel_Cleanup ------ BEGIN ------
2017-10-24 12:27:27,423:INFO:discord: Channel_Cleanup - Server: TEST WV Pokemon Go - BEGIN CHECKING SERVER
2017-10-24 12:27:27,423:INFO:discord: Channel_Cleanup - Server: TEST WV Pokemon Go: Channel:muk-test - CHECKING
2017-10-24 12:27:27,423:INFO:discord: Channel_Cleanup - Server: TEST WV Pokemon Go: Channel:muk-test - EXISTS IN DISCORD
2017-10-24 12:27:27,423:INFO:discord: Channel_Cleanup - SAVING CHANGES
2017-10-24 12:27:27,431:INFO:discord: Channel_Cleanup ------ END ------
2017-10-24 12:37:27,034:INFO:discord: Server_Cleanup ------ BEGIN ------
2017-10-24 12:37:27,034:INFO:discord: Server_Cleanup - SAVING CHANGES
2017-10-24 12:37:27,050:INFO:discord: Server_Cleanup ------ END ------
2017-10-24 12:37:27,437:INFO:discord: Channel_Cleanup ------ BEGIN ------
2017-10-24 12:37:27,437:INFO:discord: Channel_Cleanup - Server: TEST WV Pokemon Go - BEGIN CHECKING SERVER
2017-10-24 12:37:27,437:INFO:discord: Channel_Cleanup - Server: TEST WV Pokemon Go: Channel:muk-test - CHECKING
2017-10-24 12:37:27,437:INFO:discord: Channel_Cleanup - Server: TEST WV Pokemon Go: Channel:muk-test - EXISTS IN DISCORD
2017-10-24 12:37:27,437:INFO:discord: Channel_Cleanup - SAVING CHANGES
2017-10-24 12:37:27,453:INFO:discord: Channel_Cleanup ------ END ------
2017-10-24 12:47:13,852:INFO:discord: Expire_Channel - Channel Expired And Removed From Watchlist - muk-test
2017-10-24 12:47:13,852:INFO:discord: Expire_Channel - muk-test
2017-10-24 12:47:13,852:INFO:discord: Expire_Channel - Channel Expired - muk-test
2017-10-24 12:47:27,485:INFO:discord: Channel_Cleanup ------ BEGIN ------
2017-10-24 12:47:27,485:INFO:discord: Channel_Cleanup - Server: TEST WV Pokemon Go - BEGIN CHECKING SERVER
2017-10-24 12:47:27,485:INFO:discord: Channel_Cleanup - Server: TEST WV Pokemon Go: Channel:muk-test - CHECKING
2017-10-24 12:47:27,485:INFO:discord: Channel_Cleanup - Server: TEST WV Pokemon Go: Channel:muk-test - EXISTS IN DISCORD
2017-10-24 12:47:27,485:INFO:discord: Channel_Cleanup - Server: TEST WV Pokemon Go: Channel:muk-test - = RECENTLY EXPIRED NONACTIVE RAID
2017-10-24 12:47:27,485:INFO:discord: Channel_Cleanup - Server: TEST WV Pokemon Go: Channel:muk-test - = RECENTLY EXPIRED NONACTIVE RAID
2017-10-24 12:47:27,485:INFO:discord: Channel_Cleanup - SAVING CHANGES
2017-10-24 12:47:27,485:INFO:discord: Channel_Cleanup ------ END ------
2017-10-24 12:47:27,485:INFO:discord: Expire_Channel - muk-test
2017-10-24 12:47:27,485:INFO:discord: Expire_Channel - Channel Expired - muk-test
2017-10-24 12:47:27,485:INFO:discord: Expire_Channel - muk-test
2017-10-24 12:47:27,485:INFO:discord: Expire_Channel - Channel Expired - muk-test
2017-10-24 12:52:13,330:INFO:discord: Expire_Channel - Channel Deleted - muk-test
2017-10-24 12:57:27,499:INFO:discord: Channel_Cleanup ------ BEGIN ------
2017-10-24 12:57:27,499:INFO:discord: Channel_Cleanup - Server: TEST WV Pokemon Go - BEGIN CHECKING SERVER
2017-10-24 12:57:27,499:INFO:discord: Channel_Cleanup - SAVING CHANGES
2017-10-24 12:57:27,520:INFO:discord: Channel_Cleanup ------ END ------
2017-10-24 13:07:27,063:INFO:discord: Server_Cleanup ------ BEGIN ------
2017-10-24 13:07:27,064:INFO:discord: Server_Cleanup - SAVING CHANGES
2017-10-24 13:07:27,074:INFO:discord: Server_Cleanup ------ END ------
2017-10-24 13:07:27,533:INFO:discord: Channel_Cleanup ------ BEGIN ------
2017-10-24 13:07:27,534:INFO:discord: Channel_Cleanup - Server: TEST WV Pokemon Go - BEGIN CHECKING SERVER
2017-10-24 13:07:27,534:INFO:discord: Channel_Cleanup - SAVING CHANGES
2017-10-24 13:07:27,543:INFO:discord: Channel_Cleanup ------ END ------
2017-10-24 13:17:27,568:INFO:discord: Channel_Cleanup ------ BEGIN ------
2017-10-24 13:17:27,568:INFO:discord: Channel_Cleanup - Server: TEST WV Pokemon Go - BEGIN CHECKING SERVER
2017-10-24 13:17:27,568:INFO:discord: Channel_Cleanup - SAVING CHANGES
2017-10-24 13:17:27,568:INFO:discord: Channel_Cleanup ------ END ------
2017-10-24 13:27:27,575:INFO:discord: Channel_Cleanup ------ BEGIN ------
2017-10-24 13:27:27,575:INFO:discord: Channel_Cleanup - Server: TEST WV Pokemon Go - BEGIN CHECKING SERVER
2017-10-24 13:27:27,575:INFO:discord: Channel_Cleanup - SAVING CHANGES
2017-10-24 13:27:27,598:INFO:discord: Channel_Cleanup ------ END ------
2017-10-24 13:37:27,085:INFO:discord: Server_Cleanup ------ BEGIN ------
2017-10-24 13:37:27,085:INFO:discord: Server_Cleanup - SAVING CHANGES
2017-10-24 13:37:27,100:INFO:discord: Server_Cleanup ------ END ------
2017-10-24 13:37:27,602:INFO:discord: Channel_Cleanup ------ BEGIN ------
2017-10-24 13:37:27,602:INFO:discord: Channel_Cleanup - Server: TEST WV Pokemon Go - BEGIN CHECKING SERVER
2017-10-24 13:37:27,602:INFO:discord: Channel_Cleanup - SAVING CHANGES
2017-10-24 13:37:27,617:INFO:discord: Channel_Cleanup ------ END ------
2017-10-24 13:47:27,664:INFO:discord: Channel_Cleanup ------ BEGIN ------
2017-10-24 13:47:27,664:INFO:discord: Channel_Cleanup - Server: TEST WV Pokemon Go - BEGIN CHECKING SERVER
2017-10-24 13:47:27,664:INFO:discord: Channel_Cleanup - SAVING CHANGES
2017-10-24 13:47:27,666:INFO:discord: Channel_Cleanup ------ END ------
2017-10-24 13:57:27,679:INFO:discord: Channel_Cleanup ------ BEGIN ------
2017-10-24 13:57:27,679:INFO:discord: Channel_Cleanup - Server: TEST WV Pokemon Go - BEGIN CHECKING SERVER
2017-10-24 13:57:27,679:INFO:discord: Channel_Cleanup - SAVING CHANGES
2017-10-24 13:57:27,694:INFO:discord: Channel_Cleanup ------ END ------
2017-10-24 14:07:27,118:INFO:discord: Server_Cleanup ------ BEGIN ------
2017-10-24 14:07:27,118:INFO:discord: Server_Cleanup - SAVING CHANGES
2017-10-24 14:07:27,140:INFO:discord: Server_Cleanup ------ END ------
2017-10-24 14:07:27,688:INFO:discord: Channel_Cleanup ------ BEGIN ------
2017-10-24 14:07:27,688:INFO:discord: Channel_Cleanup - Server: TEST WV Pokemon Go - BEGIN CHECKING SERVER
2017-10-24 14:07:27,688:INFO:discord: Channel_Cleanup - SAVING CHANGES
2017-10-24 14:07:27,703:INFO:discord: Channel_Cleanup ------ END ------
2017-10-24 14:17:27,714:INFO:discord: Channel_Cleanup ------ BEGIN ------
2017-10-24 14:17:27,714:INFO:discord: Channel_Cleanup - Server: TEST WV Pokemon Go - BEGIN CHECKING SERVER
2017-10-24 14:17:27,714:INFO:discord: Channel_Cleanup - SAVING CHANGES
2017-10-24 14:17:27,730:INFO:discord: Channel_Cleanup ------ END ------
2017-10-24 14:27:27,777:INFO:discord: Channel_Cleanup ------ BEGIN ------
2017-10-24 14:27:27,777:INFO:discord: Channel_Cleanup - Server: TEST WV Pokemon Go - BEGIN CHECKING SERVER
2017-10-24 14:27:27,778:INFO:discord: Channel_Cleanup - SAVING CHANGES
2017-10-24 14:27:27,797:INFO:discord: Channel_Cleanup ------ END ------
2017-10-24 14:37:27,171:INFO:discord: Server_Cleanup ------ BEGIN ------
2017-10-24 14:37:27,171:INFO:discord: Server_Cleanup - SAVING CHANGES
2017-10-24 14:37:27,187:INFO:discord: Server_Cleanup ------ END ------
2017-10-24 14:37:27,809:INFO:discord: Channel_Cleanup ------ BEGIN ------
2017-10-24 14:37:27,809:INFO:discord: Channel_Cleanup - Server: TEST WV Pokemon Go - BEGIN CHECKING SERVER
2017-10-24 14:37:27,809:INFO:discord: Channel_Cleanup - SAVING CHANGES
2017-10-24 14:37:27,824:INFO:discord: Channel_Cleanup ------ END ------
2017-10-24 14:47:27,856:INFO:discord: Channel_Cleanup ------ BEGIN ------
2017-10-24 14:47:27,856:INFO:discord: Channel_Cleanup - Server: TEST WV Pokemon Go - BEGIN CHECKING SERVER
2017-10-24 14:47:27,856:INFO:discord: Channel_Cleanup - SAVING CHANGES
2017-10-24 14:47:27,868:INFO:discord: Channel_Cleanup ------ END ------
2017-10-24 14:57:27,907:INFO:discord: Channel_Cleanup ------ BEGIN ------
2017-10-24 14:57:27,907:INFO:discord: Channel_Cleanup - Server: TEST WV Pokemon Go - BEGIN CHECKING SERVER
2017-10-24 14:57:27,907:INFO:discord: Channel_Cleanup - SAVING CHANGES
2017-10-24 14:57:27,913:INFO:discord: Channel_Cleanup ------ END ------
2017-10-24 15:07:27,246:INFO:discord: Server_Cleanup ------ BEGIN ------
2017-10-24 15:07:27,247:INFO:discord: Server_Cleanup - SAVING CHANGES
2017-10-24 15:07:27,253:INFO:discord: Server_Cleanup ------ END ------
2017-10-24 15:07:27,916:INFO:discord: Channel_Cleanup ------ BEGIN ------
2017-10-24 15:07:27,916:INFO:discord: Channel_Cleanup - Server: TEST WV Pokemon Go - BEGIN CHECKING SERVER
2017-10-24 15:07:27,916:INFO:discord: Channel_Cleanup - SAVING CHANGES
2017-10-24 15:07:27,932:INFO:discord: Channel_Cleanup ------ END ------
2017-10-24 15:17:27,937:INFO:discord: Channel_Cleanup ------ BEGIN ------
2017-10-24 15:17:27,937:INFO:discord: Channel_Cleanup - Server: TEST WV Pokemon Go - BEGIN CHECKING SERVER
2017-10-24 15:17:27,937:INFO:discord: Channel_Cleanup - SAVING CHANGES
2017-10-24 15:17:27,953:INFO:discord: Channel_Cleanup ------ END ------
2017-10-24 15:27:27,961:INFO:discord: Channel_Cleanup ------ BEGIN ------
2017-10-24 15:27:27,961:INFO:discord: Channel_Cleanup - Server: TEST WV Pokemon Go - BEGIN CHECKING SERVER
2017-10-24 15:27:27,961:INFO:discord: Channel_Cleanup - SAVING CHANGES
2017-10-24 15:27:27,982:INFO:discord: Channel_Cleanup ------ END ------
2017-10-24 15:37:27,277:INFO:discord: Server_Cleanup ------ BEGIN ------
2017-10-24 15:37:27,278:INFO:discord: Server_Cleanup - SAVING CHANGES
2017-10-24 15:37:27,287:INFO:discord: Server_Cleanup ------ END ------
2017-10-24 15:37:27,998:INFO:discord: Channel_Cleanup ------ BEGIN ------
2017-10-24 15:37:27,998:INFO:discord: Channel_Cleanup - Server: TEST WV Pokemon Go - BEGIN CHECKING SERVER
2017-10-24 15:37:27,998:INFO:discord: Channel_Cleanup - SAVING CHANGES
2017-10-24 15:37:28,014:INFO:discord: Channel_Cleanup ------ END ------
2017-10-24 15:47:28,064:INFO:discord: Channel_Cleanup ------ BEGIN ------
2017-10-24 15:47:28,064:INFO:discord: Channel_Cleanup - Server: TEST WV Pokemon Go - BEGIN CHECKING SERVER
2017-10-24 15:47:28,064:INFO:discord: Channel_Cleanup - SAVING CHANGES
2017-10-24 15:47:28,081:INFO:discord: Channel_Cleanup ------ END ------
2017-10-24 15:57:28,099:INFO:discord: Channel_Cleanup ------ BEGIN ------
2017-10-24 15:57:28,099:INFO:discord: Channel_Cleanup - Server: TEST WV Pokemon Go - BEGIN CHECKING SERVER
2017-10-24 15:57:28,099:INFO:discord: Channel_Cleanup - SAVING CHANGES
2017-10-24 15:57:28,107:INFO:discord: Channel_Cleanup ------ END ------
2017-10-24 16:07:27,304:INFO:discord: Server_Cleanup ------ BEGIN ------
2017-10-24 16:07:27,304:INFO:discord: Server_Cleanup - SAVING CHANGES
2017-10-24 16:07:27,320:INFO:discord: Server_Cleanup ------ END ------
2017-10-24 16:07:28,131:INFO:discord: Channel_Cleanup ------ BEGIN ------
2017-10-24 16:07:28,131:INFO:discord: Channel_Cleanup - Server: TEST WV Pokemon Go - BEGIN CHECKING SERVER
2017-10-24 16:07:28,131:INFO:discord: Channel_Cleanup - SAVING CHANGES
2017-10-24 16:07:28,147:INFO:discord: Channel_Cleanup ------ END ------
2017-10-24 16:17:28,188:INFO:discord: Channel_Cleanup ------ BEGIN ------
2017-10-24 16:17:28,188:INFO:discord: Channel_Cleanup - Server: TEST WV Pokemon Go - BEGIN CHECKING SERVER
2017-10-24 16:17:28,189:INFO:discord: Channel_Cleanup - SAVING CHANGES
2017-10-24 16:17:28,193:INFO:discord: Channel_Cleanup ------ END ------
2017-10-24 16:27:28,213:INFO:discord: Channel_Cleanup ------ BEGIN ------
2017-10-24 16:27:28,213:INFO:discord: Channel_Cleanup - Server: TEST WV Pokemon Go - BEGIN CHECKING SERVER
2017-10-24 16:27:28,213:INFO:discord: Channel_Cleanup - SAVING CHANGES
2017-10-24 16:27:28,229:INFO:discord: Channel_Cleanup ------ END ------
2017-10-24 16:37:27,337:INFO:discord: Server_Cleanup ------ BEGIN ------
2017-10-24 16:37:27,337:INFO:discord: Server_Cleanup - SAVING CHANGES
2017-10-24 16:37:27,344:INFO:discord: Server_Cleanup ------ END ------
2017-10-24 16:37:28,235:INFO:discord: Channel_Cleanup ------ BEGIN ------
2017-10-24 16:37:28,235:INFO:discord: Channel_Cleanup - Server: TEST WV Pokemon Go - BEGIN CHECKING SERVER
2017-10-24 16:37:28,236:INFO:discord: Channel_Cleanup - SAVING CHANGES
2017-10-24 16:37:28,242:INFO:discord: Channel_Cleanup ------ END ------
2017-10-24 16:47:28,255:INFO:discord: Channel_Cleanup ------ BEGIN ------
2017-10-24 16:47:28,255:INFO:discord: Channel_Cleanup - Server: TEST WV Pokemon Go - BEGIN CHECKING SERVER
2017-10-24 16:47:28,255:INFO:discord: Channel_Cleanup - SAVING CHANGES
2017-10-24 16:47:28,261:INFO:discord: Channel_Cleanup ------ END ------
2017-10-24 16:57:28,273:INFO:discord: Channel_Cleanup ------ BEGIN ------
2017-10-24 16:57:28,273:INFO:discord: Channel_Cleanup - Server: TEST WV Pokemon Go - BEGIN CHECKING SERVER
2017-10-24 16:57:28,273:INFO:discord: Channel_Cleanup - SAVING CHANGES
2017-10-24 16:57:28,281:INFO:discord: Channel_Cleanup ------ END ------
2017-10-24 17:07:27,362:INFO:discord: Server_Cleanup ------ BEGIN ------
2017-10-24 17:07:27,362:INFO:discord: Server_Cleanup - SAVING CHANGES
2017-10-24 17:07:27,370:INFO:discord: Server_Cleanup ------ END ------
2017-10-24 17:07:28,291:INFO:discord: Channel_Cleanup ------ BEGIN ------
2017-10-24 17:07:28,292:INFO:discord: Channel_Cleanup - Server: TEST WV Pokemon Go - BEGIN CHECKING SERVER
2017-10-24 17:07:28,292:INFO:discord: Channel_Cleanup - SAVING CHANGES
2017-10-24 17:07:28,303:INFO:discord: Channel_Cleanup ------ END ------
2017-10-24 17:17:28,242:INFO:discord: Channel_Cleanup ------ BEGIN ------
2017-10-24 17:17:28,242:INFO:discord: Channel_Cleanup - Server: TEST WV Pokemon Go - BEGIN CHECKING SERVER
2017-10-24 17:17:28,242:INFO:discord: Channel_Cleanup - SAVING CHANGES
2017-10-24 17:17:28,250:INFO:discord: Channel_Cleanup ------ END ------
2017-10-24 17:27:28,083:INFO:discord: Channel_Cleanup ------ BEGIN ------
2017-10-24 17:27:28,083:INFO:discord: Channel_Cleanup - Server: TEST WV Pokemon Go - BEGIN CHECKING SERVER
2017-10-24 17:27:28,083:INFO:discord: Channel_Cleanup - SAVING CHANGES
2017-10-24 17:27:28,098:INFO:discord: Channel_Cleanup ------ END ------
2017-10-24 17:37:26,979:INFO:discord: Server_Cleanup ------ BEGIN ------
2017-10-24 17:37:26,979:INFO:discord: Server_Cleanup - SAVING CHANGES
2017-10-24 17:37:26,994:INFO:discord: Server_Cleanup ------ END ------
2017-10-24 17:37:28,000:INFO:discord: Channel_Cleanup ------ BEGIN ------
2017-10-24 17:37:28,000:INFO:discord: Channel_Cleanup - Server: TEST WV Pokemon Go - BEGIN CHECKING SERVER
2017-10-24 17:37:28,001:INFO:discord: Channel_Cleanup - SAVING CHANGES
2017-10-24 17:37:28,009:INFO:discord: Channel_Cleanup ------ END ------
[06/11/2017 11:06] INFO __main__ <module> 54: Serverdict Loaded Successfully
[06/11/2017 11:06] INFO __main__ _print 568: Starting up...
[06/11/2017 11:06] INFO __main__ _print 568: Meowth! That's right!

1 servers connected.
14 members found.
[06/11/2017 11:06] INFO __main__ maint_start 574: Maintenance Tasks Started
[06/11/2017 11:06] INFO __main__ server_cleanup 532: Server_Cleanup ------ BEGIN ------
[06/11/2017 11:06] INFO __main__ server_cleanup 554: Server_Cleanup - SAVING CHANGES
[06/11/2017 11:06] INFO __main__ server_cleanup 559: Server_Cleanup ------ END ------
[06/11/2017 11:06] INFO __main__ channel_cleanup 382: Channel_Cleanup ------ BEGIN ------
[06/11/2017 11:06] INFO __main__ channel_cleanup 388: Channel_Cleanup - Server: TEST WV Pokemon Go - BEGIN CHECKING SERVER
[06/11/2017 11:06] INFO __main__ channel_cleanup 398: Channel_Cleanup - Server: TEST WV Pokemon Go: Channel:metapod-test - CHECKING
[06/11/2017 11:06] INFO __main__ channel_cleanup 405: Channel_Cleanup - Server: TEST WV Pokemon Go: Channel:metapod-test - DOESN'T EXIST IN DISCORD
[06/11/2017 11:06] INFO __main__ channel_cleanup 398: Channel_Cleanup - Server: TEST WV Pokemon Go: Channel:level-5-egg-test - CHECKING
[06/11/2017 11:06] INFO __main__ channel_cleanup 405: Channel_Cleanup - Server: TEST WV Pokemon Go: Channel:level-5-egg-test - DOESN'T EXIST IN DISCORD
[06/11/2017 11:06] INFO __main__ channel_cleanup 398: Channel_Cleanup - Server: TEST WV Pokemon Go: Channel:level-5-egg-test - CHECKING
[06/11/2017 11:06] INFO __main__ channel_cleanup 405: Channel_Cleanup - Server: TEST WV Pokemon Go: Channel:level-5-egg-test - DOESN'T EXIST IN DISCORD
[06/11/2017 11:06] INFO __main__ channel_cleanup 398: Channel_Cleanup - Server: TEST WV Pokemon Go: Channel:level-5-egg-test - CHECKING
[06/11/2017 11:06] INFO __main__ channel_cleanup 405: Channel_Cleanup - Server: TEST WV Pokemon Go: Channel:level-5-egg-test - DOESN'T EXIST IN DISCORD
[06/11/2017 11:06] INFO __main__ channel_cleanup 398: Channel_Cleanup - Server: TEST WV Pokemon Go: Channel:level-5-egg-test - CHECKING
[06/11/2017 11:06] INFO __main__ channel_cleanup 405: Channel_Cleanup - Server: TEST WV Pokemon Go: Channel:level-5-egg-test - DOESN'T EXIST IN DISCORD
[06/11/2017 11:06] INFO __main__ channel_cleanup 398: Channel_Cleanup - Server: TEST WV Pokemon Go: Channel:level-5-egg-test - CHECKING
[06/11/2017 11:06] INFO __main__ channel_cleanup 405: Channel_Cleanup - Server: TEST WV Pokemon Go: Channel:level-5-egg-test - DOESN'T EXIST IN DISCORD
[06/11/2017 11:06] INFO __main__ channel_cleanup 398: Channel_Cleanup - Server: TEST WV Pokemon Go: Channel:level-5-egg-test - CHECKING
[06/11/2017 11:06] INFO __main__ channel_cleanup 405: Channel_Cleanup - Server: TEST WV Pokemon Go: Channel:level-5-egg-test - DOESN'T EXIST IN DISCORD
[06/11/2017 11:06] INFO __main__ channel_cleanup 398: Channel_Cleanup - Server: TEST WV Pokemon Go: Channel:level-5-egg-test - CHECKING
[06/11/2017 11:06] INFO __main__ channel_cleanup 405: Channel_Cleanup - Server: TEST WV Pokemon Go: Channel:level-5-egg-test - DOESN'T EXIST IN DISCORD
[06/11/2017 11:06] INFO __main__ channel_cleanup 496: Channel_Cleanup - Channel Savedata Cleared - metapod-test
[06/11/2017 11:06] INFO __main__ channel_cleanup 503: Channel_Cleanup - Channel Deleted - metapod-test
[06/11/2017 11:06] INFO __main__ channel_cleanup 496: Channel_Cleanup - Channel Savedata Cleared - level-5-egg-test
[06/11/2017 11:06] INFO __main__ channel_cleanup 503: Channel_Cleanup - Channel Deleted - level-5-egg-test
[06/11/2017 11:06] INFO __main__ channel_cleanup 496: Channel_Cleanup - Channel Savedata Cleared - level-5-egg-test
[06/11/2017 11:06] INFO __main__ channel_cleanup 503: Channel_Cleanup - Channel Deleted - level-5-egg-test
[06/11/2017 11:06] INFO __main__ channel_cleanup 496: Channel_Cleanup - Channel Savedata Cleared - level-5-egg-test
[06/11/2017 11:06] INFO __main__ channel_cleanup 503: Channel_Cleanup - Channel Deleted - level-5-egg-test
[06/11/2017 11:06] INFO __main__ channel_cleanup 496: Channel_Cleanup - Channel Savedata Cleared - level-5-egg-test
[06/11/2017 11:06] INFO __main__ channel_cleanup 503: Channel_Cleanup - Channel Deleted - level-5-egg-test
[06/11/2017 11:06] INFO __main__ channel_cleanup 496: Channel_Cleanup - Channel Savedata Cleared - level-5-egg-test
[06/11/2017 11:06] INFO __main__ channel_cleanup 503: Channel_Cleanup - Channel Deleted - level-5-egg-test
[06/11/2017 11:06] INFO __main__ channel_cleanup 496: Channel_Cleanup - Channel Savedata Cleared - level-5-egg-test
[06/11/2017 11:06] INFO __main__ channel_cleanup 503: Channel_Cleanup - Channel Deleted - level-5-egg-test
[06/11/2017 11:06] INFO __main__ channel_cleanup 496: Channel_Cleanup - Channel Savedata Cleared - level-5-egg-test
[06/11/2017 11:06] INFO __main__ channel_cleanup 503: Channel_Cleanup - Channel Deleted - level-5-egg-test
[06/11/2017 11:06] INFO __main__ channel_cleanup 519: Channel_Cleanup - SAVING CHANGES
[06/11/2017 11:06] INFO __main__ channel_cleanup 524: Channel_Cleanup ------ END ------
[06/11/2017 11:06] INFO __main__ expiry_check 268: Expiry_Check - suicune-test
[06/11/2017 11:06] INFO __main__ expiry_check 273: Expire_Channel - Channel Added To Watchlist - suicune-test
[06/11/2017 11:07] ERROR errors on_command_error 165: CommandInvokeError
Traceback (most recent call last):
  File "C:\Users\Brenen\AppData\Local\Programs\Python\Python36-32\lib\site-packages\discord\ext\commands\core.py", line 50, in wrapped
    ret = yield from coro(*args, **kwargs)
  File "meowth\__main__.py", line 1196, in announce
    await Meowth.delete_message(message)
  File "C:\Users\Brenen\AppData\Local\Programs\Python\Python36-32\lib\site-packages\discord\client.py", line 1263, in delete_message
    yield from self.http.delete_message(channel.id, message.id, guild_id)
  File "C:\Users\Brenen\AppData\Local\Programs\Python\Python36-32\lib\site-packages\discord\http.py", line 198, in request
    raise NotFound(r, data)
discord.errors.NotFound: NOT FOUND (status code: 404): Unknown Message

The above exception was the direct cause of the following exception:

Traceback (most recent call last):
  File "C:\Users\Brenen\AppData\Local\Programs\Python\Python36-32\lib\site-packages\discord\ext\commands\bot.py", line 846, in process_commands
    yield from command.invoke(ctx)
  File "C:\Users\Brenen\AppData\Local\Programs\Python\Python36-32\lib\site-packages\discord\ext\commands\core.py", line 374, in invoke
    yield from injected(*ctx.args, **ctx.kwargs)
  File "C:\Users\Brenen\AppData\Local\Programs\Python\Python36-32\lib\site-packages\discord\ext\commands\core.py", line 54, in wrapped
    raise CommandInvokeError(e) from e
discord.ext.commands.errors.CommandInvokeError: Command raised an exception: NotFound: NOT FOUND (status code: 404): Unknown Message
[06/11/2017 11:07] ERROR errors on_command_error 165: CommandInvokeError
Traceback (most recent call last):
  File "C:\Users\Brenen\AppData\Local\Programs\Python\Python36-32\lib\site-packages\discord\ext\commands\core.py", line 50, in wrapped
    ret = yield from coro(*args, **kwargs)
  File "meowth\__main__.py", line 1196, in announce
    await Meowth.delete_message(message)
  File "C:\Users\Brenen\AppData\Local\Programs\Python\Python36-32\lib\site-packages\discord\client.py", line 1263, in delete_message
    yield from self.http.delete_message(channel.id, message.id, guild_id)
  File "C:\Users\Brenen\AppData\Local\Programs\Python\Python36-32\lib\site-packages\discord\http.py", line 198, in request
    raise NotFound(r, data)
discord.errors.NotFound: NOT FOUND (status code: 404): Unknown Message

The above exception was the direct cause of the following exception:

Traceback (most recent call last):
  File "C:\Users\Brenen\AppData\Local\Programs\Python\Python36-32\lib\site-packages\discord\ext\commands\bot.py", line 846, in process_commands
    yield from command.invoke(ctx)
  File "C:\Users\Brenen\AppData\Local\Programs\Python\Python36-32\lib\site-packages\discord\ext\commands\core.py", line 374, in invoke
    yield from injected(*ctx.args, **ctx.kwargs)
  File "C:\Users\Brenen\AppData\Local\Programs\Python\Python36-32\lib\site-packages\discord\ext\commands\core.py", line 54, in wrapped
    raise CommandInvokeError(e) from e
discord.ext.commands.errors.CommandInvokeError: Command raised an exception: NotFound: NOT FOUND (status code: 404): Unknown Message
[06/11/2017 11:16] INFO __main__ channel_cleanup 382: Channel_Cleanup ------ BEGIN ------
[06/11/2017 11:16] INFO __main__ channel_cleanup 388: Channel_Cleanup - Server: TEST WV Pokemon Go - BEGIN CHECKING SERVER
[06/11/2017 11:16] INFO __main__ channel_cleanup 398: Channel_Cleanup - Server: TEST WV Pokemon Go: Channel:suicune-test - CHECKING
[06/11/2017 11:16] INFO __main__ channel_cleanup 405: Channel_Cleanup - Server: TEST WV Pokemon Go: Channel:suicune-test - DOESN'T EXIST IN DISCORD
[06/11/2017 11:16] INFO __main__ channel_cleanup 496: Channel_Cleanup - Channel Savedata Cleared - suicune-test
[06/11/2017 11:16] INFO __main__ channel_cleanup 503: Channel_Cleanup - Channel Deleted - suicune-test
[06/11/2017 11:16] INFO __main__ channel_cleanup 519: Channel_Cleanup - SAVING CHANGES
[06/11/2017 11:16] INFO __main__ channel_cleanup 524: Channel_Cleanup ------ END ------
[06/11/2017 11:26] INFO __main__ channel_cleanup 382: Channel_Cleanup ------ BEGIN ------
[06/11/2017 11:26] INFO __main__ channel_cleanup 388: Channel_Cleanup - Server: TEST WV Pokemon Go - BEGIN CHECKING SERVER
[06/11/2017 11:26] INFO __main__ channel_cleanup 519: Channel_Cleanup - SAVING CHANGES
[06/11/2017 11:26] INFO __main__ channel_cleanup 524: Channel_Cleanup ------ END ------
[06/11/2017 11:36] INFO __main__ server_cleanup 532: Server_Cleanup ------ BEGIN ------
[06/11/2017 11:36] INFO __main__ server_cleanup 554: Server_Cleanup - SAVING CHANGES
[06/11/2017 11:36] INFO __main__ server_cleanup 559: Server_Cleanup ------ END ------
[06/11/2017 11:36] INFO __main__ channel_cleanup 382: Channel_Cleanup ------ BEGIN ------
[06/11/2017 11:36] INFO __main__ channel_cleanup 388: Channel_Cleanup - Server: TEST WV Pokemon Go - BEGIN CHECKING SERVER
[06/11/2017 11:36] INFO __main__ channel_cleanup 519: Channel_Cleanup - SAVING CHANGES
[06/11/2017 11:36] INFO __main__ channel_cleanup 524: Channel_Cleanup ------ END ------
[06/11/2017 11:46] INFO __main__ channel_cleanup 382: Channel_Cleanup ------ BEGIN ------
[06/11/2017 11:46] INFO __main__ channel_cleanup 388: Channel_Cleanup - Server: TEST WV Pokemon Go - BEGIN CHECKING SERVER
[06/11/2017 11:46] INFO __main__ channel_cleanup 519: Channel_Cleanup - SAVING CHANGES
[06/11/2017 11:46] INFO __main__ channel_cleanup 524: Channel_Cleanup ------ END ------
[06/11/2017 11:56] INFO __main__ channel_cleanup 382: Channel_Cleanup ------ BEGIN ------
[06/11/2017 11:56] INFO __main__ channel_cleanup 388: Channel_Cleanup - Server: TEST WV Pokemon Go - BEGIN CHECKING SERVER
[06/11/2017 11:56] INFO __main__ channel_cleanup 519: Channel_Cleanup - SAVING CHANGES
[06/11/2017 11:56] INFO __main__ channel_cleanup 524: Channel_Cleanup ------ END ------
[06/11/2017 12:06] INFO __main__ server_cleanup 532: Server_Cleanup ------ BEGIN ------
[06/11/2017 12:06] INFO __main__ server_cleanup 554: Server_Cleanup - SAVING CHANGES
[06/11/2017 12:06] INFO __main__ server_cleanup 559: Server_Cleanup ------ END ------
[06/11/2017 12:06] INFO __main__ channel_cleanup 382: Channel_Cleanup ------ BEGIN ------
[06/11/2017 12:06] INFO __main__ channel_cleanup 388: Channel_Cleanup - Server: TEST WV Pokemon Go - BEGIN CHECKING SERVER
[06/11/2017 12:06] INFO __main__ channel_cleanup 519: Channel_Cleanup - SAVING CHANGES
[06/11/2017 12:06] INFO __main__ channel_cleanup 524: Channel_Cleanup ------ END ------
[06/11/2017 12:16] INFO __main__ channel_cleanup 382: Channel_Cleanup ------ BEGIN ------
[06/11/2017 12:16] INFO __main__ channel_cleanup 388: Channel_Cleanup - Server: TEST WV Pokemon Go - BEGIN CHECKING SERVER
[06/11/2017 12:16] INFO __main__ channel_cleanup 519: Channel_Cleanup - SAVING CHANGES
[06/11/2017 12:16] INFO __main__ channel_cleanup 524: Channel_Cleanup ------ END ------
[06/11/2017 12:26] INFO __main__ channel_cleanup 382: Channel_Cleanup ------ BEGIN ------
[06/11/2017 12:26] INFO __main__ channel_cleanup 388: Channel_Cleanup - Server: TEST WV Pokemon Go - BEGIN CHECKING SERVER
[06/11/2017 12:26] INFO __main__ channel_cleanup 519: Channel_Cleanup - SAVING CHANGES
[06/11/2017 12:26] INFO __main__ channel_cleanup 524: Channel_Cleanup ------ END ------
[06/11/2017 12:36] INFO __main__ server_cleanup 532: Server_Cleanup ------ BEGIN ------
[06/11/2017 12:36] INFO __main__ server_cleanup 554: Server_Cleanup - SAVING CHANGES
[06/11/2017 12:36] INFO __main__ server_cleanup 559: Server_Cleanup ------ END ------
[06/11/2017 12:36] INFO __main__ channel_cleanup 382: Channel_Cleanup ------ BEGIN ------
[06/11/2017 12:36] INFO __main__ channel_cleanup 388: Channel_Cleanup - Server: TEST WV Pokemon Go - BEGIN CHECKING SERVER
[06/11/2017 12:36] INFO __main__ channel_cleanup 519: Channel_Cleanup - SAVING CHANGES
[06/11/2017 12:36] INFO __main__ channel_cleanup 524: Channel_Cleanup ------ END ------
[06/11/2017 12:46] INFO __main__ channel_cleanup 382: Channel_Cleanup ------ BEGIN ------
[06/11/2017 12:46] INFO __main__ channel_cleanup 388: Channel_Cleanup - Server: TEST WV Pokemon Go - BEGIN CHECKING SERVER
[06/11/2017 12:46] INFO __main__ channel_cleanup 519: Channel_Cleanup - SAVING CHANGES
[06/11/2017 12:46] INFO __main__ channel_cleanup 524: Channel_Cleanup ------ END ------
[06/11/2017 12:56] INFO __main__ channel_cleanup 382: Channel_Cleanup ------ BEGIN ------
[06/11/2017 12:56] INFO __main__ channel_cleanup 388: Channel_Cleanup - Server: TEST WV Pokemon Go - BEGIN CHECKING SERVER
[06/11/2017 12:56] INFO __main__ channel_cleanup 519: Channel_Cleanup - SAVING CHANGES
[06/11/2017 12:56] INFO __main__ channel_cleanup 524: Channel_Cleanup ------ END ------
[06/11/2017 13:06] INFO __main__ server_cleanup 532: Server_Cleanup ------ BEGIN ------
[06/11/2017 13:06] INFO __main__ server_cleanup 554: Server_Cleanup - SAVING CHANGES
[06/11/2017 13:06] INFO __main__ server_cleanup 559: Server_Cleanup ------ END ------
[06/11/2017 13:06] INFO __main__ channel_cleanup 382: Channel_Cleanup ------ BEGIN ------
[06/11/2017 13:06] INFO __main__ channel_cleanup 388: Channel_Cleanup - Server: TEST WV Pokemon Go - BEGIN CHECKING SERVER
[06/11/2017 13:06] INFO __main__ channel_cleanup 519: Channel_Cleanup - SAVING CHANGES
[06/11/2017 13:06] INFO __main__ channel_cleanup 524: Channel_Cleanup ------ END ------
[06/11/2017 13:16] INFO __main__ channel_cleanup 382: Channel_Cleanup ------ BEGIN ------
[06/11/2017 13:16] INFO __main__ channel_cleanup 388: Channel_Cleanup - Server: TEST WV Pokemon Go - BEGIN CHECKING SERVER
[06/11/2017 13:16] INFO __main__ channel_cleanup 519: Channel_Cleanup - SAVING CHANGES
[06/11/2017 13:16] INFO __main__ channel_cleanup 524: Channel_Cleanup ------ END ------
[06/11/2017 13:26] INFO __main__ channel_cleanup 382: Channel_Cleanup ------ BEGIN ------
[06/11/2017 13:26] INFO __main__ channel_cleanup 388: Channel_Cleanup - Server: TEST WV Pokemon Go - BEGIN CHECKING SERVER
[06/11/2017 13:26] INFO __main__ channel_cleanup 519: Channel_Cleanup - SAVING CHANGES
[06/11/2017 13:26] INFO __main__ channel_cleanup 524: Channel_Cleanup ------ END ------
[06/11/2017 13:36] INFO __main__ server_cleanup 532: Server_Cleanup ------ BEGIN ------
[06/11/2017 13:36] INFO __main__ server_cleanup 554: Server_Cleanup - SAVING CHANGES
[06/11/2017 13:36] INFO __main__ server_cleanup 559: Server_Cleanup ------ END ------
[06/11/2017 13:36] INFO __main__ channel_cleanup 382: Channel_Cleanup ------ BEGIN ------
[06/11/2017 13:36] INFO __main__ channel_cleanup 388: Channel_Cleanup - Server: TEST WV Pokemon Go - BEGIN CHECKING SERVER
[06/11/2017 13:36] INFO __main__ channel_cleanup 519: Channel_Cleanup - SAVING CHANGES
[06/11/2017 13:36] INFO __main__ channel_cleanup 524: Channel_Cleanup ------ END ------
[08/11/2017 23:13] INFO __main__ <module> 54: Serverdict Loaded Successfully
[08/11/2017 23:13] INFO __main__ _print 570: Starting up...
[08/11/2017 23:13] INFO __main__ _print 570: Meowth! That's right!

1 servers connected.
13 members found.
[08/11/2017 23:13] INFO __main__ maint_start 576: Maintenance Tasks Started
[08/11/2017 23:13] INFO __main__ server_cleanup 534: Server_Cleanup ------ BEGIN ------
[08/11/2017 23:13] INFO __main__ server_cleanup 556: Server_Cleanup - SAVING CHANGES
[08/11/2017 23:13] INFO __main__ server_cleanup 561: Server_Cleanup ------ END ------
[08/11/2017 23:13] INFO __main__ channel_cleanup 384: Channel_Cleanup ------ BEGIN ------
[08/11/2017 23:13] INFO __main__ channel_cleanup 390: Channel_Cleanup - Server: TEST WV Pokemon Go - BEGIN CHECKING SERVER
[08/11/2017 23:13] INFO __main__ channel_cleanup 521: Channel_Cleanup - SAVING CHANGES
[08/11/2017 23:13] INFO __main__ channel_cleanup 526: Channel_Cleanup ------ END ------
[09/11/2017 07:09] INFO __main__ <module> 54: Serverdict Loaded Successfully
[09/11/2017 07:09] INFO __main__ _print 568: Starting up...
[09/11/2017 07:09] INFO __main__ _print 568: Meowth! That's right!

1 servers connected.
13 members found.
[09/11/2017 07:09] INFO __main__ maint_start 574: Maintenance Tasks Started
[09/11/2017 07:09] INFO __main__ server_cleanup 532: Server_Cleanup ------ BEGIN ------
[09/11/2017 07:09] INFO __main__ server_cleanup 554: Server_Cleanup - SAVING CHANGES
[09/11/2017 07:09] INFO __main__ server_cleanup 558: Server_Cleanup - SAVING FAILED
[09/11/2017 07:09] INFO __main__ server_cleanup 559: Server_Cleanup ------ END ------
[09/11/2017 07:09] INFO __main__ channel_cleanup 382: Channel_Cleanup ------ BEGIN ------
[09/11/2017 07:09] INFO __main__ channel_cleanup 388: Channel_Cleanup - Server: TEST WV Pokemon Go - BEGIN CHECKING SERVER
[09/11/2017 07:09] INFO __main__ channel_cleanup 519: Channel_Cleanup - SAVING CHANGES
[09/11/2017 07:09] INFO __main__ channel_cleanup 523: Channel_Cleanup - SAVING FAILED
[09/11/2017 07:09] INFO __main__ channel_cleanup 524: Channel_Cleanup ------ END ------
[09/11/2017 07:12] INFO __main__ expiry_check 268: Expiry_Check - entei-test
[09/11/2017 07:12] INFO __main__ expiry_check 273: Expire_Channel - Channel Added To Watchlist - entei-test
[09/11/2017 07:13] INFO __main__ _print 568: Error occured while trying to save!
[09/11/2017 07:13] INFO __main__ _print 568: [Errno 2] No such file or directory: 'data\\serverdict\\tmp0jnzwm4v'
[09/11/2017 07:14] INFO __main__ _print 568: Error occured while trying to save!
[09/11/2017 07:14] INFO __main__ _print 568: [Errno 2] No such file or directory: 'data\\serverdict\\tmp2fdvwi3m'
[09/11/2017 07:14] INFO __main__ <module> 54: Serverdict Loaded Successfully
[09/11/2017 07:14] ERROR errors on_command_error 165: CommandInvokeError
Traceback (most recent call last):
  File "meowth\__main__.py", line 1041, in save
    await _save()
  File "meowth\__main__.py", line 984, in _save
    with tempfile.NamedTemporaryFile('wb', dir=os.path.join('data', 'serverdict'), delete=False) as tf:
  File "C:\Users\Brenen\AppData\Local\Programs\Python\Python36-32\lib\tempfile.py", line 549, in NamedTemporaryFile
    (fd, name) = _mkstemp_inner(dir, prefix, suffix, flags, output_type)
  File "C:\Users\Brenen\AppData\Local\Programs\Python\Python36-32\lib\tempfile.py", line 260, in _mkstemp_inner
    fd = _os.open(file, flags, 0o600)
FileNotFoundError: [Errno 2] No such file or directory: 'data\\serverdict\\tmp3nc6377o'

During handling of the above exception, another exception occurred:

Traceback (most recent call last):
  File "C:\Users\Brenen\AppData\Local\Programs\Python\Python36-32\lib\site-packages\discord\ext\commands\core.py", line 50, in wrapped
    ret = yield from coro(*args, **kwargs)
  File "meowth\__main__.py", line 1044, in save
    await _print(Meowth.owner,_("Error occured while trying to save!"))
  File "C:\Users\Brenen\AppData\Local\Programs\Python\Python36-32\lib\site-packages\discord\client.py", line 296, in __getattr__
    raise AttributeError(msg.format(self.__class__, name))
AttributeError: '<class 'discord.ext.commands.bot.Bot'>' object has no attribute 'owner'

The above exception was the direct cause of the following exception:

Traceback (most recent call last):
  File "C:\Users\Brenen\AppData\Local\Programs\Python\Python36-32\lib\site-packages\discord\ext\commands\bot.py", line 846, in process_commands
    yield from command.invoke(ctx)
  File "C:\Users\Brenen\AppData\Local\Programs\Python\Python36-32\lib\site-packages\discord\ext\commands\core.py", line 374, in invoke
    yield from injected(*ctx.args, **ctx.kwargs)
  File "C:\Users\Brenen\AppData\Local\Programs\Python\Python36-32\lib\site-packages\discord\ext\commands\core.py", line 54, in wrapped
    raise CommandInvokeError(e) from e
discord.ext.commands.errors.CommandInvokeError: Command raised an exception: AttributeError: '<class 'discord.ext.commands.bot.Bot'>' object has no attribute 'owner'
[09/11/2017 07:14] INFO __main__ _print 568: Starting up...
[09/11/2017 07:14] INFO __main__ _print 568: Meowth! That's right!

1 servers connected.
13 members found.
[09/11/2017 07:14] INFO __main__ maint_start 574: Maintenance Tasks Started
[09/11/2017 07:14] INFO __main__ server_cleanup 532: Server_Cleanup ------ BEGIN ------
[09/11/2017 07:14] INFO __main__ server_cleanup 554: Server_Cleanup - SAVING CHANGES
[09/11/2017 07:14] INFO __main__ server_cleanup 558: Server_Cleanup - SAVING FAILED
[09/11/2017 07:14] INFO __main__ server_cleanup 559: Server_Cleanup ------ END ------
[09/11/2017 07:14] INFO __main__ channel_cleanup 382: Channel_Cleanup ------ BEGIN ------
[09/11/2017 07:14] INFO __main__ channel_cleanup 388: Channel_Cleanup - Server: TEST WV Pokemon Go - BEGIN CHECKING SERVER
[09/11/2017 07:14] INFO __main__ channel_cleanup 519: Channel_Cleanup - SAVING CHANGES
[09/11/2017 07:14] INFO __main__ channel_cleanup 523: Channel_Cleanup - SAVING FAILED
[09/11/2017 07:14] INFO __main__ channel_cleanup 524: Channel_Cleanup ------ END ------
[09/11/2017 07:14] INFO __main__ _print 568: Error occured while trying to save!
[09/11/2017 07:14] INFO __main__ _print 568: [Errno 2] No such file or directory: 'data\\serverdict\\tmp_gw5b3qa'
[09/11/2017 07:15] INFO __main__ _print 568: Error occured while trying to save!
[09/11/2017 07:15] INFO __main__ _print 568: [Errno 2] No such file or directory: 'data\\serverdict\\tmprlny_5_h'
[09/11/2017 07:15] INFO __main__ <module> 54: Serverdict Loaded Successfully
[09/11/2017 07:15] INFO __main__ _print 568: Starting up...
[09/11/2017 07:15] INFO __main__ _print 568: Meowth! That's right!

1 servers connected.
13 members found.
[09/11/2017 07:15] INFO __main__ maint_start 574: Maintenance Tasks Started
[09/11/2017 07:15] INFO __main__ server_cleanup 532: Server_Cleanup ------ BEGIN ------
[09/11/2017 07:15] INFO __main__ server_cleanup 554: Server_Cleanup - SAVING CHANGES
[09/11/2017 07:15] INFO __main__ server_cleanup 559: Server_Cleanup ------ END ------
[09/11/2017 07:15] INFO __main__ channel_cleanup 382: Channel_Cleanup ------ BEGIN ------
[09/11/2017 07:15] INFO __main__ channel_cleanup 388: Channel_Cleanup - Server: TEST WV Pokemon Go - BEGIN CHECKING SERVER
[09/11/2017 07:15] INFO __main__ channel_cleanup 519: Channel_Cleanup - SAVING CHANGES
[09/11/2017 07:15] INFO __main__ channel_cleanup 524: Channel_Cleanup ------ END ------
[09/11/2017 07:16] INFO __main__ save 1041: CONFIG SAVED
[09/11/2017 07:17] INFO __main__ <module> 54: Serverdict Loaded Successfully
[09/11/2017 07:18] INFO __main__ _print 568: Starting up...
[09/11/2017 07:18] INFO __main__ _print 568: Meowth! That's right!

1 servers connected.
13 members found.
[09/11/2017 07:18] INFO __main__ maint_start 574: Maintenance Tasks Started
[09/11/2017 07:18] INFO __main__ server_cleanup 532: Server_Cleanup ------ BEGIN ------
[09/11/2017 07:18] INFO __main__ server_cleanup 554: Server_Cleanup - SAVING CHANGES
[09/11/2017 07:18] INFO __main__ server_cleanup 559: Server_Cleanup ------ END ------
[09/11/2017 07:18] INFO __main__ channel_cleanup 382: Channel_Cleanup ------ BEGIN ------
[09/11/2017 07:18] INFO __main__ channel_cleanup 388: Channel_Cleanup - Server: TEST WV Pokemon Go - BEGIN CHECKING SERVER
[09/11/2017 07:18] INFO __main__ channel_cleanup 519: Channel_Cleanup - SAVING CHANGES
[09/11/2017 07:18] INFO __main__ channel_cleanup 524: Channel_Cleanup ------ END ------
[09/11/2017 07:26] INFO __main__ <module> 54: Serverdict Loaded Successfully
[09/11/2017 07:26] INFO __main__ _print 568: Starting up...
[09/11/2017 07:26] INFO __main__ _print 568: Meowth! That's right!

1 servers connected.
13 members found.
[09/11/2017 07:26] INFO __main__ maint_start 574: Maintenance Tasks Started
[09/11/2017 07:26] INFO __main__ server_cleanup 532: Server_Cleanup ------ BEGIN ------
[09/11/2017 07:26] INFO __main__ server_cleanup 554: Server_Cleanup - SAVING CHANGES
[09/11/2017 07:26] INFO __main__ server_cleanup 559: Server_Cleanup ------ END ------
[09/11/2017 07:26] INFO __main__ channel_cleanup 382: Channel_Cleanup ------ BEGIN ------
[09/11/2017 07:26] INFO __main__ channel_cleanup 388: Channel_Cleanup - Server: TEST WV Pokemon Go - BEGIN CHECKING SERVER
[09/11/2017 07:26] INFO __main__ channel_cleanup 519: Channel_Cleanup - SAVING CHANGES
[09/11/2017 07:26] INFO __main__ channel_cleanup 524: Channel_Cleanup ------ END ------
[09/11/2017 07:26] INFO __main__ save 1041: CONFIG SAVED
[09/11/2017 07:36] INFO __main__ channel_cleanup 382: Channel_Cleanup ------ BEGIN ------
[09/11/2017 07:36] INFO __main__ channel_cleanup 388: Channel_Cleanup - Server: TEST WV Pokemon Go - BEGIN CHECKING SERVER
[09/11/2017 07:36] INFO __main__ channel_cleanup 519: Channel_Cleanup - SAVING CHANGES
[09/11/2017 07:36] INFO __main__ channel_cleanup 524: Channel_Cleanup ------ END ------
[09/11/2017 07:46] INFO __main__ channel_cleanup 382: Channel_Cleanup ------ BEGIN ------
[09/11/2017 07:46] INFO __main__ channel_cleanup 388: Channel_Cleanup - Server: TEST WV Pokemon Go - BEGIN CHECKING SERVER
[09/11/2017 07:46] INFO __main__ channel_cleanup 519: Channel_Cleanup - SAVING CHANGES
[09/11/2017 07:46] INFO __main__ channel_cleanup 524: Channel_Cleanup ------ END ------
[09/11/2017 14:42] INFO __main__ <module> 54: Serverdict Loaded Successfully
[09/11/2017 14:42] INFO __main__ _print 568: Starting up...
[09/11/2017 14:42] INFO __main__ _print 568: Meowth! That's right!

1 servers connected.
13 members found.
[09/11/2017 14:42] INFO __main__ maint_start 574: Maintenance Tasks Started
[09/11/2017 14:42] INFO __main__ server_cleanup 532: Server_Cleanup ------ BEGIN ------
[09/11/2017 14:42] INFO __main__ server_cleanup 554: Server_Cleanup - SAVING CHANGES
[09/11/2017 14:42] INFO __main__ server_cleanup 559: Server_Cleanup ------ END ------
[09/11/2017 14:42] INFO __main__ channel_cleanup 382: Channel_Cleanup ------ BEGIN ------
[09/11/2017 14:42] INFO __main__ channel_cleanup 388: Channel_Cleanup - Server: TEST WV Pokemon Go - BEGIN CHECKING SERVER
[09/11/2017 14:42] INFO __main__ channel_cleanup 519: Channel_Cleanup - SAVING CHANGES
[09/11/2017 14:42] INFO __main__ channel_cleanup 524: Channel_Cleanup ------ END ------
[09/11/2017 14:43] INFO __main__ expiry_check 268: Expiry_Check - entei-test
[09/11/2017 14:43] INFO __main__ expiry_check 273: Expire_Channel - Channel Added To Watchlist - entei-test
[09/11/2017 14:43] INFO __main__ expiry_check 268: Expiry_Check - level-4-egg-test
[09/11/2017 14:43] INFO __main__ expiry_check 273: Expire_Channel - Channel Added To Watchlist - level-4-egg-test
[09/11/2017 14:43] INFO __main__ expiry_check 294: Expire_Channel - Channel Expired And Removed From Watchlist - level-4-egg-test
[09/11/2017 14:43] INFO __main__ expiry_check 268: Expiry_Check - level-4-egg-test
[09/11/2017 14:43] INFO __main__ expiry_check 273: Expire_Channel - Channel Added To Watchlist - level-4-egg-test
[09/11/2017 14:43] INFO __main__ expiry_check 294: Expire_Channel - Channel Expired And Removed From Watchlist - level-4-egg-test
[09/11/2017 14:43] INFO __main__ expire_channel 305: Expire_Channel - level-4-egg-test
[09/11/2017 14:43] INFO __main__ expire_channel 323: Expire_Channel - Channel Expired - level-4-egg-test
[09/11/2017 14:43] INFO __main__ expire_channel 305: Expire_Channel - level-4-egg-test
[09/11/2017 14:43] INFO __main__ expire_channel 323: Expire_Channel - Channel Expired - level-4-egg-test
[09/11/2017 14:43] INFO __main__ expiry_check 268: Expiry_Check - golem-test
[09/11/2017 14:43] INFO __main__ expiry_check 273: Expire_Channel - Channel Added To Watchlist - golem-test
[09/11/2017 14:43] ERROR errors on_command_error 165: CommandInvokeError
Traceback (most recent call last):
  File "C:\Users\Brenen\AppData\Local\Programs\Python\Python36-32\lib\site-packages\discord\ext\commands\core.py", line 50, in wrapped
    ret = yield from coro(*args, **kwargs)
  File "meowth\__main__.py", line 1869, in exraid
    await _exraid(ctx)
  File "meowth\__main__.py", line 1909, in _exraid
    raid_embed.add_field(name="**Possible Bosses:**", value=_("{bosslist}").format(bosslist="".join(boss_list)), inline=True)
NameError: name 'boss_list' is not defined

The above exception was the direct cause of the following exception:

Traceback (most recent call last):
  File "C:\Users\Brenen\AppData\Local\Programs\Python\Python36-32\lib\site-packages\discord\ext\commands\bot.py", line 846, in process_commands
    yield from command.invoke(ctx)
  File "C:\Users\Brenen\AppData\Local\Programs\Python\Python36-32\lib\site-packages\discord\ext\commands\core.py", line 374, in invoke
    yield from injected(*ctx.args, **ctx.kwargs)
  File "C:\Users\Brenen\AppData\Local\Programs\Python\Python36-32\lib\site-packages\discord\ext\commands\core.py", line 54, in wrapped
    raise CommandInvokeError(e) from e
discord.ext.commands.errors.CommandInvokeError: Command raised an exception: NameError: name 'boss_list' is not defined
[09/11/2017 14:48] ERROR errors on_command_error 165: CommandInvokeError
Traceback (most recent call last):
  File "C:\Users\Brenen\AppData\Local\Programs\Python\Python36-32\lib\site-packages\discord\ext\commands\core.py", line 50, in wrapped
    ret = yield from coro(*args, **kwargs)
  File "meowth\__main__.py", line 1869, in exraid
    await _exraid(ctx)
  File "meowth\__main__.py", line 1909, in _exraid
NameError: name 'boss_list' is not defined

The above exception was the direct cause of the following exception:

Traceback (most recent call last):
  File "C:\Users\Brenen\AppData\Local\Programs\Python\Python36-32\lib\site-packages\discord\ext\commands\bot.py", line 846, in process_commands
    yield from command.invoke(ctx)
  File "C:\Users\Brenen\AppData\Local\Programs\Python\Python36-32\lib\site-packages\discord\ext\commands\core.py", line 374, in invoke
    yield from injected(*ctx.args, **ctx.kwargs)
  File "C:\Users\Brenen\AppData\Local\Programs\Python\Python36-32\lib\site-packages\discord\ext\commands\core.py", line 54, in wrapped
    raise CommandInvokeError(e) from e
discord.ext.commands.errors.CommandInvokeError: Command raised an exception: NameError: name 'boss_list' is not defined
[09/11/2017 14:49] INFO __main__ <module> 54: Serverdict Loaded Successfully
[09/11/2017 14:49] INFO __main__ _print 568: Starting up...
[09/11/2017 14:49] INFO __main__ _print 568: Meowth! That's right!

1 servers connected.
13 members found.
[09/11/2017 14:49] INFO __main__ maint_start 574: Maintenance Tasks Started
[09/11/2017 14:49] INFO __main__ server_cleanup 532: Server_Cleanup ------ BEGIN ------
[09/11/2017 14:49] INFO __main__ server_cleanup 554: Server_Cleanup - SAVING CHANGES
[09/11/2017 14:49] INFO __main__ server_cleanup 559: Server_Cleanup ------ END ------
[09/11/2017 14:49] INFO __main__ channel_cleanup 382: Channel_Cleanup ------ BEGIN ------
[09/11/2017 14:49] INFO __main__ channel_cleanup 388: Channel_Cleanup - Server: TEST WV Pokemon Go - BEGIN CHECKING SERVER
[09/11/2017 14:49] INFO __main__ channel_cleanup 398: Channel_Cleanup - Server: TEST WV Pokemon Go: Channel:entei-test - CHECKING
[09/11/2017 14:49] INFO __main__ channel_cleanup 405: Channel_Cleanup - Server: TEST WV Pokemon Go: Channel:entei-test - DOESN'T EXIST IN DISCORD
[09/11/2017 14:49] INFO __main__ channel_cleanup 398: Channel_Cleanup - Server: TEST WV Pokemon Go: Channel:level-4-egg-test - CHECKING
[09/11/2017 14:49] INFO __main__ channel_cleanup 408: Channel_Cleanup - Server: TEST WV Pokemon Go: Channel:level-4-egg-test - EXISTS IN DISCORD
[09/11/2017 14:49] INFO __main__ channel_cleanup 488: Channel_Cleanup - Server: TEST WV Pokemon Go: Channel:level-4-egg-test - MISSING FROM EXPIRY CHECK
[09/11/2017 14:49] INFO __main__ channel_cleanup 496: Channel_Cleanup - Channel Savedata Cleared - entei-test
[09/11/2017 14:49] INFO __main__ channel_cleanup 503: Channel_Cleanup - Channel Deleted - entei-test
[09/11/2017 14:49] INFO __main__ channel_cleanup 519: Channel_Cleanup - SAVING CHANGES
[09/11/2017 14:49] INFO __main__ channel_cleanup 524: Channel_Cleanup ------ END ------
[09/11/2017 14:49] INFO __main__ expiry_check 268: Expiry_Check - level-4-egg-test
[09/11/2017 14:49] INFO __main__ expiry_check 273: Expire_Channel - Channel Added To Watchlist - level-4-egg-test
[09/11/2017 14:49] INFO __main__ expiry_check 268: Expiry_Check - mewtwo-test
[09/11/2017 14:49] INFO __main__ expiry_check 273: Expire_Channel - Channel Added To Watchlist - mewtwo-test
[09/11/2017 14:59] INFO __main__ channel_cleanup 382: Channel_Cleanup ------ BEGIN ------
[09/11/2017 14:59] INFO __main__ channel_cleanup 388: Channel_Cleanup - Server: TEST WV Pokemon Go - BEGIN CHECKING SERVER
[09/11/2017 14:59] INFO __main__ channel_cleanup 398: Channel_Cleanup - Server: TEST WV Pokemon Go: Channel:level-4-egg-test - CHECKING
[09/11/2017 14:59] INFO __main__ channel_cleanup 408: Channel_Cleanup - Server: TEST WV Pokemon Go: Channel:level-4-egg-test - EXISTS IN DISCORD
[09/11/2017 14:59] INFO __main__ channel_cleanup 398: Channel_Cleanup - Server: TEST WV Pokemon Go: Channel:mewtwo-test - CHECKING
[09/11/2017 14:59] INFO __main__ channel_cleanup 408: Channel_Cleanup - Server: TEST WV Pokemon Go: Channel:mewtwo-test - EXISTS IN DISCORD
[09/11/2017 14:59] INFO __main__ channel_cleanup 460: Channel_Cleanup - Server: TEST WV Pokemon Go: Channel:mewtwo-test - EXRAID
[09/11/2017 14:59] INFO __main__ channel_cleanup 519: Channel_Cleanup - SAVING CHANGES
[09/11/2017 14:59] INFO __main__ channel_cleanup 524: Channel_Cleanup ------ END ------
[10/11/2017 14:36] INFO __main__ <module> 54: Serverdict Loaded Successfully
[10/11/2017 14:36] INFO __main__ <module> 54: Serverdict Loaded Successfully
[10/11/2017 14:36] INFO __main__ _print 568: Starting up...
[10/11/2017 14:36] INFO __main__ _print 568: Meowth! That's right!

1 servers connected.
13 members found.
[10/11/2017 14:36] INFO __main__ maint_start 574: Maintenance Tasks Started
[10/11/2017 14:36] INFO __main__ server_cleanup 532: Server_Cleanup ------ BEGIN ------
[10/11/2017 14:36] INFO __main__ server_cleanup 554: Server_Cleanup - SAVING CHANGES
[10/11/2017 14:36] INFO __main__ server_cleanup 559: Server_Cleanup ------ END ------
[10/11/2017 14:36] INFO __main__ channel_cleanup 382: Channel_Cleanup ------ BEGIN ------
[10/11/2017 14:36] INFO __main__ channel_cleanup 388: Channel_Cleanup - Server: TEST WV Pokemon Go - BEGIN CHECKING SERVER
[10/11/2017 14:36] INFO __main__ channel_cleanup 398: Channel_Cleanup - Server: TEST WV Pokemon Go: Channel:level-4-egg-test - CHECKING
[10/11/2017 14:36] INFO __main__ channel_cleanup 405: Channel_Cleanup - Server: TEST WV Pokemon Go: Channel:level-4-egg-test - DOESN'T EXIST IN DISCORD
[10/11/2017 14:36] INFO __main__ channel_cleanup 398: Channel_Cleanup - Server: TEST WV Pokemon Go: Channel:mewtwo-test - CHECKING
[10/11/2017 14:36] INFO __main__ channel_cleanup 405: Channel_Cleanup - Server: TEST WV Pokemon Go: Channel:mewtwo-test - DOESN'T EXIST IN DISCORD
[10/11/2017 14:36] INFO __main__ channel_cleanup 496: Channel_Cleanup - Channel Savedata Cleared - level-4-egg-test
[10/11/2017 14:36] INFO __main__ channel_cleanup 503: Channel_Cleanup - Channel Deleted - level-4-egg-test
[10/11/2017 14:36] INFO __main__ channel_cleanup 496: Channel_Cleanup - Channel Savedata Cleared - mewtwo-test
[10/11/2017 14:36] INFO __main__ channel_cleanup 503: Channel_Cleanup - Channel Deleted - mewtwo-test
[10/11/2017 14:36] INFO __main__ channel_cleanup 519: Channel_Cleanup - SAVING CHANGES
[10/11/2017 14:36] INFO __main__ channel_cleanup 524: Channel_Cleanup ------ END ------
[10/11/2017 14:37] ERROR errors on_command_error 195: CommandInvokeError
Traceback (most recent call last):
  File "C:\Users\Brenen\AppData\Local\Programs\Python\Python36-32\lib\site-packages\discord\ext\commands\core.py", line 50, in wrapped
    ret = yield from coro(*args, **kwargs)
  File "meowth\__main__.py", line 1869, in exraid
    await _exraid(ctx)
  File "meowth\__main__.py", line 1893, in _exraid
    egg_info = raid_info['raid_eggs']['EX']
KeyError: 'EX'

The above exception was the direct cause of the following exception:

Traceback (most recent call last):
  File "C:\Users\Brenen\AppData\Local\Programs\Python\Python36-32\lib\site-packages\discord\ext\commands\bot.py", line 846, in process_commands
    yield from command.invoke(ctx)
  File "C:\Users\Brenen\AppData\Local\Programs\Python\Python36-32\lib\site-packages\discord\ext\commands\core.py", line 374, in invoke
    yield from injected(*ctx.args, **ctx.kwargs)
  File "C:\Users\Brenen\AppData\Local\Programs\Python\Python36-32\lib\site-packages\discord\ext\commands\core.py", line 54, in wrapped
    raise CommandInvokeError(e) from e
discord.ext.commands.errors.CommandInvokeError: Command raised an exception: KeyError: 'EX'
[10/11/2017 14:37] INFO __main__ <module> 54: Serverdict Loaded Successfully
[10/11/2017 14:37] INFO __main__ _print 568: Starting up...
[10/11/2017 14:37] INFO __main__ _print 568: Meowth! That's right!

1 servers connected.
13 members found.
[10/11/2017 14:37] INFO __main__ maint_start 574: Maintenance Tasks Started
[10/11/2017 14:37] INFO __main__ server_cleanup 532: Server_Cleanup ------ BEGIN ------
[10/11/2017 14:37] INFO __main__ server_cleanup 554: Server_Cleanup - SAVING CHANGES
[10/11/2017 14:37] INFO __main__ server_cleanup 559: Server_Cleanup ------ END ------
[10/11/2017 14:37] INFO __main__ channel_cleanup 382: Channel_Cleanup ------ BEGIN ------
[10/11/2017 14:37] INFO __main__ channel_cleanup 388: Channel_Cleanup - Server: TEST WV Pokemon Go - BEGIN CHECKING SERVER
[10/11/2017 14:37] INFO __main__ channel_cleanup 519: Channel_Cleanup - SAVING CHANGES
[10/11/2017 14:37] INFO __main__ channel_cleanup 524: Channel_Cleanup ------ END ------
[10/11/2017 14:37] INFO __main__ expiry_check 268: Expiry_Check - exraid-egg-test
[10/11/2017 14:37] INFO __main__ expiry_check 273: Expire_Channel - Channel Added To Watchlist - exraid-egg-test
[10/11/2017 14:38] INFO __main__ expiry_check 268: Expiry_Check - entei-test
[10/11/2017 14:38] INFO __main__ expiry_check 273: Expire_Channel - Channel Added To Watchlist - entei-test
[10/11/2017 14:39] INFO __main__ <module> 54: Serverdict Loaded Successfully
[10/11/2017 14:39] INFO __main__ _print 568: Starting up...
[10/11/2017 14:39] INFO __main__ _print 568: Meowth! That's right!

1 servers connected.
13 members found.
[10/11/2017 14:39] INFO __main__ maint_start 574: Maintenance Tasks Started
[10/11/2017 14:39] INFO __main__ server_cleanup 532: Server_Cleanup ------ BEGIN ------
[10/11/2017 14:39] INFO __main__ server_cleanup 554: Server_Cleanup - SAVING CHANGES
[10/11/2017 14:39] INFO __main__ server_cleanup 559: Server_Cleanup ------ END ------
[10/11/2017 14:39] INFO __main__ channel_cleanup 382: Channel_Cleanup ------ BEGIN ------
[10/11/2017 14:39] INFO __main__ channel_cleanup 388: Channel_Cleanup - Server: TEST WV Pokemon Go - BEGIN CHECKING SERVER
[10/11/2017 14:39] INFO __main__ channel_cleanup 398: Channel_Cleanup - Server: TEST WV Pokemon Go: Channel:exraid-egg-test - CHECKING
[10/11/2017 14:39] INFO __main__ channel_cleanup 408: Channel_Cleanup - Server: TEST WV Pokemon Go: Channel:exraid-egg-test - EXISTS IN DISCORD
[10/11/2017 14:39] INFO __main__ channel_cleanup 460: Channel_Cleanup - Server: TEST WV Pokemon Go: Channel:exraid-egg-test - EXRAID
[10/11/2017 14:39] INFO __main__ channel_cleanup 398: Channel_Cleanup - Server: TEST WV Pokemon Go: Channel:entei-test - CHECKING
[10/11/2017 14:39] INFO __main__ channel_cleanup 408: Channel_Cleanup - Server: TEST WV Pokemon Go: Channel:entei-test - EXISTS IN DISCORD
[10/11/2017 14:39] INFO __main__ channel_cleanup 488: Channel_Cleanup - Server: TEST WV Pokemon Go: Channel:entei-test - MISSING FROM EXPIRY CHECK
[10/11/2017 14:39] INFO __main__ channel_cleanup 519: Channel_Cleanup - SAVING CHANGES
[10/11/2017 14:39] INFO __main__ channel_cleanup 524: Channel_Cleanup ------ END ------
[10/11/2017 14:39] INFO __main__ expiry_check 268: Expiry_Check - entei-test
[10/11/2017 14:39] INFO __main__ expiry_check 273: Expire_Channel - Channel Added To Watchlist - entei-test
[10/11/2017 14:49] INFO __main__ channel_cleanup 382: Channel_Cleanup ------ BEGIN ------
[10/11/2017 14:49] INFO __main__ channel_cleanup 388: Channel_Cleanup - Server: TEST WV Pokemon Go - BEGIN CHECKING SERVER
[10/11/2017 14:49] INFO __main__ channel_cleanup 398: Channel_Cleanup - Server: TEST WV Pokemon Go: Channel:exraid-egg-test - CHECKING
[10/11/2017 14:49] INFO __main__ channel_cleanup 408: Channel_Cleanup - Server: TEST WV Pokemon Go: Channel:exraid-egg-test - EXISTS IN DISCORD
[10/11/2017 14:49] INFO __main__ channel_cleanup 460: Channel_Cleanup - Server: TEST WV Pokemon Go: Channel:exraid-egg-test - EXRAID
[10/11/2017 14:49] INFO __main__ channel_cleanup 398: Channel_Cleanup - Server: TEST WV Pokemon Go: Channel:entei-test - CHECKING
[10/11/2017 14:49] INFO __main__ channel_cleanup 408: Channel_Cleanup - Server: TEST WV Pokemon Go: Channel:entei-test - EXISTS IN DISCORD
[10/11/2017 14:49] INFO __main__ channel_cleanup 519: Channel_Cleanup - SAVING CHANGES
[10/11/2017 14:49] INFO __main__ channel_cleanup 524: Channel_Cleanup ------ END ------
[10/11/2017 14:59] INFO __main__ channel_cleanup 382: Channel_Cleanup ------ BEGIN ------
[10/11/2017 14:59] INFO __main__ channel_cleanup 388: Channel_Cleanup - Server: TEST WV Pokemon Go - BEGIN CHECKING SERVER
[10/11/2017 14:59] INFO __main__ channel_cleanup 398: Channel_Cleanup - Server: TEST WV Pokemon Go: Channel:exraid-egg-test - CHECKING
[10/11/2017 14:59] INFO __main__ channel_cleanup 408: Channel_Cleanup - Server: TEST WV Pokemon Go: Channel:exraid-egg-test - EXISTS IN DISCORD
[10/11/2017 14:59] INFO __main__ channel_cleanup 460: Channel_Cleanup - Server: TEST WV Pokemon Go: Channel:exraid-egg-test - EXRAID
[10/11/2017 14:59] INFO __main__ channel_cleanup 398: Channel_Cleanup - Server: TEST WV Pokemon Go: Channel:entei-test - CHECKING
[10/11/2017 14:59] INFO __main__ channel_cleanup 408: Channel_Cleanup - Server: TEST WV Pokemon Go: Channel:entei-test - EXISTS IN DISCORD
[10/11/2017 14:59] INFO __main__ channel_cleanup 519: Channel_Cleanup - SAVING CHANGES
[10/11/2017 14:59] INFO __main__ channel_cleanup 524: Channel_Cleanup ------ END ------
[10/11/2017 15:01] INFO __main__ <module> 54: Serverdict Loaded Successfully
[10/11/2017 15:01] INFO __main__ _print 568: Starting up...
[10/11/2017 15:01] INFO __main__ _print 568: Meowth! That's right!

1 servers connected.
13 members found.
[10/11/2017 15:01] INFO __main__ maint_start 574: Maintenance Tasks Started
[10/11/2017 15:01] INFO __main__ server_cleanup 532: Server_Cleanup ------ BEGIN ------
[10/11/2017 15:01] INFO __main__ server_cleanup 554: Server_Cleanup - SAVING CHANGES
[10/11/2017 15:01] INFO __main__ server_cleanup 559: Server_Cleanup ------ END ------
[10/11/2017 15:01] INFO __main__ channel_cleanup 382: Channel_Cleanup ------ BEGIN ------
[10/11/2017 15:01] INFO __main__ channel_cleanup 388: Channel_Cleanup - Server: TEST WV Pokemon Go - BEGIN CHECKING SERVER
[10/11/2017 15:01] INFO __main__ channel_cleanup 398: Channel_Cleanup - Server: TEST WV Pokemon Go: Channel:exraid-egg-test - CHECKING
[10/11/2017 15:01] INFO __main__ channel_cleanup 408: Channel_Cleanup - Server: TEST WV Pokemon Go: Channel:exraid-egg-test - EXISTS IN DISCORD
[10/11/2017 15:01] INFO __main__ channel_cleanup 460: Channel_Cleanup - Server: TEST WV Pokemon Go: Channel:exraid-egg-test - EXRAID
[10/11/2017 15:01] INFO __main__ channel_cleanup 398: Channel_Cleanup - Server: TEST WV Pokemon Go: Channel:entei-test - CHECKING
[10/11/2017 15:01] INFO __main__ channel_cleanup 408: Channel_Cleanup - Server: TEST WV Pokemon Go: Channel:entei-test - EXISTS IN DISCORD
[10/11/2017 15:01] INFO __main__ channel_cleanup 488: Channel_Cleanup - Server: TEST WV Pokemon Go: Channel:entei-test - MISSING FROM EXPIRY CHECK
[10/11/2017 15:01] INFO __main__ channel_cleanup 519: Channel_Cleanup - SAVING CHANGES
[10/11/2017 15:01] INFO __main__ channel_cleanup 524: Channel_Cleanup ------ END ------
[10/11/2017 15:01] INFO __main__ expiry_check 268: Expiry_Check - entei-test
[10/11/2017 15:01] INFO __main__ expiry_check 273: Expire_Channel - Channel Added To Watchlist - entei-test
[12/11/2017 15:47] INFO __main__ <module> 54: Serverdict Loaded Successfully
[12/11/2017 15:47] INFO __main__ _print 568: Starting up...
[12/11/2017 15:47] INFO __main__ _print 568: Meowth! That's right!

1 servers connected.
13 members found.
[12/11/2017 15:47] INFO __main__ maint_start 574: Maintenance Tasks Started
[12/11/2017 15:47] INFO __main__ server_cleanup 532: Server_Cleanup ------ BEGIN ------
[12/11/2017 15:47] INFO __main__ server_cleanup 554: Server_Cleanup - SAVING CHANGES
[12/11/2017 15:47] INFO __main__ server_cleanup 559: Server_Cleanup ------ END ------
[12/11/2017 15:47] INFO __main__ channel_cleanup 382: Channel_Cleanup ------ BEGIN ------
[12/11/2017 15:47] INFO __main__ channel_cleanup 388: Channel_Cleanup - Server: TEST WV Pokemon Go - BEGIN CHECKING SERVER
[12/11/2017 15:47] INFO __main__ channel_cleanup 398: Channel_Cleanup - Server: TEST WV Pokemon Go: Channel:exraid-egg-test - CHECKING
[12/11/2017 15:47] INFO __main__ channel_cleanup 405: Channel_Cleanup - Server: TEST WV Pokemon Go: Channel:exraid-egg-test - DOESN'T EXIST IN DISCORD
[12/11/2017 15:47] INFO __main__ channel_cleanup 398: Channel_Cleanup - Server: TEST WV Pokemon Go: Channel:entei-test - CHECKING
[12/11/2017 15:47] INFO __main__ channel_cleanup 405: Channel_Cleanup - Server: TEST WV Pokemon Go: Channel:entei-test - DOESN'T EXIST IN DISCORD
[12/11/2017 15:47] INFO __main__ channel_cleanup 496: Channel_Cleanup - Channel Savedata Cleared - exraid-egg-test
[12/11/2017 15:47] INFO __main__ channel_cleanup 503: Channel_Cleanup - Channel Deleted - exraid-egg-test
[12/11/2017 15:47] INFO __main__ channel_cleanup 496: Channel_Cleanup - Channel Savedata Cleared - entei-test
[12/11/2017 15:47] INFO __main__ channel_cleanup 503: Channel_Cleanup - Channel Deleted - entei-test
[12/11/2017 15:47] INFO __main__ channel_cleanup 519: Channel_Cleanup - SAVING CHANGES
[12/11/2017 15:47] INFO __main__ channel_cleanup 524: Channel_Cleanup ------ END ------
[12/11/2017 15:47] INFO __main__ expiry_check 268: Expiry_Check - exraid-egg-test
[12/11/2017 15:47] INFO __main__ expiry_check 273: Expire_Channel - Channel Added To Watchlist - exraid-egg-test
[12/11/2017 15:49] INFO __main__ <module> 54: Serverdict Loaded Successfully
[12/11/2017 15:49] INFO __main__ _print 568: Starting up...
[12/11/2017 15:49] INFO __main__ _print 568: Meowth! That's right!

1 servers connected.
13 members found.
[12/11/2017 15:49] INFO __main__ maint_start 574: Maintenance Tasks Started
[12/11/2017 15:49] INFO __main__ server_cleanup 532: Server_Cleanup ------ BEGIN ------
[12/11/2017 15:49] INFO __main__ server_cleanup 554: Server_Cleanup - SAVING CHANGES
[12/11/2017 15:49] INFO __main__ server_cleanup 559: Server_Cleanup ------ END ------
[12/11/2017 15:49] INFO __main__ channel_cleanup 382: Channel_Cleanup ------ BEGIN ------
[12/11/2017 15:49] INFO __main__ channel_cleanup 388: Channel_Cleanup - Server: TEST WV Pokemon Go - BEGIN CHECKING SERVER
[12/11/2017 15:49] INFO __main__ channel_cleanup 398: Channel_Cleanup - Server: TEST WV Pokemon Go: Channel:exraid-egg-test - CHECKING
[12/11/2017 15:49] INFO __main__ channel_cleanup 408: Channel_Cleanup - Server: TEST WV Pokemon Go: Channel:exraid-egg-test - EXISTS IN DISCORD
[12/11/2017 15:49] INFO __main__ channel_cleanup 456: Channel_Cleanup - Server: TEST WV Pokemon Go: Channel:exraid-egg-test - EXRAID - CONVERTED TO EXPIRY None
[12/11/2017 15:49] INFO __main__ channel_cleanup 460: Channel_Cleanup - Server: TEST WV Pokemon Go: Channel:exraid-egg-test - EXRAID
[12/11/2017 15:49] INFO __main__ channel_cleanup 519: Channel_Cleanup - SAVING CHANGES
[12/11/2017 15:49] INFO __main__ channel_cleanup 524: Channel_Cleanup ------ END ------
[12/11/2017 15:52] INFO __main__ expiry_check 268: Expiry_Check - exraid-egg-test
[12/11/2017 15:52] INFO __main__ expiry_check 273: Expire_Channel - Channel Added To Watchlist - exraid-egg-test
[12/11/2017 15:52] ERROR errors on_command_error 195: CommandInvokeError
Traceback (most recent call last):
  File "C:\Users\Brenen\AppData\Local\Programs\Python\Python36-32\lib\site-packages\discord\ext\commands\core.py", line 50, in wrapped
    ret = yield from coro(*args, **kwargs)
  File "meowth\__main__.py", line 1716, in ex
    diff = end - now
UnboundLocalError: local variable 'end' referenced before assignment

The above exception was the direct cause of the following exception:

Traceback (most recent call last):
  File "C:\Users\Brenen\AppData\Local\Programs\Python\Python36-32\lib\site-packages\discord\ext\commands\bot.py", line 846, in process_commands
    yield from command.invoke(ctx)
  File "C:\Users\Brenen\AppData\Local\Programs\Python\Python36-32\lib\site-packages\discord\ext\commands\core.py", line 634, in invoke
    yield from ctx.invoked_subcommand.invoke(ctx)
  File "C:\Users\Brenen\AppData\Local\Programs\Python\Python36-32\lib\site-packages\discord\ext\commands\core.py", line 374, in invoke
    yield from injected(*ctx.args, **ctx.kwargs)
  File "C:\Users\Brenen\AppData\Local\Programs\Python\Python36-32\lib\site-packages\discord\ext\commands\core.py", line 54, in wrapped
    raise CommandInvokeError(e) from e
discord.ext.commands.errors.CommandInvokeError: Command raised an exception: UnboundLocalError: local variable 'end' referenced before assignment
[12/11/2017 15:53] INFO __main__ expiry_check 268: Expiry_Check - exraid-egg-test
[12/11/2017 15:53] INFO __main__ expiry_check 294: Expire_Channel - Channel Expired And Removed From Watchlist - exraid-egg-test
[12/11/2017 15:53] INFO __main__ expire_channel 305: Expire_Channel - exraid-egg-test
[12/11/2017 15:53] INFO __main__ expire_channel 323: Expire_Channel - Channel Expired - exraid-egg-test
[12/11/2017 15:55] INFO __main__ <module> 54: Serverdict Loaded Successfully
[12/11/2017 15:55] INFO __main__ _print 568: Starting up...
[12/11/2017 15:55] INFO __main__ _print 568: Meowth! That's right!

1 servers connected.
13 members found.
[12/11/2017 15:55] INFO __main__ maint_start 574: Maintenance Tasks Started
[12/11/2017 15:55] INFO __main__ server_cleanup 532: Server_Cleanup ------ BEGIN ------
[12/11/2017 15:55] INFO __main__ server_cleanup 554: Server_Cleanup - SAVING CHANGES
[12/11/2017 15:55] INFO __main__ server_cleanup 559: Server_Cleanup ------ END ------
[12/11/2017 15:55] INFO __main__ channel_cleanup 382: Channel_Cleanup ------ BEGIN ------
[12/11/2017 15:55] INFO __main__ channel_cleanup 388: Channel_Cleanup - Server: TEST WV Pokemon Go - BEGIN CHECKING SERVER
[12/11/2017 15:55] INFO __main__ channel_cleanup 398: Channel_Cleanup - Server: TEST WV Pokemon Go: Channel:exraid-egg-test - CHECKING
[12/11/2017 15:55] INFO __main__ channel_cleanup 405: Channel_Cleanup - Server: TEST WV Pokemon Go: Channel:exraid-egg-test - DOESN'T EXIST IN DISCORD
[12/11/2017 15:55] INFO __main__ channel_cleanup 398: Channel_Cleanup - Server: TEST WV Pokemon Go: Channel:exraid-egg-test - CHECKING
[12/11/2017 15:55] INFO __main__ channel_cleanup 408: Channel_Cleanup - Server: TEST WV Pokemon Go: Channel:exraid-egg-test - EXISTS IN DISCORD
[12/11/2017 15:55] INFO __main__ channel_cleanup 441: Channel_Cleanup - Server: TEST WV Pokemon Go: Channel:exraid-egg-test - = RECENTLY EXPIRED NONACTIVE RAID
[12/11/2017 15:55] INFO __main__ channel_cleanup 496: Channel_Cleanup - Channel Savedata Cleared - exraid-egg-test
[12/11/2017 15:55] INFO __main__ channel_cleanup 503: Channel_Cleanup - Channel Deleted - exraid-egg-test
[12/11/2017 15:55] INFO __main__ channel_cleanup 519: Channel_Cleanup - SAVING CHANGES
[12/11/2017 15:55] INFO __main__ channel_cleanup 524: Channel_Cleanup ------ END ------
[12/11/2017 15:55] INFO __main__ expire_channel 305: Expire_Channel - exraid-egg-test
[12/11/2017 15:55] INFO __main__ expire_channel 323: Expire_Channel - Channel Expired - exraid-egg-test
[12/11/2017 15:55] INFO __main__ expiry_check 268: Expiry_Check - exraid-egg-test
[12/11/2017 15:55] INFO __main__ expiry_check 273: Expire_Channel - Channel Added To Watchlist - exraid-egg-test
[12/11/2017 15:56] INFO __main__ expiry_check 268: Expiry_Check - exraid-egg-test
[12/11/2017 15:56] INFO __main__ expiry_check 294: Expire_Channel - Channel Expired And Removed From Watchlist - exraid-egg-test
[12/11/2017 15:56] INFO __main__ expire_channel 305: Expire_Channel - exraid-egg-test
[12/11/2017 15:56] INFO __main__ expire_channel 323: Expire_Channel - Channel Expired - exraid-egg-test
[12/11/2017 15:56] INFO __main__ expire_channel 373: Expire_Channel - Channel Deleted - exraid-egg-test
[12/11/2017 15:56] INFO __main__ expiry_check 268: Expiry_Check - exraid-egg-test
[12/11/2017 15:56] INFO __main__ expiry_check 273: Expire_Channel - Channel Added To Watchlist - exraid-egg-test
[12/11/2017 15:57] INFO __main__ expiry_check 268: Expiry_Check - exraid-egg-test
[12/11/2017 15:57] INFO __main__ expiry_check 294: Expire_Channel - Channel Expired And Removed From Watchlist - exraid-egg-test
[12/11/2017 15:57] INFO __main__ expire_channel 305: Expire_Channel - exraid-egg-test
[12/11/2017 15:57] INFO __main__ expire_channel 323: Expire_Channel - Channel Expired - exraid-egg-test
[12/11/2017 15:58] INFO __main__ <module> 54: Serverdict Loaded Successfully
[12/11/2017 15:58] INFO __main__ _print 568: Starting up...
[12/11/2017 15:58] INFO __main__ _print 568: Meowth! That's right!

1 servers connected.
13 members found.
[12/11/2017 15:58] INFO __main__ maint_start 574: Maintenance Tasks Started
[12/11/2017 15:58] INFO __main__ server_cleanup 532: Server_Cleanup ------ BEGIN ------
[12/11/2017 15:58] INFO __main__ server_cleanup 554: Server_Cleanup - SAVING CHANGES
[12/11/2017 15:58] INFO __main__ server_cleanup 559: Server_Cleanup ------ END ------
[12/11/2017 15:58] INFO __main__ channel_cleanup 382: Channel_Cleanup ------ BEGIN ------
[12/11/2017 15:58] INFO __main__ channel_cleanup 388: Channel_Cleanup - Server: TEST WV Pokemon Go - BEGIN CHECKING SERVER
[12/11/2017 15:58] INFO __main__ channel_cleanup 398: Channel_Cleanup - Server: TEST WV Pokemon Go: Channel:exraid-egg-test - CHECKING
[12/11/2017 15:58] INFO __main__ channel_cleanup 405: Channel_Cleanup - Server: TEST WV Pokemon Go: Channel:exraid-egg-test - DOESN'T EXIST IN DISCORD
[12/11/2017 15:58] INFO __main__ channel_cleanup 398: Channel_Cleanup - Server: TEST WV Pokemon Go: Channel:exraid-egg-test - CHECKING
[12/11/2017 15:58] INFO __main__ channel_cleanup 408: Channel_Cleanup - Server: TEST WV Pokemon Go: Channel:exraid-egg-test - EXISTS IN DISCORD
[12/11/2017 15:58] INFO __main__ channel_cleanup 441: Channel_Cleanup - Server: TEST WV Pokemon Go: Channel:exraid-egg-test - = RECENTLY EXPIRED NONACTIVE RAID
[12/11/2017 15:58] INFO __main__ channel_cleanup 496: Channel_Cleanup - Channel Savedata Cleared - exraid-egg-test
[12/11/2017 15:58] INFO __main__ channel_cleanup 503: Channel_Cleanup - Channel Deleted - exraid-egg-test
[12/11/2017 15:58] INFO __main__ channel_cleanup 519: Channel_Cleanup - SAVING CHANGES
[12/11/2017 15:58] INFO __main__ channel_cleanup 524: Channel_Cleanup ------ END ------
[12/11/2017 15:58] INFO __main__ expire_channel 305: Expire_Channel - exraid-egg-test
[12/11/2017 15:58] INFO __main__ expire_channel 323: Expire_Channel - Channel Expired - exraid-egg-test
[12/11/2017 15:58] INFO __main__ expiry_check 268: Expiry_Check - exraid-egg-test
[12/11/2017 15:58] INFO __main__ expiry_check 273: Expire_Channel - Channel Added To Watchlist - exraid-egg-test
[12/11/2017 15:58] INFO __main__ expiry_check 294: Expire_Channel - Channel Expired And Removed From Watchlist - exraid-egg-test
[12/11/2017 15:58] INFO __main__ expire_channel 305: Expire_Channel - exraid-egg-test
[12/11/2017 15:58] INFO __main__ expire_channel 323: Expire_Channel - Channel Expired - exraid-egg-test
[12/11/2017 16:08] INFO __main__ channel_cleanup 382: Channel_Cleanup ------ BEGIN ------
[12/11/2017 16:08] INFO __main__ channel_cleanup 388: Channel_Cleanup - Server: TEST WV Pokemon Go - BEGIN CHECKING SERVER
[12/11/2017 16:08] INFO __main__ channel_cleanup 398: Channel_Cleanup - Server: TEST WV Pokemon Go: Channel:exraid-egg-test - CHECKING
[12/11/2017 16:08] INFO __main__ channel_cleanup 408: Channel_Cleanup - Server: TEST WV Pokemon Go: Channel:exraid-egg-test - EXISTS IN DISCORD
[12/11/2017 16:08] INFO __main__ channel_cleanup 441: Channel_Cleanup - Server: TEST WV Pokemon Go: Channel:exraid-egg-test - = RECENTLY EXPIRED NONACTIVE RAID
[12/11/2017 16:08] INFO __main__ channel_cleanup 519: Channel_Cleanup - SAVING CHANGES
[12/11/2017 16:08] INFO __main__ channel_cleanup 524: Channel_Cleanup ------ END ------
[12/11/2017 16:08] INFO __main__ expire_channel 305: Expire_Channel - exraid-egg-test
[12/11/2017 16:08] INFO __main__ expire_channel 323: Expire_Channel - Channel Expired - exraid-egg-test
[13/11/2017 06:56] INFO __main__ <module> 54: Serverdict Loaded Successfully
[13/11/2017 06:56] INFO __main__ _print 568: Starting up...
[13/11/2017 06:56] INFO __main__ _print 568: Meowth! That's right!

1 servers connected.
13 members found.
[13/11/2017 06:56] INFO __main__ maint_start 574: Maintenance Tasks Started
[13/11/2017 06:56] INFO __main__ server_cleanup 532: Server_Cleanup ------ BEGIN ------
[13/11/2017 06:56] INFO __main__ server_cleanup 554: Server_Cleanup - SAVING CHANGES
[13/11/2017 06:56] INFO __main__ server_cleanup 559: Server_Cleanup ------ END ------
[13/11/2017 06:56] INFO __main__ channel_cleanup 382: Channel_Cleanup ------ BEGIN ------
[13/11/2017 06:56] INFO __main__ channel_cleanup 388: Channel_Cleanup - Server: TEST WV Pokemon Go - BEGIN CHECKING SERVER
[13/11/2017 06:56] INFO __main__ channel_cleanup 398: Channel_Cleanup - Server: TEST WV Pokemon Go: Channel:exraid-egg-test - CHECKING
[13/11/2017 06:56] INFO __main__ channel_cleanup 405: Channel_Cleanup - Server: TEST WV Pokemon Go: Channel:exraid-egg-test - DOESN'T EXIST IN DISCORD
[13/11/2017 06:56] INFO __main__ channel_cleanup 496: Channel_Cleanup - Channel Savedata Cleared - exraid-egg-test
[13/11/2017 06:56] INFO __main__ channel_cleanup 503: Channel_Cleanup - Channel Deleted - exraid-egg-test
[13/11/2017 06:56] INFO __main__ channel_cleanup 519: Channel_Cleanup - SAVING CHANGES
[13/11/2017 06:56] INFO __main__ channel_cleanup 524: Channel_Cleanup ------ END ------
[13/11/2017 06:56] INFO __main__ expiry_check 268: Expiry_Check - entei-test
[13/11/2017 06:56] INFO __main__ expiry_check 273: Expire_Channel - Channel Added To Watchlist - entei-test
[13/11/2017 06:56] ERROR errors on_command_error 195: CommandInvokeError
Traceback (most recent call last):
  File "C:\Users\Brenen\AppData\Local\Programs\Python\Python36-32\lib\site-packages\discord\ext\commands\core.py", line 50, in wrapped
    ret = yield from coro(*args, **kwargs)
  File "meowth\__main__.py", line 1668, in timerset
    timer = message.clean_content.lower().split()[1]
IndexError: list index out of range

The above exception was the direct cause of the following exception:

Traceback (most recent call last):
  File "C:\Users\Brenen\AppData\Local\Programs\Python\Python36-32\lib\site-packages\discord\ext\commands\bot.py", line 846, in process_commands
    yield from command.invoke(ctx)
  File "C:\Users\Brenen\AppData\Local\Programs\Python\Python36-32\lib\site-packages\discord\ext\commands\core.py", line 630, in invoke
    yield from injected(*ctx.args, **ctx.kwargs)
  File "C:\Users\Brenen\AppData\Local\Programs\Python\Python36-32\lib\site-packages\discord\ext\commands\core.py", line 54, in wrapped
    raise CommandInvokeError(e) from e
discord.ext.commands.errors.CommandInvokeError: Command raised an exception: IndexError: list index out of range
[13/11/2017 06:58] INFO __main__ <module> 54: Serverdict Loaded Successfully
[13/11/2017 06:58] INFO __main__ _print 568: Starting up...
[13/11/2017 06:58] INFO __main__ _print 568: Meowth! That's right!

1 servers connected.
13 members found.
[13/11/2017 06:58] INFO __main__ maint_start 574: Maintenance Tasks Started
[13/11/2017 06:58] INFO __main__ server_cleanup 532: Server_Cleanup ------ BEGIN ------
[13/11/2017 06:58] INFO __main__ server_cleanup 554: Server_Cleanup - SAVING CHANGES
[13/11/2017 06:58] INFO __main__ server_cleanup 559: Server_Cleanup ------ END ------
[13/11/2017 06:58] INFO __main__ channel_cleanup 382: Channel_Cleanup ------ BEGIN ------
[13/11/2017 06:58] INFO __main__ channel_cleanup 388: Channel_Cleanup - Server: TEST WV Pokemon Go - BEGIN CHECKING SERVER
[13/11/2017 06:58] INFO __main__ channel_cleanup 398: Channel_Cleanup - Server: TEST WV Pokemon Go: Channel:entei-test - CHECKING
[13/11/2017 06:58] INFO __main__ channel_cleanup 408: Channel_Cleanup - Server: TEST WV Pokemon Go: Channel:entei-test - EXISTS IN DISCORD
[13/11/2017 06:58] INFO __main__ channel_cleanup 488: Channel_Cleanup - Server: TEST WV Pokemon Go: Channel:entei-test - MISSING FROM EXPIRY CHECK
[13/11/2017 06:58] INFO __main__ channel_cleanup 519: Channel_Cleanup - SAVING CHANGES
[13/11/2017 06:58] INFO __main__ channel_cleanup 524: Channel_Cleanup ------ END ------
[13/11/2017 06:58] INFO __main__ expiry_check 268: Expiry_Check - entei-test
[13/11/2017 06:58] INFO __main__ expiry_check 273: Expire_Channel - Channel Added To Watchlist - entei-test
[13/11/2017 07:02] INFO __main__ expiry_check 268: Expiry_Check - exraid-egg-test
[13/11/2017 07:02] INFO __main__ expiry_check 273: Expire_Channel - Channel Added To Watchlist - exraid-egg-test
[13/11/2017 07:04] INFO __main__ <module> 54: Serverdict Loaded Successfully
[13/11/2017 07:04] INFO __main__ _print 568: Starting up...
[13/11/2017 07:04] INFO __main__ _print 568: Meowth! That's right!

1 servers connected.
13 members found.
[13/11/2017 07:04] INFO __main__ maint_start 574: Maintenance Tasks Started
[13/11/2017 07:04] INFO __main__ server_cleanup 532: Server_Cleanup ------ BEGIN ------
[13/11/2017 07:04] INFO __main__ server_cleanup 554: Server_Cleanup - SAVING CHANGES
[13/11/2017 07:04] INFO __main__ server_cleanup 559: Server_Cleanup ------ END ------
[13/11/2017 07:04] INFO __main__ channel_cleanup 382: Channel_Cleanup ------ BEGIN ------
[13/11/2017 07:04] INFO __main__ channel_cleanup 388: Channel_Cleanup - Server: TEST WV Pokemon Go - BEGIN CHECKING SERVER
[13/11/2017 07:04] INFO __main__ channel_cleanup 398: Channel_Cleanup - Server: TEST WV Pokemon Go: Channel:entei-test - CHECKING
[13/11/2017 07:04] INFO __main__ channel_cleanup 408: Channel_Cleanup - Server: TEST WV Pokemon Go: Channel:entei-test - EXISTS IN DISCORD
[13/11/2017 07:04] INFO __main__ channel_cleanup 488: Channel_Cleanup - Server: TEST WV Pokemon Go: Channel:entei-test - MISSING FROM EXPIRY CHECK
[13/11/2017 07:04] INFO __main__ channel_cleanup 398: Channel_Cleanup - Server: TEST WV Pokemon Go: Channel:exraid-egg-test - CHECKING
[13/11/2017 07:04] INFO __main__ channel_cleanup 408: Channel_Cleanup - Server: TEST WV Pokemon Go: Channel:exraid-egg-test - EXISTS IN DISCORD
[13/11/2017 07:04] INFO __main__ channel_cleanup 488: Channel_Cleanup - Server: TEST WV Pokemon Go: Channel:exraid-egg-test - MISSING FROM EXPIRY CHECK
[13/11/2017 07:04] INFO __main__ channel_cleanup 519: Channel_Cleanup - SAVING CHANGES
[13/11/2017 07:04] INFO __main__ channel_cleanup 524: Channel_Cleanup ------ END ------
[13/11/2017 07:04] INFO __main__ expiry_check 268: Expiry_Check - entei-test
[13/11/2017 07:04] INFO __main__ expiry_check 273: Expire_Channel - Channel Added To Watchlist - entei-test
[13/11/2017 07:04] INFO __main__ expiry_check 268: Expiry_Check - exraid-egg-test
[13/11/2017 07:04] INFO __main__ expiry_check 273: Expire_Channel - Channel Added To Watchlist - exraid-egg-test
[13/11/2017 07:14] INFO __main__ channel_cleanup 382: Channel_Cleanup ------ BEGIN ------
[13/11/2017 07:14] INFO __main__ channel_cleanup 388: Channel_Cleanup - Server: TEST WV Pokemon Go - BEGIN CHECKING SERVER
[13/11/2017 07:14] INFO __main__ channel_cleanup 398: Channel_Cleanup - Server: TEST WV Pokemon Go: Channel:entei-test - CHECKING
[13/11/2017 07:14] INFO __main__ channel_cleanup 408: Channel_Cleanup - Server: TEST WV Pokemon Go: Channel:entei-test - EXISTS IN DISCORD
[13/11/2017 07:14] INFO __main__ channel_cleanup 398: Channel_Cleanup - Server: TEST WV Pokemon Go: Channel:exraid-egg-test - CHECKING
[13/11/2017 07:14] INFO __main__ channel_cleanup 408: Channel_Cleanup - Server: TEST WV Pokemon Go: Channel:exraid-egg-test - EXISTS IN DISCORD
[13/11/2017 07:14] INFO __main__ channel_cleanup 519: Channel_Cleanup - SAVING CHANGES
[13/11/2017 07:14] INFO __main__ channel_cleanup 524: Channel_Cleanup ------ END ------
[13/11/2017 07:17] INFO __main__ <module> 54: Serverdict Loaded Successfully
[13/11/2017 07:18] INFO __main__ <module> 54: Serverdict Loaded Successfully
[13/11/2017 07:18] INFO __main__ _print 568: Starting up...
[13/11/2017 07:18] INFO __main__ _print 568: Meowth! That's right!

1 servers connected.
13 members found.
[13/11/2017 07:18] INFO __main__ maint_start 574: Maintenance Tasks Started
[13/11/2017 07:18] INFO __main__ server_cleanup 532: Server_Cleanup ------ BEGIN ------
[13/11/2017 07:18] INFO __main__ server_cleanup 554: Server_Cleanup - SAVING CHANGES
[13/11/2017 07:18] INFO __main__ server_cleanup 559: Server_Cleanup ------ END ------
[13/11/2017 07:18] INFO __main__ channel_cleanup 382: Channel_Cleanup ------ BEGIN ------
[13/11/2017 07:18] INFO __main__ channel_cleanup 388: Channel_Cleanup - Server: TEST WV Pokemon Go - BEGIN CHECKING SERVER
[13/11/2017 07:18] INFO __main__ channel_cleanup 398: Channel_Cleanup - Server: TEST WV Pokemon Go: Channel:entei-test - CHECKING
[13/11/2017 07:18] INFO __main__ channel_cleanup 408: Channel_Cleanup - Server: TEST WV Pokemon Go: Channel:entei-test - EXISTS IN DISCORD
[13/11/2017 07:18] INFO __main__ channel_cleanup 488: Channel_Cleanup - Server: TEST WV Pokemon Go: Channel:entei-test - MISSING FROM EXPIRY CHECK
[13/11/2017 07:18] INFO __main__ channel_cleanup 398: Channel_Cleanup - Server: TEST WV Pokemon Go: Channel:exraid-egg-test - CHECKING
[13/11/2017 07:18] INFO __main__ channel_cleanup 408: Channel_Cleanup - Server: TEST WV Pokemon Go: Channel:exraid-egg-test - EXISTS IN DISCORD
[13/11/2017 07:18] INFO __main__ channel_cleanup 488: Channel_Cleanup - Server: TEST WV Pokemon Go: Channel:exraid-egg-test - MISSING FROM EXPIRY CHECK
[13/11/2017 07:18] INFO __main__ channel_cleanup 519: Channel_Cleanup - SAVING CHANGES
[13/11/2017 07:18] INFO __main__ channel_cleanup 524: Channel_Cleanup ------ END ------
[13/11/2017 07:18] INFO __main__ expiry_check 268: Expiry_Check - entei-test
[13/11/2017 07:18] INFO __main__ expiry_check 273: Expire_Channel - Channel Added To Watchlist - entei-test
[13/11/2017 07:18] INFO __main__ expiry_check 268: Expiry_Check - exraid-egg-test
[13/11/2017 07:18] INFO __main__ expiry_check 273: Expire_Channel - Channel Added To Watchlist - exraid-egg-test
[13/11/2017 07:22] INFO __main__ <module> 54: Serverdict Loaded Successfully
[13/11/2017 07:22] INFO __main__ _print 568: Starting up...
[13/11/2017 07:22] INFO __main__ _print 568: Meowth! That's right!

1 servers connected.
13 members found.
[13/11/2017 07:22] INFO __main__ maint_start 574: Maintenance Tasks Started
[13/11/2017 07:22] INFO __main__ server_cleanup 532: Server_Cleanup ------ BEGIN ------
[13/11/2017 07:22] INFO __main__ server_cleanup 554: Server_Cleanup - SAVING CHANGES
[13/11/2017 07:22] INFO __main__ server_cleanup 559: Server_Cleanup ------ END ------
[13/11/2017 07:22] INFO __main__ channel_cleanup 382: Channel_Cleanup ------ BEGIN ------
[13/11/2017 07:22] INFO __main__ channel_cleanup 388: Channel_Cleanup - Server: TEST WV Pokemon Go - BEGIN CHECKING SERVER
[13/11/2017 07:22] INFO __main__ channel_cleanup 398: Channel_Cleanup - Server: TEST WV Pokemon Go: Channel:entei-test - CHECKING
[13/11/2017 07:22] INFO __main__ channel_cleanup 408: Channel_Cleanup - Server: TEST WV Pokemon Go: Channel:entei-test - EXISTS IN DISCORD
[13/11/2017 07:22] INFO __main__ channel_cleanup 488: Channel_Cleanup - Server: TEST WV Pokemon Go: Channel:entei-test - MISSING FROM EXPIRY CHECK
[13/11/2017 07:22] INFO __main__ channel_cleanup 398: Channel_Cleanup - Server: TEST WV Pokemon Go: Channel:exraid-egg-test - CHECKING
[13/11/2017 07:22] INFO __main__ channel_cleanup 408: Channel_Cleanup - Server: TEST WV Pokemon Go: Channel:exraid-egg-test - EXISTS IN DISCORD
[13/11/2017 07:22] INFO __main__ channel_cleanup 488: Channel_Cleanup - Server: TEST WV Pokemon Go: Channel:exraid-egg-test - MISSING FROM EXPIRY CHECK
[13/11/2017 07:22] INFO __main__ channel_cleanup 519: Channel_Cleanup - SAVING CHANGES
[13/11/2017 07:22] INFO __main__ channel_cleanup 524: Channel_Cleanup ------ END ------
[13/11/2017 07:22] INFO __main__ expiry_check 268: Expiry_Check - entei-test
[13/11/2017 07:22] INFO __main__ expiry_check 273: Expire_Channel - Channel Added To Watchlist - entei-test
[13/11/2017 07:22] INFO __main__ expiry_check 268: Expiry_Check - exraid-egg-test
[13/11/2017 07:22] INFO __main__ expiry_check 273: Expire_Channel - Channel Added To Watchlist - exraid-egg-test
[13/11/2017 07:23] ERROR errors on_command_error 195: CommandInvokeError
Traceback (most recent call last):
  File "C:\Users\Brenen\AppData\Local\Programs\Python\Python36-32\lib\site-packages\discord\ext\commands\core.py", line 50, in wrapped
    ret = yield from coro(*args, **kwargs)
  File "meowth\__main__.py", line 1717, in ex
    diff = end - now
UnboundLocalError: local variable 'end' referenced before assignment

The above exception was the direct cause of the following exception:

Traceback (most recent call last):
  File "C:\Users\Brenen\AppData\Local\Programs\Python\Python36-32\lib\site-packages\discord\ext\commands\bot.py", line 846, in process_commands
    yield from command.invoke(ctx)
  File "C:\Users\Brenen\AppData\Local\Programs\Python\Python36-32\lib\site-packages\discord\ext\commands\core.py", line 634, in invoke
    yield from ctx.invoked_subcommand.invoke(ctx)
  File "C:\Users\Brenen\AppData\Local\Programs\Python\Python36-32\lib\site-packages\discord\ext\commands\core.py", line 374, in invoke
    yield from injected(*ctx.args, **ctx.kwargs)
  File "C:\Users\Brenen\AppData\Local\Programs\Python\Python36-32\lib\site-packages\discord\ext\commands\core.py", line 54, in wrapped
    raise CommandInvokeError(e) from e
discord.ext.commands.errors.CommandInvokeError: Command raised an exception: UnboundLocalError: local variable 'end' referenced before assignment
[13/11/2017 07:24] INFO __main__ <module> 54: Serverdict Loaded Successfully
[13/11/2017 07:24] INFO __main__ _print 568: Starting up...
[13/11/2017 07:24] INFO __main__ _print 568: Meowth! That's right!

1 servers connected.
13 members found.
[13/11/2017 07:24] INFO __main__ maint_start 574: Maintenance Tasks Started
[13/11/2017 07:24] INFO __main__ server_cleanup 532: Server_Cleanup ------ BEGIN ------
[13/11/2017 07:24] INFO __main__ server_cleanup 554: Server_Cleanup - SAVING CHANGES
[13/11/2017 07:24] INFO __main__ server_cleanup 559: Server_Cleanup ------ END ------
[13/11/2017 07:24] INFO __main__ channel_cleanup 382: Channel_Cleanup ------ BEGIN ------
[13/11/2017 07:24] INFO __main__ channel_cleanup 388: Channel_Cleanup - Server: TEST WV Pokemon Go - BEGIN CHECKING SERVER
[13/11/2017 07:24] INFO __main__ channel_cleanup 398: Channel_Cleanup - Server: TEST WV Pokemon Go: Channel:entei-test - CHECKING
[13/11/2017 07:24] INFO __main__ channel_cleanup 408: Channel_Cleanup - Server: TEST WV Pokemon Go: Channel:entei-test - EXISTS IN DISCORD
[13/11/2017 07:24] INFO __main__ channel_cleanup 488: Channel_Cleanup - Server: TEST WV Pokemon Go: Channel:entei-test - MISSING FROM EXPIRY CHECK
[13/11/2017 07:24] INFO __main__ channel_cleanup 398: Channel_Cleanup - Server: TEST WV Pokemon Go: Channel:exraid-egg-test - CHECKING
[13/11/2017 07:24] INFO __main__ channel_cleanup 408: Channel_Cleanup - Server: TEST WV Pokemon Go: Channel:exraid-egg-test - EXISTS IN DISCORD
[13/11/2017 07:24] INFO __main__ channel_cleanup 488: Channel_Cleanup - Server: TEST WV Pokemon Go: Channel:exraid-egg-test - MISSING FROM EXPIRY CHECK
[13/11/2017 07:24] INFO __main__ channel_cleanup 519: Channel_Cleanup - SAVING CHANGES
[13/11/2017 07:24] INFO __main__ channel_cleanup 524: Channel_Cleanup ------ END ------
[13/11/2017 07:24] INFO __main__ expiry_check 268: Expiry_Check - entei-test
[13/11/2017 07:24] INFO __main__ expiry_check 273: Expire_Channel - Channel Added To Watchlist - entei-test
[13/11/2017 07:24] INFO __main__ expiry_check 268: Expiry_Check - exraid-egg-test
[13/11/2017 07:24] INFO __main__ expiry_check 273: Expire_Channel - Channel Added To Watchlist - exraid-egg-test
[13/11/2017 07:30] ERROR errors on_command_error 195: CommandInvokeError
Traceback (most recent call last):
  File "C:\Users\Brenen\AppData\Local\Programs\Python\Python36-32\lib\site-packages\discord\ext\commands\core.py", line 50, in wrapped
    ret = yield from coro(*args, **kwargs)
  File "meowth\__main__.py", line 1715, in ex
    diff = end - now
UnboundLocalError: local variable 'end' referenced before assignment

The above exception was the direct cause of the following exception:

Traceback (most recent call last):
  File "C:\Users\Brenen\AppData\Local\Programs\Python\Python36-32\lib\site-packages\discord\ext\commands\bot.py", line 846, in process_commands
    yield from command.invoke(ctx)
  File "C:\Users\Brenen\AppData\Local\Programs\Python\Python36-32\lib\site-packages\discord\ext\commands\core.py", line 634, in invoke
    yield from ctx.invoked_subcommand.invoke(ctx)
  File "C:\Users\Brenen\AppData\Local\Programs\Python\Python36-32\lib\site-packages\discord\ext\commands\core.py", line 374, in invoke
    yield from injected(*ctx.args, **ctx.kwargs)
  File "C:\Users\Brenen\AppData\Local\Programs\Python\Python36-32\lib\site-packages\discord\ext\commands\core.py", line 54, in wrapped
    raise CommandInvokeError(e) from e
discord.ext.commands.errors.CommandInvokeError: Command raised an exception: UnboundLocalError: local variable 'end' referenced before assignment
[13/11/2017 07:34] INFO __main__ channel_cleanup 382: Channel_Cleanup ------ BEGIN ------
[13/11/2017 07:34] INFO __main__ channel_cleanup 388: Channel_Cleanup - Server: TEST WV Pokemon Go - BEGIN CHECKING SERVER
[13/11/2017 07:34] INFO __main__ channel_cleanup 398: Channel_Cleanup - Server: TEST WV Pokemon Go: Channel:entei-test - CHECKING
[13/11/2017 07:34] INFO __main__ channel_cleanup 408: Channel_Cleanup - Server: TEST WV Pokemon Go: Channel:entei-test - EXISTS IN DISCORD
[13/11/2017 07:34] INFO __main__ channel_cleanup 398: Channel_Cleanup - Server: TEST WV Pokemon Go: Channel:exraid-egg-test - CHECKING
[13/11/2017 07:34] INFO __main__ channel_cleanup 408: Channel_Cleanup - Server: TEST WV Pokemon Go: Channel:exraid-egg-test - EXISTS IN DISCORD
[13/11/2017 07:34] INFO __main__ channel_cleanup 519: Channel_Cleanup - SAVING CHANGES
[13/11/2017 07:34] INFO __main__ channel_cleanup 524: Channel_Cleanup ------ END ------
[13/11/2017 07:39] INFO __main__ <module> 54: Serverdict Loaded Successfully
[13/11/2017 07:39] INFO __main__ _print 568: Starting up...
[13/11/2017 07:39] INFO __main__ _print 568: Meowth! That's right!

1 servers connected.
13 members found.
[13/11/2017 07:39] INFO __main__ maint_start 574: Maintenance Tasks Started
[13/11/2017 07:39] INFO __main__ server_cleanup 532: Server_Cleanup ------ BEGIN ------
[13/11/2017 07:39] INFO __main__ server_cleanup 554: Server_Cleanup - SAVING CHANGES
[13/11/2017 07:39] INFO __main__ server_cleanup 559: Server_Cleanup ------ END ------
[13/11/2017 07:39] INFO __main__ channel_cleanup 382: Channel_Cleanup ------ BEGIN ------
[13/11/2017 07:39] INFO __main__ channel_cleanup 388: Channel_Cleanup - Server: TEST WV Pokemon Go - BEGIN CHECKING SERVER
[13/11/2017 07:39] INFO __main__ channel_cleanup 398: Channel_Cleanup - Server: TEST WV Pokemon Go: Channel:entei-test - CHECKING
[13/11/2017 07:39] INFO __main__ channel_cleanup 408: Channel_Cleanup - Server: TEST WV Pokemon Go: Channel:entei-test - EXISTS IN DISCORD
[13/11/2017 07:39] INFO __main__ channel_cleanup 488: Channel_Cleanup - Server: TEST WV Pokemon Go: Channel:entei-test - MISSING FROM EXPIRY CHECK
[13/11/2017 07:39] INFO __main__ channel_cleanup 398: Channel_Cleanup - Server: TEST WV Pokemon Go: Channel:exraid-egg-test - CHECKING
[13/11/2017 07:39] INFO __main__ channel_cleanup 408: Channel_Cleanup - Server: TEST WV Pokemon Go: Channel:exraid-egg-test - EXISTS IN DISCORD
[13/11/2017 07:39] INFO __main__ channel_cleanup 488: Channel_Cleanup - Server: TEST WV Pokemon Go: Channel:exraid-egg-test - MISSING FROM EXPIRY CHECK
[13/11/2017 07:39] INFO __main__ channel_cleanup 519: Channel_Cleanup - SAVING CHANGES
[13/11/2017 07:39] INFO __main__ channel_cleanup 524: Channel_Cleanup ------ END ------
[13/11/2017 07:39] INFO __main__ expiry_check 268: Expiry_Check - entei-test
[13/11/2017 07:39] INFO __main__ expiry_check 273: Expire_Channel - Channel Added To Watchlist - entei-test
[13/11/2017 07:39] INFO __main__ expiry_check 268: Expiry_Check - exraid-egg-test
[13/11/2017 07:39] INFO __main__ expiry_check 273: Expire_Channel - Channel Added To Watchlist - exraid-egg-test
[13/11/2017 07:39] INFO __main__ expiry_check 268: Expiry_Check - exraid-egg-test
[13/11/2017 07:40] INFO __main__ expiry_check 294: Expire_Channel - Channel Expired And Removed From Watchlist - exraid-egg-test
[13/11/2017 07:40] INFO __main__ expire_channel 305: Expire_Channel - exraid-egg-test
[13/11/2017 07:40] INFO __main__ expire_channel 323: Expire_Channel - Channel Expired - exraid-egg-test
[13/11/2017 07:41] INFO __main__ expiry_check 268: Expiry_Check - exraid-egg-test
[13/11/2017 07:41] INFO __main__ expiry_check 273: Expire_Channel - Channel Added To Watchlist - exraid-egg-test
[13/11/2017 07:41] INFO __main__ expiry_check 294: Expire_Channel - Channel Expired And Removed From Watchlist - entei-test
[13/11/2017 07:41] INFO __main__ expire_channel 305: Expire_Channel - entei-test
[13/11/2017 07:41] INFO __main__ expire_channel 323: Expire_Channel - Channel Expired - entei-test
[13/11/2017 07:41] INFO __main__ <module> 54: Serverdict Loaded Successfully
[13/11/2017 07:41] INFO __main__ _print 568: Starting up...
[13/11/2017 07:41] INFO __main__ _print 568: Meowth! That's right!

1 servers connected.
13 members found.
[13/11/2017 07:41] INFO __main__ maint_start 574: Maintenance Tasks Started
[13/11/2017 07:41] INFO __main__ server_cleanup 532: Server_Cleanup ------ BEGIN ------
[13/11/2017 07:41] INFO __main__ server_cleanup 554: Server_Cleanup - SAVING CHANGES
[13/11/2017 07:41] INFO __main__ server_cleanup 559: Server_Cleanup ------ END ------
[13/11/2017 07:41] INFO __main__ channel_cleanup 382: Channel_Cleanup ------ BEGIN ------
[13/11/2017 07:41] INFO __main__ channel_cleanup 388: Channel_Cleanup - Server: TEST WV Pokemon Go - BEGIN CHECKING SERVER
[13/11/2017 07:41] INFO __main__ channel_cleanup 398: Channel_Cleanup - Server: TEST WV Pokemon Go: Channel:entei-test - CHECKING
[13/11/2017 07:41] INFO __main__ channel_cleanup 408: Channel_Cleanup - Server: TEST WV Pokemon Go: Channel:entei-test - EXISTS IN DISCORD
[13/11/2017 07:41] INFO __main__ channel_cleanup 441: Channel_Cleanup - Server: TEST WV Pokemon Go: Channel:entei-test - = RECENTLY EXPIRED NONACTIVE RAID
[13/11/2017 07:41] INFO __main__ channel_cleanup 398: Channel_Cleanup - Server: TEST WV Pokemon Go: Channel:exraid-egg-test - CHECKING
[13/11/2017 07:41] INFO __main__ channel_cleanup 408: Channel_Cleanup - Server: TEST WV Pokemon Go: Channel:exraid-egg-test - EXISTS IN DISCORD
[13/11/2017 07:41] INFO __main__ channel_cleanup 488: Channel_Cleanup - Server: TEST WV Pokemon Go: Channel:exraid-egg-test - MISSING FROM EXPIRY CHECK
[13/11/2017 07:41] INFO __main__ channel_cleanup 519: Channel_Cleanup - SAVING CHANGES
[13/11/2017 07:41] INFO __main__ channel_cleanup 524: Channel_Cleanup ------ END ------
[13/11/2017 07:41] INFO __main__ expire_channel 305: Expire_Channel - entei-test
[13/11/2017 07:41] INFO __main__ expire_channel 323: Expire_Channel - Channel Expired - entei-test
[13/11/2017 07:41] INFO __main__ expiry_check 268: Expiry_Check - exraid-egg-test
[13/11/2017 07:41] INFO __main__ expiry_check 273: Expire_Channel - Channel Added To Watchlist - exraid-egg-test
[13/11/2017 07:42] INFO __main__ expiry_check 268: Expiry_Check - exraid-egg-test
[13/11/2017 07:42] INFO __main__ expiry_check 294: Expire_Channel - Channel Expired And Removed From Watchlist - exraid-egg-test
[13/11/2017 07:42] INFO __main__ expire_channel 305: Expire_Channel - exraid-egg-test
[13/11/2017 07:42] INFO __main__ expire_channel 323: Expire_Channel - Channel Expired - exraid-egg-test
[13/11/2017 07:42] INFO __main__ expiry_check 268: Expiry_Check - exraid-egg-test
[13/11/2017 07:42] INFO __main__ expiry_check 273: Expire_Channel - Channel Added To Watchlist - exraid-egg-test
[13/11/2017 07:42] INFO __main__ expiry_check 294: Expire_Channel - Channel Expired And Removed From Watchlist - exraid-egg-test
[13/11/2017 07:42] INFO __main__ expire_channel 305: Expire_Channel - exraid-egg-test
[13/11/2017 07:42] INFO __main__ expire_channel 323: Expire_Channel - Channel Expired - exraid-egg-test
[13/11/2017 07:42] INFO __main__ <module> 54: Serverdict Loaded Successfully
[13/11/2017 07:42] INFO __main__ _print 568: Starting up...
[13/11/2017 07:42] INFO __main__ _print 568: Meowth! That's right!

1 servers connected.
13 members found.
[13/11/2017 07:42] INFO __main__ maint_start 574: Maintenance Tasks Started
[13/11/2017 07:43] INFO __main__ server_cleanup 532: Server_Cleanup ------ BEGIN ------
[13/11/2017 07:43] INFO __main__ server_cleanup 554: Server_Cleanup - SAVING CHANGES
[13/11/2017 07:43] INFO __main__ server_cleanup 559: Server_Cleanup ------ END ------
[13/11/2017 07:43] INFO __main__ channel_cleanup 382: Channel_Cleanup ------ BEGIN ------
[13/11/2017 07:43] INFO __main__ channel_cleanup 388: Channel_Cleanup - Server: TEST WV Pokemon Go - BEGIN CHECKING SERVER
[13/11/2017 07:43] INFO __main__ channel_cleanup 398: Channel_Cleanup - Server: TEST WV Pokemon Go: Channel:entei-test - CHECKING
[13/11/2017 07:43] INFO __main__ channel_cleanup 408: Channel_Cleanup - Server: TEST WV Pokemon Go: Channel:entei-test - EXISTS IN DISCORD
[13/11/2017 07:43] INFO __main__ channel_cleanup 441: Channel_Cleanup - Server: TEST WV Pokemon Go: Channel:entei-test - = RECENTLY EXPIRED NONACTIVE RAID
[13/11/2017 07:43] INFO __main__ channel_cleanup 398: Channel_Cleanup - Server: TEST WV Pokemon Go: Channel:exraid-egg-test - CHECKING
[13/11/2017 07:43] INFO __main__ channel_cleanup 408: Channel_Cleanup - Server: TEST WV Pokemon Go: Channel:exraid-egg-test - EXISTS IN DISCORD
[13/11/2017 07:43] INFO __main__ channel_cleanup 441: Channel_Cleanup - Server: TEST WV Pokemon Go: Channel:exraid-egg-test - = RECENTLY EXPIRED NONACTIVE RAID
[13/11/2017 07:43] INFO __main__ channel_cleanup 519: Channel_Cleanup - SAVING CHANGES
[13/11/2017 07:43] INFO __main__ channel_cleanup 524: Channel_Cleanup ------ END ------
[13/11/2017 07:43] INFO __main__ expire_channel 305: Expire_Channel - entei-test
[13/11/2017 07:43] INFO __main__ expire_channel 323: Expire_Channel - Channel Expired - entei-test
[13/11/2017 07:43] INFO __main__ expire_channel 305: Expire_Channel - exraid-egg-test
[13/11/2017 07:43] INFO __main__ expire_channel 323: Expire_Channel - Channel Expired - exraid-egg-test
[13/11/2017 07:43] INFO __main__ expiry_check 268: Expiry_Check - exraid-egg-test
[13/11/2017 07:43] INFO __main__ expiry_check 273: Expire_Channel - Channel Added To Watchlist - exraid-egg-test
[13/11/2017 07:43] INFO __main__ expiry_check 294: Expire_Channel - Channel Expired And Removed From Watchlist - exraid-egg-test
[13/11/2017 07:43] INFO __main__ expire_channel 305: Expire_Channel - exraid-egg-test
[13/11/2017 07:43] INFO __main__ expire_channel 323: Expire_Channel - Channel Expired - exraid-egg-test
[13/11/2017 07:43] INFO __main__ <module> 54: Serverdict Loaded Successfully
[13/11/2017 07:43] INFO __main__ _print 568: Starting up...
[13/11/2017 07:43] INFO __main__ _print 568: Meowth! That's right!

1 servers connected.
13 members found.
[13/11/2017 07:43] INFO __main__ maint_start 574: Maintenance Tasks Started
[13/11/2017 07:43] INFO __main__ server_cleanup 532: Server_Cleanup ------ BEGIN ------
[13/11/2017 07:43] INFO __main__ server_cleanup 554: Server_Cleanup - SAVING CHANGES
[13/11/2017 07:43] INFO __main__ server_cleanup 559: Server_Cleanup ------ END ------
[13/11/2017 07:43] INFO __main__ channel_cleanup 382: Channel_Cleanup ------ BEGIN ------
[13/11/2017 07:43] INFO __main__ channel_cleanup 388: Channel_Cleanup - Server: TEST WV Pokemon Go - BEGIN CHECKING SERVER
[13/11/2017 07:43] INFO __main__ channel_cleanup 398: Channel_Cleanup - Server: TEST WV Pokemon Go: Channel:entei-test - CHECKING
[13/11/2017 07:43] INFO __main__ channel_cleanup 408: Channel_Cleanup - Server: TEST WV Pokemon Go: Channel:entei-test - EXISTS IN DISCORD
[13/11/2017 07:43] INFO __main__ channel_cleanup 441: Channel_Cleanup - Server: TEST WV Pokemon Go: Channel:entei-test - = RECENTLY EXPIRED NONACTIVE RAID
[13/11/2017 07:43] INFO __main__ channel_cleanup 398: Channel_Cleanup - Server: TEST WV Pokemon Go: Channel:exraid-egg-test - CHECKING
[13/11/2017 07:43] INFO __main__ channel_cleanup 408: Channel_Cleanup - Server: TEST WV Pokemon Go: Channel:exraid-egg-test - EXISTS IN DISCORD
[13/11/2017 07:43] INFO __main__ channel_cleanup 441: Channel_Cleanup - Server: TEST WV Pokemon Go: Channel:exraid-egg-test - = RECENTLY EXPIRED NONACTIVE RAID
[13/11/2017 07:43] INFO __main__ channel_cleanup 519: Channel_Cleanup - SAVING CHANGES
[13/11/2017 07:43] INFO __main__ channel_cleanup 524: Channel_Cleanup ------ END ------
[13/11/2017 07:43] INFO __main__ expire_channel 305: Expire_Channel - entei-test
[13/11/2017 07:43] INFO __main__ expire_channel 323: Expire_Channel - Channel Expired - entei-test
[13/11/2017 07:43] INFO __main__ expire_channel 305: Expire_Channel - exraid-egg-test
[13/11/2017 07:43] INFO __main__ expire_channel 323: Expire_Channel - Channel Expired - exraid-egg-test
[13/11/2017 07:44] INFO __main__ expiry_check 268: Expiry_Check - exraid-egg-test
[13/11/2017 07:44] INFO __main__ expiry_check 273: Expire_Channel - Channel Added To Watchlist - exraid-egg-test
[13/11/2017 07:44] INFO __main__ expiry_check 294: Expire_Channel - Channel Expired And Removed From Watchlist - exraid-egg-test
[13/11/2017 07:44] INFO __main__ expire_channel 305: Expire_Channel - exraid-egg-test
[13/11/2017 07:44] INFO __main__ expire_channel 323: Expire_Channel - Channel Expired - exraid-egg-test
[13/11/2017 07:44] INFO __main__ expiry_check 268: Expiry_Check - exraid-egg-test
[13/11/2017 07:44] INFO __main__ expiry_check 273: Expire_Channel - Channel Added To Watchlist - exraid-egg-test
[13/11/2017 07:45] INFO __main__ expiry_check 294: Expire_Channel - Channel Expired And Removed From Watchlist - exraid-egg-test
[13/11/2017 07:45] INFO __main__ expire_channel 305: Expire_Channel - exraid-egg-test
[13/11/2017 07:45] INFO __main__ expire_channel 323: Expire_Channel - Channel Expired - exraid-egg-test
[13/11/2017 07:46] INFO __main__ expire_channel 373: Expire_Channel - Channel Deleted - entei-test
[13/11/2017 07:46] INFO __main__ expiry_check 268: Expiry_Check - exraid-egg-test
[13/11/2017 07:46] INFO __main__ expiry_check 273: Expire_Channel - Channel Added To Watchlist - exraid-egg-test
[13/11/2017 07:46] INFO __main__ expiry_check 294: Expire_Channel - Channel Expired And Removed From Watchlist - exraid-egg-test
[13/11/2017 07:46] INFO __main__ expire_channel 305: Expire_Channel - exraid-egg-test
[13/11/2017 07:46] INFO __main__ expire_channel 323: Expire_Channel - Channel Expired - exraid-egg-test
[13/11/2017 07:48] INFO __main__ <module> 54: Serverdict Loaded Successfully
[13/11/2017 07:49] INFO __main__ _print 568: Starting up...
[13/11/2017 07:49] INFO __main__ _print 568: Meowth! That's right!

1 servers connected.
13 members found.
[13/11/2017 07:49] INFO __main__ maint_start 574: Maintenance Tasks Started
[13/11/2017 07:49] INFO __main__ server_cleanup 532: Server_Cleanup ------ BEGIN ------
[13/11/2017 07:49] INFO __main__ server_cleanup 554: Server_Cleanup - SAVING CHANGES
[13/11/2017 07:49] INFO __main__ server_cleanup 559: Server_Cleanup ------ END ------
[13/11/2017 07:49] INFO __main__ channel_cleanup 382: Channel_Cleanup ------ BEGIN ------
[13/11/2017 07:49] INFO __main__ channel_cleanup 388: Channel_Cleanup - Server: TEST WV Pokemon Go - BEGIN CHECKING SERVER
[13/11/2017 07:49] INFO __main__ channel_cleanup 398: Channel_Cleanup - Server: TEST WV Pokemon Go: Channel:exraid-egg-test - CHECKING
[13/11/2017 07:49] INFO __main__ channel_cleanup 408: Channel_Cleanup - Server: TEST WV Pokemon Go: Channel:exraid-egg-test - EXISTS IN DISCORD
[13/11/2017 07:49] INFO __main__ channel_cleanup 441: Channel_Cleanup - Server: TEST WV Pokemon Go: Channel:exraid-egg-test - = RECENTLY EXPIRED NONACTIVE RAID
[13/11/2017 07:49] INFO __main__ channel_cleanup 519: Channel_Cleanup - SAVING CHANGES
[13/11/2017 07:49] INFO __main__ channel_cleanup 524: Channel_Cleanup ------ END ------
[13/11/2017 07:49] INFO __main__ expire_channel 305: Expire_Channel - exraid-egg-test
[13/11/2017 07:49] INFO __main__ expire_channel 323: Expire_Channel - Channel Expired - exraid-egg-test
[13/11/2017 07:49] INFO __main__ expiry_check 268: Expiry_Check - exraid-egg-test
[13/11/2017 07:49] INFO __main__ expiry_check 273: Expire_Channel - Channel Added To Watchlist - exraid-egg-test
[13/11/2017 07:49] INFO __main__ expiry_check 268: Expiry_Check - entei-test
[13/11/2017 07:49] INFO __main__ expiry_check 273: Expire_Channel - Channel Added To Watchlist - entei-test
[13/11/2017 07:49] INFO __main__ expiry_check 268: Expiry_Check - entei-test
[13/11/2017 07:50] INFO __main__ expiry_check 268: Expiry_Check - entei-test
[13/11/2017 07:50] INFO __main__ expiry_check 268: Expiry_Check - entei-test
[13/11/2017 07:50] INFO __main__ expiry_check 268: Expiry_Check - entei-test
[13/11/2017 07:51] INFO __main__ expiry_check 294: Expire_Channel - Channel Expired And Removed From Watchlist - exraid-egg-test
[13/11/2017 07:51] INFO __main__ expire_channel 305: Expire_Channel - exraid-egg-test
[13/11/2017 07:51] INFO __main__ expire_channel 323: Expire_Channel - Channel Expired - exraid-egg-test
[13/11/2017 07:54] ERROR errors on_command_error 195: CommandInvokeError
Traceback (most recent call last):
  File "C:\Users\Brenen\AppData\Local\Programs\Python\Python36-32\lib\site-packages\discord\ext\commands\core.py", line 50, in wrapped
    ret = yield from coro(*args, **kwargs)
  File "meowth\__main__.py", line 1891, in exraid
  File "meowth\__main__.py", line 1902, in _exraid
    return
  File "meowth\__main__.py", line 2245, in _eggtoraid
    'pokemon' : entered_raid,
UnboundLocalError: local variable 'hatchtype' referenced before assignment

The above exception was the direct cause of the following exception:

Traceback (most recent call last):
  File "C:\Users\Brenen\AppData\Local\Programs\Python\Python36-32\lib\site-packages\discord\ext\commands\bot.py", line 846, in process_commands
    yield from command.invoke(ctx)
  File "C:\Users\Brenen\AppData\Local\Programs\Python\Python36-32\lib\site-packages\discord\ext\commands\core.py", line 374, in invoke
    yield from injected(*ctx.args, **ctx.kwargs)
  File "C:\Users\Brenen\AppData\Local\Programs\Python\Python36-32\lib\site-packages\discord\ext\commands\core.py", line 54, in wrapped
    raise CommandInvokeError(e) from e
discord.ext.commands.errors.CommandInvokeError: Command raised an exception: UnboundLocalError: local variable 'hatchtype' referenced before assignment
[13/11/2017 07:56] INFO __main__ <module> 54: Serverdict Loaded Successfully
[13/11/2017 07:56] INFO __main__ _print 568: Starting up...
[13/11/2017 07:56] INFO __main__ _print 568: Meowth! That's right!

1 servers connected.
13 members found.
[13/11/2017 07:56] INFO __main__ maint_start 574: Maintenance Tasks Started
[13/11/2017 07:56] INFO __main__ server_cleanup 532: Server_Cleanup ------ BEGIN ------
[13/11/2017 07:56] INFO __main__ server_cleanup 554: Server_Cleanup - SAVING CHANGES
[13/11/2017 07:56] INFO __main__ server_cleanup 559: Server_Cleanup ------ END ------
[13/11/2017 07:56] INFO __main__ channel_cleanup 382: Channel_Cleanup ------ BEGIN ------
[13/11/2017 07:56] INFO __main__ channel_cleanup 388: Channel_Cleanup - Server: TEST WV Pokemon Go - BEGIN CHECKING SERVER
[13/11/2017 07:56] INFO __main__ channel_cleanup 398: Channel_Cleanup - Server: TEST WV Pokemon Go: Channel:exraid-egg-test - CHECKING
[13/11/2017 07:56] INFO __main__ channel_cleanup 408: Channel_Cleanup - Server: TEST WV Pokemon Go: Channel:exraid-egg-test - EXISTS IN DISCORD
[13/11/2017 07:56] INFO __main__ channel_cleanup 441: Channel_Cleanup - Server: TEST WV Pokemon Go: Channel:exraid-egg-test - = RECENTLY EXPIRED NONACTIVE RAID
[13/11/2017 07:56] INFO __main__ channel_cleanup 398: Channel_Cleanup - Server: TEST WV Pokemon Go: Channel:entei-test - CHECKING
[13/11/2017 07:56] INFO __main__ channel_cleanup 408: Channel_Cleanup - Server: TEST WV Pokemon Go: Channel:entei-test - EXISTS IN DISCORD
[13/11/2017 07:56] INFO __main__ channel_cleanup 488: Channel_Cleanup - Server: TEST WV Pokemon Go: Channel:entei-test - MISSING FROM EXPIRY CHECK
[13/11/2017 07:56] INFO __main__ channel_cleanup 519: Channel_Cleanup - SAVING CHANGES
[13/11/2017 07:56] INFO __main__ channel_cleanup 524: Channel_Cleanup ------ END ------
[13/11/2017 07:56] INFO __main__ expire_channel 305: Expire_Channel - exraid-egg-test
[13/11/2017 07:56] INFO __main__ expire_channel 323: Expire_Channel - Channel Expired - exraid-egg-test
[13/11/2017 07:56] INFO __main__ expiry_check 268: Expiry_Check - entei-test
[13/11/2017 07:56] INFO __main__ expiry_check 273: Expire_Channel - Channel Added To Watchlist - entei-test
[13/11/2017 07:56] INFO __main__ expiry_check 268: Expiry_Check - exraid-egg-test
[13/11/2017 07:56] INFO __main__ expiry_check 273: Expire_Channel - Channel Added To Watchlist - exraid-egg-test
[13/11/2017 07:59] INFO __main__ <module> 54: Serverdict Loaded Successfully
[13/11/2017 07:59] INFO __main__ _print 568: Starting up...
[13/11/2017 07:59] INFO __main__ _print 568: Meowth! That's right!

1 servers connected.
13 members found.
[13/11/2017 07:59] INFO __main__ maint_start 574: Maintenance Tasks Started
[13/11/2017 07:59] INFO __main__ server_cleanup 532: Server_Cleanup ------ BEGIN ------
[13/11/2017 07:59] INFO __main__ server_cleanup 554: Server_Cleanup - SAVING CHANGES
[13/11/2017 07:59] INFO __main__ server_cleanup 559: Server_Cleanup ------ END ------
[13/11/2017 07:59] INFO __main__ channel_cleanup 382: Channel_Cleanup ------ BEGIN ------
[13/11/2017 07:59] INFO __main__ channel_cleanup 388: Channel_Cleanup - Server: TEST WV Pokemon Go - BEGIN CHECKING SERVER
[13/11/2017 07:59] INFO __main__ channel_cleanup 398: Channel_Cleanup - Server: TEST WV Pokemon Go: Channel:exraid-egg-test - CHECKING
[13/11/2017 07:59] INFO __main__ channel_cleanup 408: Channel_Cleanup - Server: TEST WV Pokemon Go: Channel:exraid-egg-test - EXISTS IN DISCORD
[13/11/2017 07:59] INFO __main__ channel_cleanup 441: Channel_Cleanup - Server: TEST WV Pokemon Go: Channel:exraid-egg-test - = RECENTLY EXPIRED NONACTIVE RAID
[13/11/2017 07:59] INFO __main__ channel_cleanup 398: Channel_Cleanup - Server: TEST WV Pokemon Go: Channel:entei-test - CHECKING
[13/11/2017 07:59] INFO __main__ channel_cleanup 408: Channel_Cleanup - Server: TEST WV Pokemon Go: Channel:entei-test - EXISTS IN DISCORD
[13/11/2017 07:59] INFO __main__ channel_cleanup 488: Channel_Cleanup - Server: TEST WV Pokemon Go: Channel:entei-test - MISSING FROM EXPIRY CHECK
[13/11/2017 07:59] INFO __main__ channel_cleanup 398: Channel_Cleanup - Server: TEST WV Pokemon Go: Channel:exraid-egg-test - CHECKING
[13/11/2017 07:59] INFO __main__ channel_cleanup 408: Channel_Cleanup - Server: TEST WV Pokemon Go: Channel:exraid-egg-test - EXISTS IN DISCORD
[13/11/2017 07:59] INFO __main__ channel_cleanup 456: Channel_Cleanup - Server: TEST WV Pokemon Go: Channel:exraid-egg-test - EXRAID - CONVERTED TO EXPIRY None
[13/11/2017 07:59] INFO __main__ channel_cleanup 460: Channel_Cleanup - Server: TEST WV Pokemon Go: Channel:exraid-egg-test - EXRAID
[13/11/2017 07:59] INFO __main__ channel_cleanup 519: Channel_Cleanup - SAVING CHANGES
[13/11/2017 07:59] INFO __main__ channel_cleanup 524: Channel_Cleanup ------ END ------
[13/11/2017 07:59] INFO __main__ expire_channel 305: Expire_Channel - exraid-egg-test
[13/11/2017 07:59] INFO __main__ expire_channel 323: Expire_Channel - Channel Expired - exraid-egg-test
[13/11/2017 07:59] INFO __main__ expiry_check 268: Expiry_Check - entei-test
[13/11/2017 07:59] INFO __main__ expiry_check 273: Expire_Channel - Channel Added To Watchlist - entei-test
[13/11/2017 08:00] INFO __main__ expiry_check 268: Expiry_Check - exraid-egg-test
[13/11/2017 08:00] INFO __main__ expiry_check 273: Expire_Channel - Channel Added To Watchlist - exraid-egg-test
[13/11/2017 08:00] INFO __main__ expiry_check 294: Expire_Channel - Channel Expired And Removed From Watchlist - entei-test
[13/11/2017 08:00] INFO __main__ expire_channel 305: Expire_Channel - entei-test
[13/11/2017 08:00] INFO __main__ expire_channel 323: Expire_Channel - Channel Expired - entei-test
[13/11/2017 08:00] INFO __main__ expiry_check 268: Expiry_Check - exraid-egg-test
[13/11/2017 08:01] INFO __main__ expiry_check 294: Expire_Channel - Channel Expired And Removed From Watchlist - exraid-egg-test
[13/11/2017 08:01] INFO __main__ expire_channel 305: Expire_Channel - exraid-egg-test
[13/11/2017 08:01] INFO __main__ expire_channel 323: Expire_Channel - Channel Expired - exraid-egg-test
[13/11/2017 08:05] INFO __main__ expire_channel 373: Expire_Channel - Channel Deleted - entei-test
[13/11/2017 08:05] INFO __main__ <module> 54: Serverdict Loaded Successfully
[13/11/2017 08:05] INFO __main__ _print 568: Starting up...
[13/11/2017 08:05] INFO __main__ _print 568: Meowth! That's right!

1 servers connected.
13 members found.
[13/11/2017 08:05] INFO __main__ maint_start 574: Maintenance Tasks Started
[13/11/2017 08:05] INFO __main__ server_cleanup 532: Server_Cleanup ------ BEGIN ------
[13/11/2017 08:05] INFO __main__ server_cleanup 554: Server_Cleanup - SAVING CHANGES
[13/11/2017 08:05] INFO __main__ server_cleanup 559: Server_Cleanup ------ END ------
[13/11/2017 08:05] INFO __main__ channel_cleanup 382: Channel_Cleanup ------ BEGIN ------
[13/11/2017 08:05] INFO __main__ channel_cleanup 388: Channel_Cleanup - Server: TEST WV Pokemon Go - BEGIN CHECKING SERVER
[13/11/2017 08:05] INFO __main__ channel_cleanup 398: Channel_Cleanup - Server: TEST WV Pokemon Go: Channel:exraid-egg-test - CHECKING
[13/11/2017 08:05] INFO __main__ channel_cleanup 408: Channel_Cleanup - Server: TEST WV Pokemon Go: Channel:exraid-egg-test - EXISTS IN DISCORD
[13/11/2017 08:05] INFO __main__ channel_cleanup 441: Channel_Cleanup - Server: TEST WV Pokemon Go: Channel:exraid-egg-test - = RECENTLY EXPIRED NONACTIVE RAID
[13/11/2017 08:05] INFO __main__ channel_cleanup 398: Channel_Cleanup - Server: TEST WV Pokemon Go: Channel:exraid-egg-test - CHECKING
[13/11/2017 08:05] INFO __main__ channel_cleanup 405: Channel_Cleanup - Server: TEST WV Pokemon Go: Channel:exraid-egg-test - DOESN'T EXIST IN DISCORD
[13/11/2017 08:05] INFO __main__ channel_cleanup 398: Channel_Cleanup - Server: TEST WV Pokemon Go: Channel:exraid-egg-test - CHECKING
[13/11/2017 08:05] INFO __main__ channel_cleanup 408: Channel_Cleanup - Server: TEST WV Pokemon Go: Channel:exraid-egg-test - EXISTS IN DISCORD
[13/11/2017 08:05] INFO __main__ channel_cleanup 456: Channel_Cleanup - Server: TEST WV Pokemon Go: Channel:exraid-egg-test - EXRAID - CONVERTED TO EXPIRY None
[13/11/2017 08:05] INFO __main__ channel_cleanup 460: Channel_Cleanup - Server: TEST WV Pokemon Go: Channel:exraid-egg-test - EXRAID
[13/11/2017 08:05] INFO __main__ channel_cleanup 496: Channel_Cleanup - Channel Savedata Cleared - exraid-egg-test
[13/11/2017 08:05] INFO __main__ channel_cleanup 503: Channel_Cleanup - Channel Deleted - exraid-egg-test
[13/11/2017 08:05] INFO __main__ channel_cleanup 519: Channel_Cleanup - SAVING CHANGES
[13/11/2017 08:05] INFO __main__ channel_cleanup 524: Channel_Cleanup ------ END ------
[13/11/2017 08:05] INFO __main__ expire_channel 305: Expire_Channel - exraid-egg-test
[13/11/2017 08:05] INFO __main__ expire_channel 323: Expire_Channel - Channel Expired - exraid-egg-test
[13/11/2017 08:05] INFO __main__ expiry_check 268: Expiry_Check - exraid-egg-test
[13/11/2017 08:05] INFO __main__ expiry_check 273: Expire_Channel - Channel Added To Watchlist - exraid-egg-test
[13/11/2017 08:06] INFO __main__ expire_channel 373: Expire_Channel - Channel Deleted - exraid-egg-test
[13/11/2017 08:07] CRITICAL __main__ <module> 2898: Fatal exception
Traceback (most recent call last):
  File "C:\Users\Brenen\AppData\Local\Programs\Python\Python36-32\lib\site-packages\aiohttp\connector.py", line 601, in _create_direct_connection
    local_addr=self._local_addr)
  File "C:\Users\Brenen\AppData\Local\Programs\Python\Python36-32\lib\asyncio\base_events.py", line 777, in create_connection
    raise exceptions[0]
  File "C:\Users\Brenen\AppData\Local\Programs\Python\Python36-32\lib\asyncio\base_events.py", line 764, in create_connection
    yield from self.sock_connect(sock, address)
  File "C:\Users\Brenen\AppData\Local\Programs\Python\Python36-32\lib\asyncio\selector_events.py", line 451, in sock_connect
    return (yield from fut)
  File "C:\Users\Brenen\AppData\Local\Programs\Python\Python36-32\lib\asyncio\selector_events.py", line 481, in _sock_connect_cb
    raise OSError(err, 'Connect call failed %s' % (address,))
OSError: [Errno 10065] Connect call failed ('104.16.59.5', 443)

The above exception was the direct cause of the following exception:

Traceback (most recent call last):
  File "C:\Users\Brenen\AppData\Local\Programs\Python\Python36-32\lib\site-packages\aiohttp\connector.py", line 304, in connect
    yield from self._create_connection(req)
  File "C:\Users\Brenen\AppData\Local\Programs\Python\Python36-32\lib\site-packages\aiohttp\connector.py", line 578, in _create_connection
    transport, proto = yield from self._create_direct_connection(req)
  File "C:\Users\Brenen\AppData\Local\Programs\Python\Python36-32\lib\site-packages\aiohttp\connector.py", line 624, in _create_direct_connection
    (req.host, req.port, exc.strerror)) from exc
aiohttp.errors.ClientOSError: [Errno 10065] Can not connect to discordapp.com:443 [Connect call failed ('104.16.59.5', 443)]

The above exception was the direct cause of the following exception:

Traceback (most recent call last):
  File "meowth\__main__.py", line 2888, in <module>
    event_loop.run_until_complete(Meowth.start(config['bot_token']))
  File "C:\Users\Brenen\AppData\Local\Programs\Python\Python36-32\lib\asyncio\base_events.py", line 467, in run_until_complete
    return future.result()
  File "C:\Users\Brenen\AppData\Local\Programs\Python\Python36-32\lib\site-packages\discord\client.py", line 491, in start
    yield from self.connect()
  File "C:\Users\Brenen\AppData\Local\Programs\Python\Python36-32\lib\site-packages\discord\client.py", line 452, in connect
    self.ws = yield from DiscordWebSocket.from_client(self, resume=resume)
  File "C:\Users\Brenen\AppData\Local\Programs\Python\Python36-32\lib\site-packages\discord\gateway.py", line 203, in from_client
    gateway = yield from client.http.get_gateway()
  File "C:\Users\Brenen\AppData\Local\Programs\Python\Python36-32\lib\site-packages\discord\http.py", line 633, in get_gateway
    data = yield from self.request(Route('GET', '/gateway'))
  File "C:\Users\Brenen\AppData\Local\Programs\Python\Python36-32\lib\site-packages\discord\http.py", line 137, in request
    r = yield from self.session.request(method, url, **kwargs)
  File "C:\Users\Brenen\AppData\Local\Programs\Python\Python36-32\lib\site-packages\aiohttp\client.py", line 555, in __iter__
    resp = yield from self._coro
  File "C:\Users\Brenen\AppData\Local\Programs\Python\Python36-32\lib\site-packages\aiohttp\client.py", line 198, in _request
    conn = yield from self._connector.connect(req)
  File "C:\Users\Brenen\AppData\Local\Programs\Python\Python36-32\lib\site-packages\aiohttp\connector.py", line 314, in connect
    .format(key, exc.strerror)) from exc
aiohttp.errors.ClientOSError: [Errno 10065] Cannot connect to host discordapp.com:443 ssl:True [Can not connect to discordapp.com:443 [Connect call failed ('104.16.59.5', 443)]]
[13/11/2017 08:10] INFO __main__ <module> 54: Serverdict Loaded Successfully
[13/11/2017 08:10] INFO __main__ _print 568: Starting up...
[13/11/2017 08:10] INFO __main__ _print 568: Meowth! That's right!

1 servers connected.
13 members found.
[13/11/2017 08:10] INFO __main__ maint_start 574: Maintenance Tasks Started
[13/11/2017 08:10] INFO __main__ server_cleanup 532: Server_Cleanup ------ BEGIN ------
[13/11/2017 08:10] INFO __main__ server_cleanup 554: Server_Cleanup - SAVING CHANGES
[13/11/2017 08:10] INFO __main__ server_cleanup 559: Server_Cleanup ------ END ------
[13/11/2017 08:10] INFO __main__ channel_cleanup 382: Channel_Cleanup ------ BEGIN ------
[13/11/2017 08:10] INFO __main__ channel_cleanup 388: Channel_Cleanup - Server: TEST WV Pokemon Go - BEGIN CHECKING SERVER
[13/11/2017 08:10] INFO __main__ channel_cleanup 398: Channel_Cleanup - Server: TEST WV Pokemon Go: Channel:exraid-egg-test - CHECKING
[13/11/2017 08:10] INFO __main__ channel_cleanup 405: Channel_Cleanup - Server: TEST WV Pokemon Go: Channel:exraid-egg-test - DOESN'T EXIST IN DISCORD
[13/11/2017 08:10] INFO __main__ channel_cleanup 398: Channel_Cleanup - Server: TEST WV Pokemon Go: Channel:exraid-egg-test - CHECKING
[13/11/2017 08:10] INFO __main__ channel_cleanup 405: Channel_Cleanup - Server: TEST WV Pokemon Go: Channel:exraid-egg-test - DOESN'T EXIST IN DISCORD
[13/11/2017 08:10] INFO __main__ channel_cleanup 496: Channel_Cleanup - Channel Savedata Cleared - exraid-egg-test
[13/11/2017 08:10] INFO __main__ channel_cleanup 503: Channel_Cleanup - Channel Deleted - exraid-egg-test
[13/11/2017 08:10] INFO __main__ channel_cleanup 496: Channel_Cleanup - Channel Savedata Cleared - exraid-egg-test
[13/11/2017 08:10] INFO __main__ channel_cleanup 503: Channel_Cleanup - Channel Deleted - exraid-egg-test
[13/11/2017 08:10] INFO __main__ channel_cleanup 519: Channel_Cleanup - SAVING CHANGES
[13/11/2017 08:10] INFO __main__ channel_cleanup 524: Channel_Cleanup ------ END ------
[13/11/2017 08:10] INFO __main__ expiry_check 268: Expiry_Check - exraid-egg-test
[13/11/2017 08:10] INFO __main__ expiry_check 273: Expire_Channel - Channel Added To Watchlist - exraid-egg-test
[13/11/2017 08:11] ERROR errors on_command_error 195: CommandInvokeError
Traceback (most recent call last):
  File "C:\Users\Brenen\AppData\Local\Programs\Python\Python36-32\lib\site-packages\discord\ext\commands\core.py", line 50, in wrapped
    ret = yield from coro(*args, **kwargs)
  File "meowth\__main__.py", line 1890, in exraid
    await _exraid(ctx)
  File "meowth\__main__.py", line 1901, in _exraid
    if raid_split[0] == 'assume':
NameError: name 'raid_split' is not defined

The above exception was the direct cause of the following exception:

Traceback (most recent call last):
  File "C:\Users\Brenen\AppData\Local\Programs\Python\Python36-32\lib\site-packages\discord\ext\commands\bot.py", line 846, in process_commands
    yield from command.invoke(ctx)
  File "C:\Users\Brenen\AppData\Local\Programs\Python\Python36-32\lib\site-packages\discord\ext\commands\core.py", line 374, in invoke
    yield from injected(*ctx.args, **ctx.kwargs)
  File "C:\Users\Brenen\AppData\Local\Programs\Python\Python36-32\lib\site-packages\discord\ext\commands\core.py", line 54, in wrapped
    raise CommandInvokeError(e) from e
discord.ext.commands.errors.CommandInvokeError: Command raised an exception: NameError: name 'raid_split' is not defined
[13/11/2017 08:12] INFO __main__ <module> 54: Serverdict Loaded Successfully
[13/11/2017 08:13] INFO __main__ _print 568: Starting up...
[13/11/2017 08:13] INFO __main__ _print 568: Meowth! That's right!

1 servers connected.
13 members found.
[13/11/2017 08:13] INFO __main__ maint_start 574: Maintenance Tasks Started
[13/11/2017 08:13] INFO __main__ server_cleanup 532: Server_Cleanup ------ BEGIN ------
[13/11/2017 08:13] INFO __main__ server_cleanup 554: Server_Cleanup - SAVING CHANGES
[13/11/2017 08:13] INFO __main__ server_cleanup 559: Server_Cleanup ------ END ------
[13/11/2017 08:13] INFO __main__ channel_cleanup 382: Channel_Cleanup ------ BEGIN ------
[13/11/2017 08:13] INFO __main__ channel_cleanup 388: Channel_Cleanup - Server: TEST WV Pokemon Go - BEGIN CHECKING SERVER
[13/11/2017 08:13] INFO __main__ channel_cleanup 398: Channel_Cleanup - Server: TEST WV Pokemon Go: Channel:exraid-egg-test - CHECKING
[13/11/2017 08:13] INFO __main__ channel_cleanup 408: Channel_Cleanup - Server: TEST WV Pokemon Go: Channel:exraid-egg-test - EXISTS IN DISCORD
[13/11/2017 08:13] INFO __main__ channel_cleanup 488: Channel_Cleanup - Server: TEST WV Pokemon Go: Channel:exraid-egg-test - MISSING FROM EXPIRY CHECK
[13/11/2017 08:13] INFO __main__ channel_cleanup 519: Channel_Cleanup - SAVING CHANGES
[13/11/2017 08:13] INFO __main__ channel_cleanup 524: Channel_Cleanup ------ END ------
[13/11/2017 08:13] INFO __main__ expiry_check 268: Expiry_Check - exraid-egg-test
[13/11/2017 08:13] INFO __main__ expiry_check 273: Expire_Channel - Channel Added To Watchlist - exraid-egg-test
[13/11/2017 08:13] ERROR errors on_command_error 195: CommandInvokeError
Traceback (most recent call last):
  File "C:\Users\Brenen\AppData\Local\Programs\Python\Python36-32\lib\site-packages\discord\ext\commands\core.py", line 50, in wrapped
    ret = yield from coro(*args, **kwargs)
  File "meowth\__main__.py", line 1890, in exraid
    await _exraid(ctx)
  File "meowth\__main__.py", line 1906, in _exraid
    await _eggassume(" ".join(exraid_split), message.channel)
  File "meowth\__main__.py", line 2120, in _eggassume
    if config['allow_assume'][egglevel] == "False":
KeyError: 'EX'

The above exception was the direct cause of the following exception:

Traceback (most recent call last):
  File "C:\Users\Brenen\AppData\Local\Programs\Python\Python36-32\lib\site-packages\discord\ext\commands\bot.py", line 846, in process_commands
    yield from command.invoke(ctx)
  File "C:\Users\Brenen\AppData\Local\Programs\Python\Python36-32\lib\site-packages\discord\ext\commands\core.py", line 374, in invoke
    yield from injected(*ctx.args, **ctx.kwargs)
  File "C:\Users\Brenen\AppData\Local\Programs\Python\Python36-32\lib\site-packages\discord\ext\commands\core.py", line 54, in wrapped
    raise CommandInvokeError(e) from e
discord.ext.commands.errors.CommandInvokeError: Command raised an exception: KeyError: 'EX'
[13/11/2017 08:14] INFO __main__ <module> 54: Serverdict Loaded Successfully
[13/11/2017 08:14] INFO __main__ _print 568: Starting up...
[13/11/2017 08:14] INFO __main__ _print 568: Meowth! That's right!

1 servers connected.
13 members found.
[13/11/2017 08:14] INFO __main__ maint_start 574: Maintenance Tasks Started
[13/11/2017 08:14] INFO __main__ server_cleanup 532: Server_Cleanup ------ BEGIN ------
[13/11/2017 08:14] INFO __main__ server_cleanup 554: Server_Cleanup - SAVING CHANGES
[13/11/2017 08:14] INFO __main__ server_cleanup 559: Server_Cleanup ------ END ------
[13/11/2017 08:14] INFO __main__ channel_cleanup 382: Channel_Cleanup ------ BEGIN ------
[13/11/2017 08:14] INFO __main__ channel_cleanup 388: Channel_Cleanup - Server: TEST WV Pokemon Go - BEGIN CHECKING SERVER
[13/11/2017 08:14] INFO __main__ channel_cleanup 398: Channel_Cleanup - Server: TEST WV Pokemon Go: Channel:exraid-egg-test - CHECKING
[13/11/2017 08:14] INFO __main__ channel_cleanup 408: Channel_Cleanup - Server: TEST WV Pokemon Go: Channel:exraid-egg-test - EXISTS IN DISCORD
[13/11/2017 08:14] INFO __main__ channel_cleanup 488: Channel_Cleanup - Server: TEST WV Pokemon Go: Channel:exraid-egg-test - MISSING FROM EXPIRY CHECK
[13/11/2017 08:14] INFO __main__ channel_cleanup 519: Channel_Cleanup - SAVING CHANGES
[13/11/2017 08:14] INFO __main__ channel_cleanup 524: Channel_Cleanup ------ END ------
[13/11/2017 08:14] INFO __main__ expiry_check 268: Expiry_Check - exraid-egg-test
[13/11/2017 08:14] INFO __main__ expiry_check 273: Expire_Channel - Channel Added To Watchlist - exraid-egg-test
[13/11/2017 08:14] INFO __main__ expiry_check 268: Expiry_Check - exraid-egg-test
[13/11/2017 08:15] INFO __main__ expiry_check 282: Expire_Channel - Egg Auto Hatched - exraid-egg-test
[13/11/2017 08:24] INFO __main__ channel_cleanup 382: Channel_Cleanup ------ BEGIN ------
[13/11/2017 08:24] INFO __main__ channel_cleanup 388: Channel_Cleanup - Server: TEST WV Pokemon Go - BEGIN CHECKING SERVER
[13/11/2017 08:24] INFO __main__ channel_cleanup 398: Channel_Cleanup - Server: TEST WV Pokemon Go: Channel:exraid-egg-test - CHECKING
[13/11/2017 08:24] INFO __main__ channel_cleanup 408: Channel_Cleanup - Server: TEST WV Pokemon Go: Channel:exraid-egg-test - EXISTS IN DISCORD
[13/11/2017 08:24] INFO __main__ channel_cleanup 456: Channel_Cleanup - Server: TEST WV Pokemon Go: Channel:exraid-egg-test - EXRAID - CONVERTED TO EXPIRY None
[13/11/2017 08:24] INFO __main__ channel_cleanup 460: Channel_Cleanup - Server: TEST WV Pokemon Go: Channel:exraid-egg-test - EXRAID
[13/11/2017 08:24] INFO __main__ channel_cleanup 519: Channel_Cleanup - SAVING CHANGES
[13/11/2017 08:24] INFO __main__ channel_cleanup 524: Channel_Cleanup ------ END ------
[13/11/2017 08:34] INFO __main__ channel_cleanup 382: Channel_Cleanup ------ BEGIN ------
[13/11/2017 08:34] INFO __main__ channel_cleanup 388: Channel_Cleanup - Server: TEST WV Pokemon Go - BEGIN CHECKING SERVER
[13/11/2017 08:34] INFO __main__ channel_cleanup 398: Channel_Cleanup - Server: TEST WV Pokemon Go: Channel:exraid-egg-test - CHECKING
[13/11/2017 08:34] INFO __main__ channel_cleanup 408: Channel_Cleanup - Server: TEST WV Pokemon Go: Channel:exraid-egg-test - EXISTS IN DISCORD
[13/11/2017 08:34] INFO __main__ channel_cleanup 460: Channel_Cleanup - Server: TEST WV Pokemon Go: Channel:exraid-egg-test - EXRAID
[13/11/2017 08:34] INFO __main__ channel_cleanup 519: Channel_Cleanup - SAVING CHANGES
[13/11/2017 08:34] INFO __main__ channel_cleanup 524: Channel_Cleanup ------ END ------
[13/11/2017 08:44] INFO __main__ server_cleanup 532: Server_Cleanup ------ BEGIN ------
[13/11/2017 08:44] INFO __main__ server_cleanup 554: Server_Cleanup - SAVING CHANGES
[13/11/2017 08:44] INFO __main__ server_cleanup 559: Server_Cleanup ------ END ------
[13/11/2017 08:44] INFO __main__ channel_cleanup 382: Channel_Cleanup ------ BEGIN ------
[13/11/2017 08:44] INFO __main__ channel_cleanup 388: Channel_Cleanup - Server: TEST WV Pokemon Go - BEGIN CHECKING SERVER
[13/11/2017 08:44] INFO __main__ channel_cleanup 398: Channel_Cleanup - Server: TEST WV Pokemon Go: Channel:exraid-egg-test - CHECKING
[13/11/2017 08:44] INFO __main__ channel_cleanup 408: Channel_Cleanup - Server: TEST WV Pokemon Go: Channel:exraid-egg-test - EXISTS IN DISCORD
[13/11/2017 08:44] INFO __main__ channel_cleanup 460: Channel_Cleanup - Server: TEST WV Pokemon Go: Channel:exraid-egg-test - EXRAID
[13/11/2017 08:44] INFO __main__ channel_cleanup 519: Channel_Cleanup - SAVING CHANGES
[13/11/2017 08:44] INFO __main__ channel_cleanup 524: Channel_Cleanup ------ END ------
[13/11/2017 10:02] INFO __main__ channel_cleanup 382: Channel_Cleanup ------ BEGIN ------
[13/11/2017 10:02] INFO __main__ channel_cleanup 388: Channel_Cleanup - Server: TEST WV Pokemon Go - BEGIN CHECKING SERVER
[13/11/2017 10:02] INFO __main__ channel_cleanup 398: Channel_Cleanup - Server: TEST WV Pokemon Go: Channel:exraid-egg-test - CHECKING
[13/11/2017 10:02] INFO __main__ channel_cleanup 408: Channel_Cleanup - Server: TEST WV Pokemon Go: Channel:exraid-egg-test - EXISTS IN DISCORD
[13/11/2017 10:02] INFO __main__ channel_cleanup 460: Channel_Cleanup - Server: TEST WV Pokemon Go: Channel:exraid-egg-test - EXRAID
[13/11/2017 10:02] INFO __main__ channel_cleanup 519: Channel_Cleanup - SAVING CHANGES
[13/11/2017 10:02] INFO __main__ channel_cleanup 524: Channel_Cleanup ------ END ------
[13/11/2017 10:02] INFO __main__ server_cleanup 532: Server_Cleanup ------ BEGIN ------
[13/11/2017 10:02] INFO __main__ server_cleanup 554: Server_Cleanup - SAVING CHANGES
[13/11/2017 10:02] INFO __main__ server_cleanup 559: Server_Cleanup ------ END ------
[13/11/2017 10:02] CRITICAL __main__ <module> 2899: Fatal exception
Traceback (most recent call last):
  File "C:\Users\Brenen\AppData\Local\Programs\Python\Python36-32\lib\site-packages\aiohttp\connector.py", line 601, in _create_direct_connection
    local_addr=self._local_addr)
  File "C:\Users\Brenen\AppData\Local\Programs\Python\Python36-32\lib\asyncio\base_events.py", line 777, in create_connection
    raise exceptions[0]
  File "C:\Users\Brenen\AppData\Local\Programs\Python\Python36-32\lib\asyncio\base_events.py", line 764, in create_connection
    yield from self.sock_connect(sock, address)
  File "C:\Users\Brenen\AppData\Local\Programs\Python\Python36-32\lib\asyncio\selector_events.py", line 451, in sock_connect
    return (yield from fut)
  File "C:\Users\Brenen\AppData\Local\Programs\Python\Python36-32\lib\asyncio\selector_events.py", line 481, in _sock_connect_cb
    raise OSError(err, 'Connect call failed %s' % (address,))
OSError: [Errno 10051] Connect call failed ('104.16.58.5', 443)

The above exception was the direct cause of the following exception:

Traceback (most recent call last):
  File "C:\Users\Brenen\AppData\Local\Programs\Python\Python36-32\lib\site-packages\aiohttp\connector.py", line 304, in connect
    yield from self._create_connection(req)
  File "C:\Users\Brenen\AppData\Local\Programs\Python\Python36-32\lib\site-packages\aiohttp\connector.py", line 578, in _create_connection
    transport, proto = yield from self._create_direct_connection(req)
  File "C:\Users\Brenen\AppData\Local\Programs\Python\Python36-32\lib\site-packages\aiohttp\connector.py", line 624, in _create_direct_connection
    (req.host, req.port, exc.strerror)) from exc
aiohttp.errors.ClientOSError: [Errno 10051] Can not connect to discordapp.com:443 [Connect call failed ('104.16.58.5', 443)]

The above exception was the direct cause of the following exception:

Traceback (most recent call last):
  File "meowth\__main__.py", line 2889, in <module>
    event_loop.run_until_complete(Meowth.start(config['bot_token']))
  File "C:\Users\Brenen\AppData\Local\Programs\Python\Python36-32\lib\asyncio\base_events.py", line 467, in run_until_complete
    return future.result()
  File "C:\Users\Brenen\AppData\Local\Programs\Python\Python36-32\lib\site-packages\discord\client.py", line 491, in start
    yield from self.connect()
  File "C:\Users\Brenen\AppData\Local\Programs\Python\Python36-32\lib\site-packages\discord\client.py", line 452, in connect
    self.ws = yield from DiscordWebSocket.from_client(self, resume=resume)
  File "C:\Users\Brenen\AppData\Local\Programs\Python\Python36-32\lib\site-packages\discord\gateway.py", line 203, in from_client
    gateway = yield from client.http.get_gateway()
  File "C:\Users\Brenen\AppData\Local\Programs\Python\Python36-32\lib\site-packages\discord\http.py", line 633, in get_gateway
    data = yield from self.request(Route('GET', '/gateway'))
  File "C:\Users\Brenen\AppData\Local\Programs\Python\Python36-32\lib\site-packages\discord\http.py", line 137, in request
    r = yield from self.session.request(method, url, **kwargs)
  File "C:\Users\Brenen\AppData\Local\Programs\Python\Python36-32\lib\site-packages\aiohttp\client.py", line 555, in __iter__
    resp = yield from self._coro
  File "C:\Users\Brenen\AppData\Local\Programs\Python\Python36-32\lib\site-packages\aiohttp\client.py", line 198, in _request
    conn = yield from self._connector.connect(req)
  File "C:\Users\Brenen\AppData\Local\Programs\Python\Python36-32\lib\site-packages\aiohttp\connector.py", line 314, in connect
    .format(key, exc.strerror)) from exc
aiohttp.errors.ClientOSError: [Errno 10051] Cannot connect to host discordapp.com:443 ssl:True [Can not connect to discordapp.com:443 [Connect call failed ('104.16.58.5', 443)]]
[13/11/2017 10:14] INFO __main__ <module> 54: Serverdict Loaded Successfully
[13/11/2017 10:14] INFO __main__ _print 568: Starting up...
[13/11/2017 10:14] INFO __main__ _print 568: Meowth! That's right!

1 servers connected.
13 members found.
[13/11/2017 10:14] INFO __main__ maint_start 574: Maintenance Tasks Started
[13/11/2017 10:14] INFO __main__ server_cleanup 532: Server_Cleanup ------ BEGIN ------
[13/11/2017 10:14] INFO __main__ server_cleanup 554: Server_Cleanup - SAVING CHANGES
[13/11/2017 10:14] INFO __main__ server_cleanup 559: Server_Cleanup ------ END ------
[13/11/2017 10:14] INFO __main__ channel_cleanup 382: Channel_Cleanup ------ BEGIN ------
[13/11/2017 10:14] INFO __main__ channel_cleanup 388: Channel_Cleanup - Server: TEST WV Pokemon Go - BEGIN CHECKING SERVER
[13/11/2017 10:14] INFO __main__ channel_cleanup 398: Channel_Cleanup - Server: TEST WV Pokemon Go: Channel:exraid-egg-test - CHECKING
[13/11/2017 10:14] INFO __main__ channel_cleanup 408: Channel_Cleanup - Server: TEST WV Pokemon Go: Channel:exraid-egg-test - EXISTS IN DISCORD
[13/11/2017 10:14] INFO __main__ channel_cleanup 460: Channel_Cleanup - Server: TEST WV Pokemon Go: Channel:exraid-egg-test - EXRAID
[13/11/2017 10:14] INFO __main__ channel_cleanup 519: Channel_Cleanup - SAVING CHANGES
[13/11/2017 10:14] INFO __main__ channel_cleanup 524: Channel_Cleanup ------ END ------
[13/11/2017 10:14] ERROR errors on_command_error 195: CommandInvokeError
Traceback (most recent call last):
  File "C:\Users\Brenen\AppData\Local\Programs\Python\Python36-32\lib\site-packages\discord\ext\commands\core.py", line 50, in wrapped
    ret = yield from coro(*args, **kwargs)
  File "meowth\__main__.py", line 1751, in timer
    timerstr = await print_raid_timer(ctx.message.channel)
  File "meowth\__main__.py", line 1631, in print_raid_timer
    localexpiresecs = server_dict[channel.server]['raidchannel_dict'][channel]['exp'] + 3600 * server_dict[channel.server]['offset']
TypeError: unsupported operand type(s) for +: 'NoneType' and 'float'

The above exception was the direct cause of the following exception:

Traceback (most recent call last):
  File "C:\Users\Brenen\AppData\Local\Programs\Python\Python36-32\lib\site-packages\discord\ext\commands\bot.py", line 846, in process_commands
    yield from command.invoke(ctx)
  File "C:\Users\Brenen\AppData\Local\Programs\Python\Python36-32\lib\site-packages\discord\ext\commands\core.py", line 374, in invoke
    yield from injected(*ctx.args, **ctx.kwargs)
  File "C:\Users\Brenen\AppData\Local\Programs\Python\Python36-32\lib\site-packages\discord\ext\commands\core.py", line 54, in wrapped
    raise CommandInvokeError(e) from e
discord.ext.commands.errors.CommandInvokeError: Command raised an exception: TypeError: unsupported operand type(s) for +: 'NoneType' and 'float'
[13/11/2017 10:14] INFO __main__ expiry_check 268: Expiry_Check - exraid-egg-test
[13/11/2017 10:14] INFO __main__ expiry_check 273: Expire_Channel - Channel Added To Watchlist - exraid-egg-test
[13/11/2017 10:16] CRITICAL __main__ <module> 2899: Fatal exception
Traceback (most recent call last):
  File "C:\Users\Brenen\AppData\Local\Programs\Python\Python36-32\lib\site-packages\aiohttp\connector.py", line 601, in _create_direct_connection
    local_addr=self._local_addr)
  File "C:\Users\Brenen\AppData\Local\Programs\Python\Python36-32\lib\asyncio\base_events.py", line 777, in create_connection
    raise exceptions[0]
  File "C:\Users\Brenen\AppData\Local\Programs\Python\Python36-32\lib\asyncio\base_events.py", line 764, in create_connection
    yield from self.sock_connect(sock, address)
  File "C:\Users\Brenen\AppData\Local\Programs\Python\Python36-32\lib\asyncio\selector_events.py", line 451, in sock_connect
    return (yield from fut)
  File "C:\Users\Brenen\AppData\Local\Programs\Python\Python36-32\lib\asyncio\selector_events.py", line 481, in _sock_connect_cb
    raise OSError(err, 'Connect call failed %s' % (address,))
OSError: [Errno 10065] Connect call failed ('104.16.59.5', 443)

The above exception was the direct cause of the following exception:

Traceback (most recent call last):
  File "C:\Users\Brenen\AppData\Local\Programs\Python\Python36-32\lib\site-packages\aiohttp\connector.py", line 304, in connect
    yield from self._create_connection(req)
  File "C:\Users\Brenen\AppData\Local\Programs\Python\Python36-32\lib\site-packages\aiohttp\connector.py", line 578, in _create_connection
    transport, proto = yield from self._create_direct_connection(req)
  File "C:\Users\Brenen\AppData\Local\Programs\Python\Python36-32\lib\site-packages\aiohttp\connector.py", line 624, in _create_direct_connection
    (req.host, req.port, exc.strerror)) from exc
aiohttp.errors.ClientOSError: [Errno 10065] Can not connect to discordapp.com:443 [Connect call failed ('104.16.59.5', 443)]

The above exception was the direct cause of the following exception:

Traceback (most recent call last):
  File "meowth\__main__.py", line 2889, in <module>
    event_loop.run_until_complete(Meowth.start(config['bot_token']))
  File "C:\Users\Brenen\AppData\Local\Programs\Python\Python36-32\lib\asyncio\base_events.py", line 467, in run_until_complete
    return future.result()
  File "C:\Users\Brenen\AppData\Local\Programs\Python\Python36-32\lib\site-packages\discord\client.py", line 491, in start
    yield from self.connect()
  File "C:\Users\Brenen\AppData\Local\Programs\Python\Python36-32\lib\site-packages\discord\client.py", line 452, in connect
    self.ws = yield from DiscordWebSocket.from_client(self, resume=resume)
  File "C:\Users\Brenen\AppData\Local\Programs\Python\Python36-32\lib\site-packages\discord\gateway.py", line 203, in from_client
    gateway = yield from client.http.get_gateway()
  File "C:\Users\Brenen\AppData\Local\Programs\Python\Python36-32\lib\site-packages\discord\http.py", line 633, in get_gateway
    data = yield from self.request(Route('GET', '/gateway'))
  File "C:\Users\Brenen\AppData\Local\Programs\Python\Python36-32\lib\site-packages\discord\http.py", line 137, in request
    r = yield from self.session.request(method, url, **kwargs)
  File "C:\Users\Brenen\AppData\Local\Programs\Python\Python36-32\lib\site-packages\aiohttp\client.py", line 555, in __iter__
    resp = yield from self._coro
  File "C:\Users\Brenen\AppData\Local\Programs\Python\Python36-32\lib\site-packages\aiohttp\client.py", line 198, in _request
    conn = yield from self._connector.connect(req)
  File "C:\Users\Brenen\AppData\Local\Programs\Python\Python36-32\lib\site-packages\aiohttp\connector.py", line 314, in connect
    .format(key, exc.strerror)) from exc
aiohttp.errors.ClientOSError: [Errno 10065] Cannot connect to host discordapp.com:443 ssl:True [Can not connect to discordapp.com:443 [Connect call failed ('104.16.59.5', 443)]]
[13/11/2017 12:38] INFO __main__ <module> 54: Serverdict Loaded Successfully
[13/11/2017 12:38] INFO __main__ _print 568: Starting up...
[13/11/2017 12:38] INFO __main__ _print 568: Meowth! That's right!

1 servers connected.
13 members found.
[13/11/2017 12:38] INFO __main__ maint_start 574: Maintenance Tasks Started
[13/11/2017 12:38] INFO __main__ server_cleanup 532: Server_Cleanup ------ BEGIN ------
[13/11/2017 12:38] INFO __main__ server_cleanup 554: Server_Cleanup - SAVING CHANGES
[13/11/2017 12:38] INFO __main__ server_cleanup 559: Server_Cleanup ------ END ------
[13/11/2017 12:38] INFO __main__ channel_cleanup 382: Channel_Cleanup ------ BEGIN ------
[13/11/2017 12:38] INFO __main__ channel_cleanup 388: Channel_Cleanup - Server: TEST WV Pokemon Go - BEGIN CHECKING SERVER
[13/11/2017 12:38] INFO __main__ channel_cleanup 398: Channel_Cleanup - Server: TEST WV Pokemon Go: Channel:exraid-egg-test - CHECKING
[13/11/2017 12:38] INFO __main__ channel_cleanup 405: Channel_Cleanup - Server: TEST WV Pokemon Go: Channel:exraid-egg-test - DOESN'T EXIST IN DISCORD
[13/11/2017 12:38] INFO __main__ channel_cleanup 496: Channel_Cleanup - Channel Savedata Cleared - exraid-egg-test
[13/11/2017 12:38] INFO __main__ channel_cleanup 503: Channel_Cleanup - Channel Deleted - exraid-egg-test
[13/11/2017 12:38] INFO __main__ channel_cleanup 519: Channel_Cleanup - SAVING CHANGES
[13/11/2017 12:38] INFO __main__ channel_cleanup 524: Channel_Cleanup ------ END ------
[13/11/2017 12:38] INFO __main__ expiry_check 268: Expiry_Check - exraid-egg-test
[13/11/2017 12:38] INFO __main__ expiry_check 273: Expire_Channel - Channel Added To Watchlist - exraid-egg-test
[13/11/2017 12:39] INFO __main__ expiry_check 268: Expiry_Check - exraid-egg-test
[13/11/2017 12:40] INFO __main__ expiry_check 294: Expire_Channel - Channel Expired And Removed From Watchlist - exraid-egg-test
[13/11/2017 12:40] INFO __main__ expire_channel 305: Expire_Channel - exraid-egg-test
[13/11/2017 12:40] INFO __main__ expire_channel 323: Expire_Channel - Channel Expired - exraid-egg-test
[13/11/2017 12:48] INFO __main__ channel_cleanup 382: Channel_Cleanup ------ BEGIN ------
[13/11/2017 12:48] INFO __main__ channel_cleanup 388: Channel_Cleanup - Server: TEST WV Pokemon Go - BEGIN CHECKING SERVER
[13/11/2017 12:48] INFO __main__ channel_cleanup 398: Channel_Cleanup - Server: TEST WV Pokemon Go: Channel:exraid-egg-test - CHECKING
[13/11/2017 12:48] INFO __main__ channel_cleanup 408: Channel_Cleanup - Server: TEST WV Pokemon Go: Channel:exraid-egg-test - EXISTS IN DISCORD
[13/11/2017 12:48] INFO __main__ channel_cleanup 456: Channel_Cleanup - Server: TEST WV Pokemon Go: Channel:exraid-egg-test - EXRAID - CONVERTED TO EXPIRY None
[13/11/2017 12:48] INFO __main__ channel_cleanup 460: Channel_Cleanup - Server: TEST WV Pokemon Go: Channel:exraid-egg-test - EXRAID
[13/11/2017 12:48] INFO __main__ channel_cleanup 519: Channel_Cleanup - SAVING CHANGES
[13/11/2017 12:48] INFO __main__ channel_cleanup 524: Channel_Cleanup ------ END ------
[13/11/2017 12:50] ERROR errors on_command_error 195: CommandInvokeError
Traceback (most recent call last):
  File "C:\Users\Brenen\AppData\Local\Programs\Python\Python36-32\lib\site-packages\discord\ext\commands\core.py", line 50, in wrapped
    ret = yield from coro(*args, **kwargs)
  File "meowth\__main__.py", line 1751, in timer
    timerstr = await print_raid_timer(ctx.message.channel)
  File "meowth\__main__.py", line 1631, in print_raid_timer
    localexpiresecs = server_dict[channel.server]['raidchannel_dict'][channel]['exp'] + 3600 * server_dict[channel.server]['offset']
TypeError: unsupported operand type(s) for +: 'NoneType' and 'float'

The above exception was the direct cause of the following exception:

Traceback (most recent call last):
  File "C:\Users\Brenen\AppData\Local\Programs\Python\Python36-32\lib\site-packages\discord\ext\commands\bot.py", line 846, in process_commands
    yield from command.invoke(ctx)
  File "C:\Users\Brenen\AppData\Local\Programs\Python\Python36-32\lib\site-packages\discord\ext\commands\core.py", line 374, in invoke
    yield from injected(*ctx.args, **ctx.kwargs)
  File "C:\Users\Brenen\AppData\Local\Programs\Python\Python36-32\lib\site-packages\discord\ext\commands\core.py", line 54, in wrapped
    raise CommandInvokeError(e) from e
discord.ext.commands.errors.CommandInvokeError: Command raised an exception: TypeError: unsupported operand type(s) for +: 'NoneType' and 'float'
[13/11/2017 12:54] INFO __main__ <module> 54: Serverdict Loaded Successfully
[13/11/2017 12:54] INFO __main__ _print 568: Starting up...
[13/11/2017 12:54] INFO __main__ _print 568: Meowth! That's right!

1 servers connected.
13 members found.
[13/11/2017 12:54] INFO __main__ maint_start 574: Maintenance Tasks Started
[13/11/2017 12:54] INFO __main__ server_cleanup 532: Server_Cleanup ------ BEGIN ------
[13/11/2017 12:54] INFO __main__ server_cleanup 554: Server_Cleanup - SAVING CHANGES
[13/11/2017 12:54] INFO __main__ server_cleanup 559: Server_Cleanup ------ END ------
[13/11/2017 12:54] INFO __main__ channel_cleanup 382: Channel_Cleanup ------ BEGIN ------
[13/11/2017 12:54] INFO __main__ channel_cleanup 388: Channel_Cleanup - Server: TEST WV Pokemon Go - BEGIN CHECKING SERVER
[13/11/2017 12:54] INFO __main__ channel_cleanup 398: Channel_Cleanup - Server: TEST WV Pokemon Go: Channel:exraid-egg-test - CHECKING
[13/11/2017 12:54] INFO __main__ channel_cleanup 408: Channel_Cleanup - Server: TEST WV Pokemon Go: Channel:exraid-egg-test - EXISTS IN DISCORD
[13/11/2017 12:54] INFO __main__ channel_cleanup 460: Channel_Cleanup - Server: TEST WV Pokemon Go: Channel:exraid-egg-test - EXRAID
[13/11/2017 12:54] INFO __main__ channel_cleanup 519: Channel_Cleanup - SAVING CHANGES
[13/11/2017 12:54] INFO __main__ channel_cleanup 524: Channel_Cleanup ------ END ------
[13/11/2017 12:54] ERROR errors on_command_error 195: CommandInvokeError
Traceback (most recent call last):
  File "C:\Users\Brenen\AppData\Local\Programs\Python\Python36-32\lib\site-packages\discord\ext\commands\core.py", line 50, in wrapped
    ret = yield from coro(*args, **kwargs)
  File "meowth\__main__.py", line 1752, in timer
    timerstr = await print_raid_timer(ctx.message.channel)
  File "meowth\__main__.py", line 1632, in print_raid_timer
    localexpiresecs = server_dict[channel.server]['raidchannel_dict'][channel]['exp'] + 3600 * server_dict[channel.server]['offset']
TypeError: unsupported operand type(s) for +: 'NoneType' and 'float'

The above exception was the direct cause of the following exception:

Traceback (most recent call last):
  File "C:\Users\Brenen\AppData\Local\Programs\Python\Python36-32\lib\site-packages\discord\ext\commands\bot.py", line 846, in process_commands
    yield from command.invoke(ctx)
  File "C:\Users\Brenen\AppData\Local\Programs\Python\Python36-32\lib\site-packages\discord\ext\commands\core.py", line 374, in invoke
    yield from injected(*ctx.args, **ctx.kwargs)
  File "C:\Users\Brenen\AppData\Local\Programs\Python\Python36-32\lib\site-packages\discord\ext\commands\core.py", line 54, in wrapped
    raise CommandInvokeError(e) from e
discord.ext.commands.errors.CommandInvokeError: Command raised an exception: TypeError: unsupported operand type(s) for +: 'NoneType' and 'float'
[13/11/2017 13:04] INFO __main__ channel_cleanup 382: Channel_Cleanup ------ BEGIN ------
[13/11/2017 13:04] INFO __main__ channel_cleanup 388: Channel_Cleanup - Server: TEST WV Pokemon Go - BEGIN CHECKING SERVER
[13/11/2017 13:04] INFO __main__ channel_cleanup 398: Channel_Cleanup - Server: TEST WV Pokemon Go: Channel:exraid-egg-test - CHECKING
[13/11/2017 13:04] INFO __main__ channel_cleanup 408: Channel_Cleanup - Server: TEST WV Pokemon Go: Channel:exraid-egg-test - EXISTS IN DISCORD
[13/11/2017 13:04] INFO __main__ channel_cleanup 460: Channel_Cleanup - Server: TEST WV Pokemon Go: Channel:exraid-egg-test - EXRAID
[13/11/2017 13:04] INFO __main__ channel_cleanup 519: Channel_Cleanup - SAVING CHANGES
[13/11/2017 13:04] INFO __main__ channel_cleanup 524: Channel_Cleanup ------ END ------
[13/11/2017 13:07] INFO __main__ <module> 54: Serverdict Loaded Successfully
[13/11/2017 13:07] INFO __main__ _print 558: Starting up...
[13/11/2017 13:07] INFO __main__ _print 558: Meowth! That's right!

1 servers connected.
13 members found.
[13/11/2017 13:07] INFO __main__ maint_start 564: Maintenance Tasks Started
[13/11/2017 13:07] INFO __main__ server_cleanup 522: Server_Cleanup ------ BEGIN ------
[13/11/2017 13:07] INFO __main__ server_cleanup 544: Server_Cleanup - SAVING CHANGES
[13/11/2017 13:07] INFO __main__ server_cleanup 549: Server_Cleanup ------ END ------
[13/11/2017 13:07] INFO __main__ channel_cleanup 382: Channel_Cleanup ------ BEGIN ------
[13/11/2017 13:07] INFO __main__ channel_cleanup 388: Channel_Cleanup - Server: TEST WV Pokemon Go - BEGIN CHECKING SERVER
[13/11/2017 13:07] INFO __main__ channel_cleanup 398: Channel_Cleanup - Server: TEST WV Pokemon Go: Channel:exraid-egg-test - CHECKING
[13/11/2017 13:07] INFO __main__ channel_cleanup 405: Channel_Cleanup - Server: TEST WV Pokemon Go: Channel:exraid-egg-test - DOESN'T EXIST IN DISCORD
[13/11/2017 13:07] INFO __main__ channel_cleanup 486: Channel_Cleanup - Channel Savedata Cleared - exraid-egg-test
[13/11/2017 13:07] INFO __main__ channel_cleanup 493: Channel_Cleanup - Channel Deleted - exraid-egg-test
[13/11/2017 13:07] INFO __main__ channel_cleanup 509: Channel_Cleanup - SAVING CHANGES
[13/11/2017 13:07] INFO __main__ channel_cleanup 514: Channel_Cleanup ------ END ------
[13/11/2017 13:08] INFO __main__ expiry_check 268: Expiry_Check - exraid-egg-test
[13/11/2017 13:08] INFO __main__ expiry_check 273: Expire_Channel - Channel Added To Watchlist - exraid-egg-test
